Making check in doc
make[1]: Entering directory '/usr/oppai/xorg-core/libXdmcp-1.1.3/doc'
make[1]: Nothing to be done for 'check'.
make[1]: Leaving directory '/usr/oppai/xorg-core/libXdmcp-1.1.3/doc'
Making check in .
make[1]: Entering directory '/usr/oppai/xorg-core/libXdmcp-1.1.3'
make[1]: Nothing to be done for 'check-am'.
make[1]: Leaving directory '/usr/oppai/xorg-core/libXdmcp-1.1.3'
Making check in test
make[1]: Entering directory '/usr/oppai/xorg-core/libXdmcp-1.1.3/test'
make  Array
make[2]: Entering directory '/usr/oppai/xorg-core/libXdmcp-1.1.3/test'
  CC       Array.o
  CCLD     Array
make[2]: Leaving directory '/usr/oppai/xorg-core/libXdmcp-1.1.3/test'
make  check-TESTS
make[2]: Entering directory '/usr/oppai/xorg-core/libXdmcp-1.1.3/test'
make[3]: Entering directory '/usr/oppai/xorg-core/libXdmcp-1.1.3/test'
PASS: Array
============================================================================
Testsuite summary for libXdmcp 1.1.3
============================================================================
# TOTAL: 1
# PASS:  1
# SKIP:  0
# XFAIL: 0
# FAIL:  0
# XPASS: 0
# ERROR: 0
============================================================================
make[3]: Leaving directory '/usr/oppai/xorg-core/libXdmcp-1.1.3/test'
make[2]: Leaving directory '/usr/oppai/xorg-core/libXdmcp-1.1.3/test'
make[1]: Leaving directory '/usr/oppai/xorg-core/libXdmcp-1.1.3/test'
