Making check in src
make[1]: Entering directory '/usr/oppai/xorg-core/libXvMC-1.0.12/src'
make[1]: Nothing to be done for 'check'.
make[1]: Leaving directory '/usr/oppai/xorg-core/libXvMC-1.0.12/src'
Making check in include
make[1]: Entering directory '/usr/oppai/xorg-core/libXvMC-1.0.12/include'
Making check in X11
make[2]: Entering directory '/usr/oppai/xorg-core/libXvMC-1.0.12/include/X11'
Making check in extensions
make[3]: Entering directory '/usr/oppai/xorg-core/libXvMC-1.0.12/include/X11/extensions'
make[3]: Nothing to be done for 'check'.
make[3]: Leaving directory '/usr/oppai/xorg-core/libXvMC-1.0.12/include/X11/extensions'
make[3]: Entering directory '/usr/oppai/xorg-core/libXvMC-1.0.12/include/X11'
make[3]: Nothing to be done for 'check-am'.
make[3]: Leaving directory '/usr/oppai/xorg-core/libXvMC-1.0.12/include/X11'
make[2]: Leaving directory '/usr/oppai/xorg-core/libXvMC-1.0.12/include/X11'
make[2]: Entering directory '/usr/oppai/xorg-core/libXvMC-1.0.12/include'
make[2]: Nothing to be done for 'check-am'.
make[2]: Leaving directory '/usr/oppai/xorg-core/libXvMC-1.0.12/include'
make[1]: Leaving directory '/usr/oppai/xorg-core/libXvMC-1.0.12/include'
Making check in wrapper
make[1]: Entering directory '/usr/oppai/xorg-core/libXvMC-1.0.12/wrapper'
make[1]: Nothing to be done for 'check'.
make[1]: Leaving directory '/usr/oppai/xorg-core/libXvMC-1.0.12/wrapper'
make[1]: Entering directory '/usr/oppai/xorg-core/libXvMC-1.0.12'
make[1]: Nothing to be done for 'check-am'.
make[1]: Leaving directory '/usr/oppai/xorg-core/libXvMC-1.0.12'
