Making check in src
make[1]: Entering directory '/usr/oppai/base/file-5.41/build/src'
make  check-am
make[2]: Entering directory '/usr/oppai/base/file-5.41/build/src'
make[2]: Nothing to be done for 'check-am'.
make[2]: Leaving directory '/usr/oppai/base/file-5.41/build/src'
make[1]: Leaving directory '/usr/oppai/base/file-5.41/build/src'
Making check in magic
make[1]: Entering directory '/usr/oppai/base/file-5.41/build/magic'
make[1]: Nothing to be done for 'check'.
make[1]: Leaving directory '/usr/oppai/base/file-5.41/build/magic'
Making check in tests
make[1]: Entering directory '/usr/oppai/base/file-5.41/build/tests'
make  test
make[2]: Entering directory '/usr/oppai/base/file-5.41/build/tests'
  CC       test-test.o
  CCLD     test
make[2]: Leaving directory '/usr/oppai/base/file-5.41/build/tests'
make  check-local
make[2]: Entering directory '/usr/oppai/base/file-5.41/build/tests'
MAGIC=../magic/magic ./test
set -e; \
for i in ../../tests/*.testfile; do \
	echo Running test: $i; \
	if [ -f ${i%%.testfile}.magic ]; then \
		m=${i%%.testfile}.magic; \
	else \
		m=../magic/magic; \
	fi; \
	TZ=UTC MAGIC=$m ./test $i ${i%%.testfile}.result; \
done
Running test: ../../tests/CVE-2014-1943.testfile
../../tests/CVE-2014-1943.testfile: Apple Driver Map, blocksize 0
Running test: ../../tests/JW07022A.mp3.testfile
../../tests/JW07022A.mp3.testfile: Audio file with ID3 version 2.2.0, contains: MPEG ADTS, layer III, v1, 96 kbps, 44.1 kHz, Monaural
Running test: ../../tests/android-vdex-1.testfile
../../tests/android-vdex-1.testfile: Android vdex file, verifier deps version: 021, dex section version: 002, number of dex files: 4, verifier deps size: 106328
Running test: ../../tests/android-vdex-2.testfile
../../tests/android-vdex-2.testfile: Android vdex file, being processed by dex2oat, verifier deps version: 019, dex section version: 002, number of dex files: 1, verifier deps size: 1016
Running test: ../../tests/bcachefs.testfile
../../tests/bcachefs.testfile: bcachefs, UUID=46bd306f-80ad-4cd0-af4f-147e7d85f393, label "Label", version 13, min version 13, device 0/UUID=72a60ede-4cb6-4374-aa70-cb38a50af5ef, 1 devices
Running test: ../../tests/cl8m8ocofedso.testfile
../../tests/cl8m8ocofedso.testfile: Audio file with ID3 version 2.4.0, contains: MPEG ADTS, layer III, v1, 192 kbps, 44.1 kHz, JntStereo
Running test: ../../tests/escapevel.testfile
../../tests/escapevel.testfile: Zip data (MIME type "application/vnd.nz.gen.geek_central.ti5x"?)
Running test: ../../tests/ext4.testfile
../../tests/ext4.testfile: Linux rev 1.0 ext4 filesystem data, UUID=d32bbb08-3a76-4510-a064-3045f887dbdf (extents) (64bit) (large files) (huge files)
Running test: ../../tests/fit-map-data.testfile
../../tests/fit-map-data.testfile: FIT Map data, unit id 65536, serial 3879446968, Sat May 31 10:00:34 2014, manufacturer 1 (garmin), product 1632, type 4 (Activity)
Running test: ../../tests/gedcom.testfile
../../tests/gedcom.testfile: GEDCOM genealogy text version 5.5, ASCII text
Running test: ../../tests/hddrawcopytool.testfile
../../tests/hddrawcopytool.testfile: HDD Raw Copy Tool 1.10 - HD model: ST500DM0 02-1BD142 serial: 51D20233A7C0
Running test: ../../tests/issue311docx.testfile
../../tests/issue311docx.testfile: Microsoft Word 2007+
Running test: ../../tests/issue359xlsx.testfile
../../tests/issue359xlsx.testfile: Microsoft Excel 2007+
Running test: ../../tests/json1.testfile
../../tests/json1.testfile: JSON data
Running test: ../../tests/json2.testfile
../../tests/json2.testfile: JSON data
Running test: ../../tests/json3.testfile
../../tests/json3.testfile: JSON data
Running test: ../../tests/matilde.arm.testfile
../../tests/matilde.arm.testfile: Adaptive Multi-Rate Codec (GSM telephony)
Running test: ../../tests/pcjr.testfile
../../tests/pcjr.testfile: PCjr Cartridge image
Running test: ../../tests/pgp-binary-key-v2-phil.testfile
../../tests/pgp-binary-key-v2-phil.testfile: OpenPGP Public Key Version 2, Created Fri May 21 05:20:00 1993, RSA (Encrypt or Sign, 1024 bits); User ID; Signature; OpenPGP Certificate
Running test: ../../tests/pgp-binary-key-v3-lutz.testfile
../../tests/pgp-binary-key-v3-lutz.testfile: OpenPGP Public Key Version 3, Created Mon Mar 17 11:14:30 1997, RSA (Encrypt or Sign, 1127 bits); User ID; Signature; OpenPGP Certificate
Running test: ../../tests/pgp-binary-key-v4-dsa.testfile
../../tests/pgp-binary-key-v4-dsa.testfile: OpenPGP Public Key Version 4, Created Mon Apr  7 22:23:01 1997, DSA (1024 bits); User ID; Signature; OpenPGP Certificate
Running test: ../../tests/pgp-binary-key-v4-ecc-no-userid-secret.testfile
../../tests/pgp-binary-key-v4-ecc-no-userid-secret.testfile: OpenPGP Secret Key Version 4, Created Wed Aug 26 20:52:13 2020, EdDSA; Signature; Secret Subkey; OpenPGP Certificate
Running test: ../../tests/pgp-binary-key-v4-ecc-secret-key.testfile
../../tests/pgp-binary-key-v4-ecc-secret-key.testfile: OpenPGP Secret Key Version 4, Created Sat Aug 22 14:07:46 2020, EdDSA; User ID; Signature; OpenPGP Certificate
Running test: ../../tests/pgp-binary-key-v4-rsa-key.testfile
../../tests/pgp-binary-key-v4-rsa-key.testfile: OpenPGP Secret Key Version 4, Created Sat Aug 22 14:05:57 2020, RSA (Encrypt or Sign, 3072 bits); User ID; Signature; OpenPGP Certificate
Running test: ../../tests/pgp-binary-key-v4-rsa-no-userid-secret.testfile
../../tests/pgp-binary-key-v4-rsa-no-userid-secret.testfile: OpenPGP Secret Key Version 4, Created Sat Aug 22 20:13:52 2020, RSA (Encrypt or Sign, 3072 bits); Signature; Secret Subkey; OpenPGP Certificate
Running test: ../../tests/pgp-binary-key-v4-rsa-secret-key.testfile
../../tests/pgp-binary-key-v4-rsa-secret-key.testfile: OpenPGP Secret Key Version 4, Created Sat Aug 22 14:05:57 2020, RSA (Encrypt or Sign, 3072 bits); User ID; Signature; OpenPGP Certificate
Running test: ../../tests/regex-eol.testfile
../../tests/regex-eol.testfile: Ansible Vault text, version 1.1, using AES256 encryption
Running test: ../../tests/uf2.testfile
../../tests/uf2.testfile: UF2 firmware image, family ESP32-S2, address 00000000, 4829 total blocks
Running test: ../../tests/zstd-v0.2-FF.testfile
../../tests/zstd-v0.2-FF.testfile: Zstandard compressed data (v0.2)
Running test: ../../tests/zstd-v0.3-FF.testfile
../../tests/zstd-v0.3-FF.testfile: Zstandard compressed data (v0.3)
Running test: ../../tests/zstd-v0.4-FF.testfile
../../tests/zstd-v0.4-FF.testfile: Zstandard compressed data (v0.4)
Running test: ../../tests/zstd-v0.5-FF.testfile
../../tests/zstd-v0.5-FF.testfile: Zstandard compressed data (v0.5)
Running test: ../../tests/zstd-v0.6-FF.testfile
../../tests/zstd-v0.6-FF.testfile: Zstandard compressed data (v0.6)
Running test: ../../tests/zstd-v0.7-21.testfile
../../tests/zstd-v0.7-21.testfile: Zstandard compressed data (v0.7), Dictionary ID: 1
Running test: ../../tests/zstd-v0.7-22.testfile
../../tests/zstd-v0.7-22.testfile: Zstandard compressed data (v0.7), Dictionary ID: 513
Running test: ../../tests/zstd-v0.8-01.testfile
../../tests/zstd-v0.8-01.testfile: Zstandard compressed data (v0.8+), Dictionary ID: 2
Running test: ../../tests/zstd-v0.8-02.testfile
../../tests/zstd-v0.8-02.testfile: Zstandard compressed data (v0.8+), Dictionary ID: 770
Running test: ../../tests/zstd-v0.8-03.testfile
../../tests/zstd-v0.8-03.testfile: Zstandard compressed data (v0.8+), Dictionary ID: 84148994
Running test: ../../tests/zstd-v0.8-16.testfile
../../tests/zstd-v0.8-16.testfile: Zstandard compressed data (v0.8+), Dictionary ID: 770
Running test: ../../tests/zstd-v0.8-20.testfile
../../tests/zstd-v0.8-20.testfile: Zstandard compressed data (v0.8+), Dictionary ID: None
Running test: ../../tests/zstd-v0.8-21.testfile
../../tests/zstd-v0.8-21.testfile: Zstandard compressed data (v0.8+), Dictionary ID: 1
Running test: ../../tests/zstd-v0.8-22.testfile
../../tests/zstd-v0.8-22.testfile: Zstandard compressed data (v0.8+), Dictionary ID: 513
Running test: ../../tests/zstd-v0.8-23.testfile
../../tests/zstd-v0.8-23.testfile: Zstandard compressed data (v0.8+), Dictionary ID: 67305985
Running test: ../../tests/zstd-v0.8-F4.testfile
../../tests/zstd-v0.8-F4.testfile: Zstandard compressed data (v0.8+), Dictionary ID: None
Running test: ../../tests/zstd-v0.8-FF.testfile
../../tests/zstd-v0.8-FF.testfile: Zstandard compressed data (v0.8+), Dictionary ID: 67305985
make[2]: Leaving directory '/usr/oppai/base/file-5.41/build/tests'
make[1]: Leaving directory '/usr/oppai/base/file-5.41/build/tests'
Making check in doc
make[1]: Entering directory '/usr/oppai/base/file-5.41/build/doc'
make[1]: Nothing to be done for 'check'.
make[1]: Leaving directory '/usr/oppai/base/file-5.41/build/doc'
Making check in python
make[1]: Entering directory '/usr/oppai/base/file-5.41/build/python'
make[1]: Nothing to be done for 'check'.
make[1]: Leaving directory '/usr/oppai/base/file-5.41/build/python'
make[1]: Entering directory '/usr/oppai/base/file-5.41/build'
make[1]: Nothing to be done for 'check-am'.
make[1]: Leaving directory '/usr/oppai/base/file-5.41/build'
