  GEN      public-submodule-commit
Making check in po
make[1]: Entering directory '/usr/oppai/base/grep-3.7/build/po'
make[1]: Nothing to be done for 'check'.
make[1]: Leaving directory '/usr/oppai/base/grep-3.7/build/po'
Making check in lib
make[1]: Entering directory '/usr/oppai/base/grep-3.7/build/lib'
make  check-am
make[2]: Entering directory '/usr/oppai/base/grep-3.7/build/lib'
make[2]: Nothing to be done for 'check-am'.
make[2]: Leaving directory '/usr/oppai/base/grep-3.7/build/lib'
make[1]: Leaving directory '/usr/oppai/base/grep-3.7/build/lib'
Making check in doc
make[1]: Entering directory '/usr/oppai/base/grep-3.7/build/doc'
make[1]: Nothing to be done for 'check'.
make[1]: Leaving directory '/usr/oppai/base/grep-3.7/build/doc'
Making check in src
make[1]: Entering directory '/usr/oppai/base/grep-3.7/build/src'
make[1]: Nothing to be done for 'check'.
make[1]: Leaving directory '/usr/oppai/base/grep-3.7/build/src'
Making check in tests
make[1]: Entering directory '/usr/oppai/base/grep-3.7/build/tests'
make  get-mb-cur-max
  GEN      check_executable_TESTS
make[2]: Entering directory '/usr/oppai/base/grep-3.7/build/tests'
  CC       get-mb-cur-max.o
  CCLD     get-mb-cur-max
make[2]: Leaving directory '/usr/oppai/base/grep-3.7/build/tests'
make  check-TESTS
make[2]: Entering directory '/usr/oppai/base/grep-3.7/build/tests'
make[3]: Entering directory '/usr/oppai/base/grep-3.7/build/tests'
PASS: backref-word
SKIP: big-hole
SKIP: big-match
PASS: backslash-s-vs-invalid-multibyte
PASS: bogus-wctob
PASS: backref-alt
PASS: backslash-dot
PASS: case-fold-backslash-w
PASS: case-fold-backref
PASS: binary-file-matches
PASS: case-fold-char-range
PASS: count-newline
PASS: context-0
PASS: char-class-multibyte
PASS: char-class-multibyte2
PASS: backref
PASS: case-fold-char-class
PASS: case-fold-char-type
PASS: dfa-coverage
PASS: dfa-heap-overrun
PASS: backslash-s-and-repetition-operators
PASS: dfa-invalid-utf8
PASS: dfa-infloop
PASS: epipe
PASS: empty-line-mb
SKIP: euc-mb
XFAIL: equiv-classes
PASS: dfaexec-multibyte
SKIP: false-match-mb-non-utf8
PASS: encoding-error
PASS: fgrep-longest
SKIP: fmbtest
PASS: file
PASS: fgrep-infloop
PASS: grep-dir
PASS: grep-dev-null
PASS: high-bit-range
PASS: khadafy
PASS: fedora
PASS: backref-multibyte-slow
PASS: inconsistent-range
SKIP: long-line-vs-2GiB-read
PASS: kwset-abuse
PASS: bre
PASS: initial-tab
SKIP: many-regex-performance
SKIP: long-pattern-perf
PASS: invalid-multibyte-infloop
PASS: max-count-vs-context
PASS: match-lines
PASS: mb-dot-newline
SKIP: mb-non-UTF8-performance
PASS: max-count-overread
SKIP: mb-non-UTF8-perf-Fw
SKIP: mb-non-UTF8-word-boundary
SKIP: mb-non-UTF8-overrun
PASS: empty
PASS: include-exclude
PASS: in-eq-out-infloop
PASS: multiple-begin-or-end-line
PASS: empty-line
PASS: options
PASS: pcre
PASS: pcre-context
PASS: pcre-o
PASS: pcre-count
PASS: pcre-invalid-utf8-input
PASS: pcre-utf8
PASS: proc
PASS: pcre-w
PASS: pcre-infloop
PASS: pcre-invalid-utf8-infloop
PASS: posix-bracket
PASS: pcre-wx-backref
PASS: help-version
PASS: r-dot
PASS: pcre-z
PASS: pcre-jitstack
PASS: filename-lineno.pl
PASS: repetition-overflow
PASS: reversed-range-endpoints
PASS: skip-device
SKIP: sjis-mb
PASS: stack-overflow
PASS: status
PASS: surrogate-pair
SKIP: turkish-eyes
PASS: turkish-I
PASS: turkish-I-without-dot
XFAIL: triple-backref
PASS: two-chars
PASS: symlink
PASS: unibyte-binary
PASS: foad1
SKIP: unibyte-bracket-expr
PASS: unibyte-negated-circumflex
PASS: two-files
PASS: pcre-abort
PASS: skip-read
PASS: ere
PASS: warn-char-classes
PASS: word-multi-file
PASS: z-anchor-newline
PASS: word-delim-multibyte
PASS: multibyte-white-space
PASS: write-error-msg
PASS: utf8-bracket
PASS: word-multibyte
PASS: prefix-of-multibyte
PASS: case-fold-titlecase
PASS: yesno
PASS: spencer1
PASS: hash-collision-perf
PASS: null-byte
PASS: spencer1-locale
PASS: c-locale
PASS: grep-dev-null-out
============================================================================
Testsuite summary for GNU grep 3.7
============================================================================
# TOTAL: 117
# PASS:  100
# SKIP:  15
# XFAIL: 2
# FAIL:  0
# XPASS: 0
# ERROR: 0
============================================================================
make[3]: Leaving directory '/usr/oppai/base/grep-3.7/build/tests'
make[2]: Leaving directory '/usr/oppai/base/grep-3.7/build/tests'
make[1]: Leaving directory '/usr/oppai/base/grep-3.7/build/tests'
Making check in gnulib-tests
make[1]: Entering directory '/usr/oppai/base/grep-3.7/build/gnulib-tests'
make  check-recursive
make[2]: Entering directory '/usr/oppai/base/grep-3.7/build/gnulib-tests'
Making check in .
make[3]: Entering directory '/usr/oppai/base/grep-3.7/build/gnulib-tests'
## ---------------------------------------------------------------------- ##
## ---------------------------- Gnulib tests ---------------------------- ##
## Please report test failures in this directory to <bug-gnulib@gnu.org>. ##
## ---------------------------------------------------------------------- ##
make  test-accept test-alignof test-alloca-opt test-argmatch test-arpa_inet test-binary-io test-bind test-bitrotate test-btowc test-c-ctype test-c-stack test-c-strcasecmp test-c-strncasecmp test-calloc-gnu test-chdir test-cloexec test-close test-connect test-ctype test-dfa-match-aux test-dirent test-dup test-dup2 test-dynarray test-environ test-errno test-exclude test-fchdir test-fcntl-h test-fcntl-safer test-fcntl test-fdopen test-fdopendir test-fgetc test-float test-fnmatch-h test-fnmatch test-fopen-gnu test-fopen test-fpending test-fputc test-fread test-free test-fstat test-fstatat test-ftruncate test-fwrite test-getcwd-lgpl test-getdtablesize test-getopt-gnu test-getopt-posix test-getprogname test-gettimeofday test-hard-locale test-hash test-i-ring test-iconv-h test-iconv test-ignore-value test-inet_pton test-intprops test-inttostr test-inttypes test-ioctl test-isatty test-isblank test-iswblank test-iswdigit test-iswxdigit test-langinfo test-limits-h test-listen test-locale test-localeconv test-localename test-lseek test-lstat test-malloc-gnu test-malloca test-mbscasecmp test-mbsinit test-mbsrtowcs test-mbsstr1 test-mbsstr2 test-mbsstr3 test-memchr test-memchr2 test-memrchr test-nanosleep test-netinet_in test-nl_langinfo test-nl_langinfo-mt test-open test-openat-safer test-openat test-pathmax test-perror test-perror2 test-pipe test-pthread test-pthread-thread test-pthread_sigmask1 test-pthread_sigmask2 test-quotearg-simple test-raise test-rawmemchr test-read test-realloc-gnu test-reallocarray test-regex test-sched test-select test-select-fd test-select-stdin test-setenv test-setlocale_null test-setlocale_null-mt-one test-setlocale_null-mt-all test-setlocale1 test-setlocale2 test-setsockopt test-sigaction test-signal-h test-sigprocmask test-sigsegv-catch-segv1 test-sigsegv-catch-segv2 test-sigsegv-catch-stackoverflow1 test-sigsegv-catch-stackoverflow2 test-sleep test-snprintf test-sockets test-stat test-stat-time test-stdalign test-stdbool test-stddef test-stdint test-stdio test-stdlib test-strerror test-strerror_r test-striconv test-string test-strnlen test-strstr test-strtoimax test-strtoll test-strtoull test-strtoumax test-symlink test-sys_ioctl test-sys_select test-sys_socket test-sys_stat test-sys_time test-sys_types test-sys_uio test-thread_self test-thread_create test-time test-dup-safer test-unistd test-u8-mbtoucr test-u8-uctomb test-uc_width test-uc_width2 test-unsetenv test-vasnprintf test-verify test-version-etc test-wchar test-wcrtomb test-wcrtomb-w32 test-wctype-h test-wcwidth test-xalloc-die test-xstrtoimax test-xstrtol test-xstrtoul libtests.a
make[4]: Entering directory '/usr/oppai/base/grep-3.7/build/gnulib-tests'
  CC       test-accept.o
  CC       test-alignof.o
  CC       test-alloca-opt.o
  CC       test-argmatch.o
  CC       test-arpa_inet.o
  CC       test-binary-io.o
  CC       test-bind.o
  CC       test-bitrotate.o
  CC       test-btowc.o
  CC       test-c-ctype.o
  CC       test-c-stack.o
  CC       test-c-strcasecmp.o
  CC       test-c-strncasecmp.o
  CC       test-calloc-gnu.o
  CC       test-chdir.o
  CC       test-cloexec.o
  CC       test-close.o
  CC       test-connect.o
  CC       test-ctype.o
  CC       test-dfa-match-aux.o
  CC       test-dirent.o
  CC       test-dup.o
  CC       test-dup2.o
  CC       test-dynarray.o
  CC       test-environ.o
  CC       test-errno.o
  CC       test-exclude.o
  CC       test-fchdir.o
  CC       test-fcntl-h.o
  CC       test-fcntl-safer.o
  CC       test-fcntl.o
  CC       test-fdopen.o
  CC       test-fdopendir.o
  CC       test-fgetc.o
  CC       test-float.o
  CC       test-fnmatch-h.o
  CC       test-fnmatch.o
  CC       test-fopen-gnu.o
  CC       test-fopen.o
  CC       test-fpending.o
  CC       test-fputc.o
  CC       test-free.o
  CC       test-fread.o
  CC       test-fstat.o
  CC       test-fstatat.o
  CC       test-ftruncate.o
  CC       test-fwrite.o
  CC       test-getcwd-lgpl.o
  CC       test-getdtablesize.o
  CC       test-getopt-gnu.o
  CC       test-getopt-posix.o
  CC       test-getprogname.o
  CC       test-gettimeofday.o
  CC       test-hard-locale.o
  CC       test-hash.o
  CC       test-i-ring.o
  CC       test-iconv-h.o
  CC       test-iconv.o
  CC       test-ignore-value.o
  CC       test-inet_pton.o
  CC       test-intprops.o
  CC       test-inttostr.o
  CC       test-inttypes.o
  CC       test-ioctl.o
  CC       test-isatty.o
  CC       test-isblank.o
  CC       test-iswblank.o
  CC       test-iswdigit.o
  CC       test-iswxdigit.o
  CC       test-langinfo.o
  CC       test-limits-h.o
  CC       test-listen.o
  CC       test-locale.o
  CC       test-localeconv.o
  CC       test-localename.o
  CC       test-lseek.o
  CC       test-lstat.o
  CC       test-malloc-gnu.o
  CC       test-malloca.o
  CC       test-mbscasecmp.o
  CC       test-mbsinit.o
  CC       test-mbsrtowcs.o
  CC       test-mbsstr1.o
  CC       test-mbsstr2.o
  CC       test-mbsstr3.o
  CC       test-memchr.o
  CC       test-memchr2.o
  CC       test-memrchr.o
  CC       test-nanosleep.o
  CC       test-netinet_in.o
  CC       test-nl_langinfo.o
  CC       test-nl_langinfo-mt.o
  CC       test-open.o
  CC       test-openat-safer.o
  CC       test-openat.o
  CC       test-pathmax.o
  CC       test-perror.o
  CC       test-perror2.o
  CC       test-pipe.o
  CC       test-pthread.o
  CC       test-pthread-thread.o
  CC       test-pthread_sigmask1.o
  CC       test-pthread_sigmask2.o
  CC       test-quotearg-simple.o
  CC       test-raise.o
  CC       test-rawmemchr.o
  CC       test-read.o
  CC       test-realloc-gnu.o
  CC       test-reallocarray.o
  CC       test-regex.o
  CC       test-sched.o
  CC       test-select.o
  CC       test-select-fd.o
  CC       test-select-stdin.o
  CC       test-setenv.o
  CC       test-setlocale_null.o
  CC       test-setlocale_null-mt-one.o
  CC       test-setlocale1.o
  CC       test-setlocale_null-mt-all.o
  CC       test-setlocale2.o
  CC       test-setsockopt.o
  CC       test-sigaction.o
  CC       test-signal-h.o
  CC       test-sigprocmask.o
  CC       test-sigsegv-catch-segv1.o
  CC       test-sigsegv-catch-segv2.o
  CC       test-sigsegv-catch-stackoverflow1.o
  CC       test-sigsegv-catch-stackoverflow2.o
  CC       test-sleep.o
  CC       test-snprintf.o
  CC       test-sockets.o
  CC       test-stat.o
  CC       test-stat-time.o
  CC       test-stdalign.o
  CC       test-stdbool.o
  CC       test-stddef.o
  CC       test-stdint.o
  CC       test-stdio.o
  CC       test-stdlib.o
  CC       test-strerror.o
  CC       test-strerror_r.o
  CC       test-striconv.o
  CC       test-string.o
  CC       test-strnlen.o
  CC       test-strstr.o
  CC       test-strtoimax.o
  CC       test-strtoull.o
  CC       test-strtoumax.o
  CC       test-strtoll.o
  CC       test-symlink.o
  CC       test-sys_ioctl.o
  CC       test-sys_select.o
  CC       test-sys_socket.o
  CC       test-sys_stat.o
  CC       test-sys_time.o
  CC       test-sys_types.o
  CC       test-sys_uio.o
  CC       test-thread_self.o
  CC       test-thread_create.o
  CC       test-time.o
  CC       test-dup-safer.o
  CC       test-unistd.o
  CC       test-unsetenv.o
  CC       test-vasnprintf.o
  CC       test-version-etc.o
  CC       test-verify.o
  CC       test-wchar.o
  CC       test-wcrtomb.o
  CC       test-wcrtomb-w32.o
  CC       test-wctype-h.o
  CC       test-wcwidth.o
  CC       test-xalloc-die.o
  CC       test-xstrtoimax.o
  CC       test-xstrtol.o
make[4]: 'libtests.a' is up to date.
  CC       test-xstrtoul.o
  CCLD     test-accept
  CCLD     test-alignof
  CCLD     test-alloca-opt
  CCLD     test-argmatch
  CCLD     test-arpa_inet
  CCLD     test-binary-io
  CCLD     test-bind
  CCLD     test-bitrotate
  CCLD     test-btowc
  CCLD     test-c-ctype
  CCLD     test-c-stack
  CCLD     test-c-strcasecmp
  CCLD     test-c-strncasecmp
  CCLD     test-calloc-gnu
  CCLD     test-chdir
  CCLD     test-cloexec
  CCLD     test-close
  CCLD     test-connect
  CCLD     test-ctype
  CCLD     test-dfa-match-aux
  CCLD     test-dirent
  CCLD     test-dup
  CCLD     test-dup2
  CCLD     test-dynarray
  CCLD     test-environ
  CCLD     test-errno
  CCLD     test-exclude
  CCLD     test-fchdir
  CCLD     test-fcntl-h
  CCLD     test-fcntl-safer
  CCLD     test-fcntl
  CCLD     test-fdopen
  CCLD     test-fdopendir
  CCLD     test-fgetc
  CCLD     test-float
  CCLD     test-fnmatch-h
  CCLD     test-fnmatch
  CCLD     test-fopen-gnu
  CCLD     test-fopen
  CCLD     test-fpending
  CCLD     test-fputc
  CCLD     test-fread
  CCLD     test-fstat
  CCLD     test-free
  CCLD     test-fstatat
  CCLD     test-ftruncate
  CCLD     test-fwrite
  CCLD     test-getcwd-lgpl
  CCLD     test-getdtablesize
  CCLD     test-getopt-posix
  CCLD     test-getprogname
  CCLD     test-gettimeofday
  CCLD     test-hard-locale
  CCLD     test-hash
  CCLD     test-i-ring
  CCLD     test-iconv-h
  CCLD     test-iconv
  CCLD     test-ignore-value
  CCLD     test-inet_pton
  CCLD     test-inttostr
  CCLD     test-inttypes
  CCLD     test-ioctl
  CCLD     test-isatty
  CCLD     test-isblank
  CCLD     test-iswblank
  CCLD     test-iswdigit
  CCLD     test-iswxdigit
  CCLD     test-langinfo
  CCLD     test-listen
  CCLD     test-locale
  CCLD     test-limits-h
  CCLD     test-localeconv
  CCLD     test-localename
  CCLD     test-lseek
  CCLD     test-lstat
  CCLD     test-malloc-gnu
  CCLD     test-malloca
  CCLD     test-mbscasecmp
  CCLD     test-mbsinit
  CCLD     test-mbsrtowcs
  CCLD     test-mbsstr2
  CCLD     test-mbsstr1
  CCLD     test-mbsstr3
  CCLD     test-memchr
  CCLD     test-memchr2
  CCLD     test-memrchr
  CCLD     test-nanosleep
  CCLD     test-netinet_in
  CCLD     test-nl_langinfo
  CCLD     test-nl_langinfo-mt
  CCLD     test-open
  CCLD     test-openat-safer
  CCLD     test-openat
  CCLD     test-pathmax
  CCLD     test-perror
  CCLD     test-perror2
  CCLD     test-pipe
  CCLD     test-pthread
  CCLD     test-pthread-thread
  CCLD     test-pthread_sigmask1
  CCLD     test-pthread_sigmask2
  CCLD     test-quotearg-simple
  CCLD     test-raise
  CCLD     test-rawmemchr
  CCLD     test-read
  CCLD     test-realloc-gnu
  CCLD     test-reallocarray
  CCLD     test-sched
  CCLD     test-regex
  CCLD     test-select
  CCLD     test-select-fd
  CCLD     test-select-stdin
  CCLD     test-setenv
  CCLD     test-setlocale_null
  CCLD     test-setlocale_null-mt-one
  CCLD     test-setlocale_null-mt-all
  CCLD     test-setlocale1
  CCLD     test-setlocale2
  CCLD     test-setsockopt
  CCLD     test-sigaction
  CCLD     test-signal-h
  CCLD     test-sigprocmask
  CCLD     test-sigsegv-catch-segv1
  CCLD     test-sigsegv-catch-segv2
  CCLD     test-sigsegv-catch-stackoverflow1
  CCLD     test-sigsegv-catch-stackoverflow2
  CCLD     test-sleep
  CCLD     test-snprintf
  CCLD     test-sockets
  CCLD     test-stat
  CCLD     test-stat-time
  CCLD     test-stdalign
  CCLD     test-stdbool
  CCLD     test-stddef
  CCLD     test-stdint
  CCLD     test-stdio
  CCLD     test-stdlib
  CCLD     test-strerror
  CCLD     test-strerror_r
  CCLD     test-striconv
  CCLD     test-string
  CCLD     test-strnlen
  CCLD     test-strstr
  CCLD     test-strtoimax
  CCLD     test-strtoull
  CCLD     test-strtoll
  CCLD     test-strtoumax
  CCLD     test-symlink
  CCLD     test-sys_ioctl
  CCLD     test-sys_socket
  CCLD     test-sys_select
  CCLD     test-sys_stat
  CCLD     test-sys_time
  CCLD     test-sys_types
  CCLD     test-sys_uio
  CCLD     test-thread_self
  CCLD     test-thread_create
  CCLD     test-time
  CCLD     test-dup-safer
  CCLD     test-unistd
  CC       unistr/test-u8-mbtoucr.o
  CC       unistr/test-u8-uctomb.o
  CC       uniwidth/test-uc_width.o
  CC       uniwidth/test-uc_width2.o
  CCLD     test-vasnprintf
  CCLD     test-unsetenv
  CCLD     test-verify
  CCLD     test-version-etc
  CCLD     test-wchar
  CCLD     test-wcrtomb
  CCLD     test-wcrtomb-w32
  CCLD     test-wctype-h
  CCLD     test-xalloc-die
  CCLD     test-xstrtoimax
  CCLD     test-xstrtol
  CCLD     test-xstrtoul
  CCLD     test-wcwidth
  CCLD     test-intprops
  CCLD     test-uc_width2
  CCLD     test-u8-mbtoucr
  CCLD     test-uc_width
  CCLD     test-u8-uctomb
  CCLD     test-getopt-gnu
make[4]: Leaving directory '/usr/oppai/base/grep-3.7/build/gnulib-tests'
make  check-TESTS
make[4]: Entering directory '/usr/oppai/base/grep-3.7/build/gnulib-tests'
make[5]: Entering directory '/usr/oppai/base/grep-3.7/build/gnulib-tests'
PASS: test-accept
PASS: test-alignof
PASS: test-argmatch
PASS: test-arpa_inet
PASS: test-bind
PASS: test-bitrotate
PASS: test-alloca-opt
PASS: test-binary-io.sh
SKIP: test-btowc1.sh
SKIP: test-btowc2.sh
PASS: test-c-ctype
PASS: test-calloc-gnu
PASS: test-chdir
PASS: test-c-strcase.sh
PASS: test-cloexec
PASS: test-c-stack.sh
PASS: test-close
PASS: test-connect
PASS: test-ctype
PASS: test-dup2
PASS: test-dynarray
PASS: test-errno
PASS: test-environ
PASS: test-dirent
PASS: test-dup
PASS: test-fchdir
PASS: test-fcntl-h
PASS: test-fcntl-safer
PASS: test-fcntl
PASS: test-fdopen
PASS: test-fdopendir
PASS: test-fgetc
PASS: test-float
PASS: test-fnmatch
PASS: test-fnmatch-h
PASS: test-fopen-gnu
PASS: test-fopen
PASS: test-dfa-invalid-char-class.sh
PASS: test-fpending.sh
PASS: test-fread
PASS: test-fstat
PASS: test-fputc
PASS: test-getcwd-lgpl
PASS: test-dfa-invalid-merge.sh
PASS: test-fstatat
PASS: test-fwrite
PASS: test-ftruncate.sh
PASS: test-dfa-match.sh
PASS: test-getdtablesize
PASS: test-getopt-posix
PASS: test-getprogname
PASS: test-hard-locale
PASS: test-exclude4.sh
PASS: test-exclude6.sh
PASS: test-gettimeofday
PASS: test-iconv
PASS: test-ignore-value
PASS: test-getopt-gnu
PASS: test-exclude2.sh
PASS: test-exclude8.sh
PASS: test-exclude7.sh
PASS: test-i-ring
PASS: test-inttostr
PASS: test-exclude1.sh
PASS: test-iconv-h
PASS: test-inet_pton
PASS: test-ioctl
PASS: test-intprops
PASS: test-isatty
PASS: test-exclude3.sh
PASS: test-exclude5.sh
PASS: test-inttypes
PASS: test-isblank
PASS: test-iswblank
PASS: test-langinfo
PASS: test-limits-h
PASS: test-iswdigit.sh
PASS: test-iswxdigit.sh
PASS: test-listen
PASS: test-locale
PASS: test-localeconv
PASS: test-localename
PASS: test-malloc-gnu
PASS: test-lstat
SKIP: test-mbscasecmp.sh
SKIP: test-mbsinit.sh
PASS: test-lseek.sh
SKIP: test-mbsrtowcs2.sh
SKIP: test-mbsrtowcs1.sh
SKIP: test-mbsrtowcs3.sh
SKIP: test-mbsrtowcs4.sh
SKIP: test-mbsstr2.sh
SKIP: test-mbsstr3.sh
PASS: test-memchr2
PASS: test-netinet_in
PASS: test-c-stack2.sh
PASS: test-memrchr
PASS: test-nl_langinfo.sh
PASS: test-open
PASS: test-openat-safer
PASS: test-pathmax
PASS: test-openat
PASS: test-pipe
PASS: test-pthread
PASS: test-quotearg-simple
PASS: test-rawmemchr
PASS: test-read
PASS: test-pthread-thread
PASS: test-mbsstr1
PASS: test-reallocarray
PASS: test-select
PASS: test-perror2
PASS: test-setenv
PASS: test-realloc-gnu
PASS: test-setlocale_null
SKIP: test-setlocale1.sh
PASS: test-raise
PASS: test-sched
PASS: test-setsockopt
PASS: test-free
PASS: test-sigaction
PASS: test-signal-h
PASS: test-sigsegv-catch-segv1
PASS: test-setlocale2.sh
PASS: test-sigsegv-catch-segv2
PASS: test-snprintf
PASS: test-sigsegv-catch-stackoverflow1
PASS: test-sockets
PASS: test-stat
PASS: test-sigsegv-catch-stackoverflow2
PASS: test-stdalign
PASS: test-stdint
PASS: test-strerror
PASS: test-stdbool
PASS: test-string
PASS: test-stdlib
PASS: test-perror.sh
PASS: test-strerror_r
PASS: test-stddef
PASS: test-striconv
PASS: test-stdio
PASS: test-stat-time
PASS: test-strnlen
PASS: test-strtoimax
PASS: test-strtoll
PASS: test-strtoumax
PASS: test-strstr
PASS: test-symlink
PASS: test-strtoull
PASS: test-sys_types
PASS: test-sys_ioctl
PASS: test-sys_select
PASS: test-sys_stat
PASS: test-sys_time
PASS: test-sys_uio
PASS: test-thread_self
PASS: test-sys_socket
PASS: test-time
PASS: test-thread_create
PASS: test-dup-safer
PASS: test-u8-mbtoucr
PASS: test-unistd
PASS: test-unsetenv
PASS: test-uc_width
PASS: test-verify
PASS: test-u8-uctomb
PASS: test-vasnprintf
PASS: uniwidth/test-uc_width2.sh
PASS: test-init.sh
SKIP: test-wcrtomb-w32-3.sh
PASS: test-wchar
SKIP: test-wcrtomb-w32-4.sh
SKIP: test-vc-list-files-git.sh
SKIP: test-wcrtomb-w32-2.sh
SKIP: test-wcrtomb-w32-5.sh
SKIP: test-wcrtomb-w32-6.sh
PASS: test-wcrtomb.sh
SKIP: test-wcrtomb-w32-1.sh
PASS: test-wctype-h
SKIP: test-wcrtomb-w32-7.sh
PASS: test-wcwidth
SKIP: test-vc-list-files-cvs.sh
PASS: test-hash
PASS: test-xalloc-die.sh
PASS: test-version-etc.sh
PASS: test-xstrtol.sh
PASS: test-malloca
PASS: test-xstrtoimax.sh
PASS: test-memchr
PASS: test-verify.sh
PASS: test-nanosleep
PASS: test-select-out.sh
PASS: test-nl_langinfo-mt
PASS: test-pthread_sigmask1
PASS: test-setlocale_null-mt-one
PASS: test-select-in.sh
PASS: test-pthread_sigmask2
PASS: test-sigprocmask
PASS: test-sleep
PASS: test-setlocale_null-mt-all
PASS: test-regex
============================================================================
Testsuite summary for GNU grep 3.7
============================================================================
# TOTAL: 201
# PASS:  181
# SKIP:  20
# XFAIL: 0
# FAIL:  0
# XPASS: 0
# ERROR: 0
============================================================================
make[5]: Leaving directory '/usr/oppai/base/grep-3.7/build/gnulib-tests'
make[4]: Leaving directory '/usr/oppai/base/grep-3.7/build/gnulib-tests'
make[3]: Leaving directory '/usr/oppai/base/grep-3.7/build/gnulib-tests'
make[2]: Leaving directory '/usr/oppai/base/grep-3.7/build/gnulib-tests'
make[1]: Leaving directory '/usr/oppai/base/grep-3.7/build/gnulib-tests'
make[1]: Entering directory '/usr/oppai/base/grep-3.7/build'
make[1]: Nothing to be done for 'check-am'.
make[1]: Leaving directory '/usr/oppai/base/grep-3.7/build'
