make  check-am
make[1]: Entering directory '/usr/oppai/library/pcre2-10.37/build'
make  
make[2]: Entering directory '/usr/oppai/library/pcre2-10.37/build'
make  all-am
make[3]: Entering directory '/usr/oppai/library/pcre2-10.37/build'
make[3]: Nothing to be done for 'all-am'.
make[3]: Leaving directory '/usr/oppai/library/pcre2-10.37/build'
make[2]: Leaving directory '/usr/oppai/library/pcre2-10.37/build'
make  check-TESTS
make[2]: Entering directory '/usr/oppai/library/pcre2-10.37/build'
make[3]: Entering directory '/usr/oppai/library/pcre2-10.37/build'
FAIL: RunGrepTest
PASS: RunTest
PASS: pcre2_jit_test
============================================================================
Testsuite summary for PCRE2 10.37
============================================================================
# TOTAL: 3
# PASS:  2
# SKIP:  0
# XFAIL: 0
# FAIL:  1
# XPASS: 0
# ERROR: 0
============================================================================
See ./test-suite.log
============================================================================
make[3]: Leaving directory '/usr/oppai/library/pcre2-10.37/build'
make[2]: Leaving directory '/usr/oppai/library/pcre2-10.37/build'
make[1]: Leaving directory '/usr/oppai/library/pcre2-10.37/build'
