Making check in lib
make[1]: Entering directory '/usr/oppai/library/libtheora-1.1.1/build/lib'
make[1]: Nothing to be done for 'check'.
make[1]: Leaving directory '/usr/oppai/library/libtheora-1.1.1/build/lib'
Making check in include
make[1]: Entering directory '/usr/oppai/library/libtheora-1.1.1/build/include'
Making check in theora
make[2]: Entering directory '/usr/oppai/library/libtheora-1.1.1/build/include/theora'
make[2]: Nothing to be done for 'check'.
make[2]: Leaving directory '/usr/oppai/library/libtheora-1.1.1/build/include/theora'
make[2]: Entering directory '/usr/oppai/library/libtheora-1.1.1/build/include'
make[2]: Nothing to be done for 'check-am'.
make[2]: Leaving directory '/usr/oppai/library/libtheora-1.1.1/build/include'
make[1]: Leaving directory '/usr/oppai/library/libtheora-1.1.1/build/include'
Making check in doc
make[1]: Entering directory '/usr/oppai/library/libtheora-1.1.1/build/doc'
Making check in spec
make[2]: Entering directory '/usr/oppai/library/libtheora-1.1.1/build/doc/spec'
make[2]: Nothing to be done for 'check'.
make[2]: Leaving directory '/usr/oppai/library/libtheora-1.1.1/build/doc/spec'
make[2]: Entering directory '/usr/oppai/library/libtheora-1.1.1/build/doc'
make[2]: Nothing to be done for 'check-am'.
make[2]: Leaving directory '/usr/oppai/library/libtheora-1.1.1/build/doc'
make[1]: Leaving directory '/usr/oppai/library/libtheora-1.1.1/build/doc'
Making check in tests
make[1]: Entering directory '/usr/oppai/library/libtheora-1.1.1/build/tests'
make  noop_theora comment comment_theoradec comment_theora noop noop_theoraenc granulepos granulepos_theoraenc granulepos_theora
make[2]: Entering directory '/usr/oppai/library/libtheora-1.1.1/build/tests'
source='noop_theora.c' object='noop_theora-noop_theora.o' libtool=no \
depfile='.deps/noop_theora-noop_theora.Po' tmpdepfile='.deps/noop_theora-noop_theora.TPo' \
depmode=gcc3 /bin/sh ../../depcomp \
clang -DHAVE_CONFIG_H -I. -I../../tests -I.. -I../../include    -Wall -Wno-parentheses -O3 -fforce-addr -fomit-frame-pointer -finline-functions -funroll-loops -march=znver1 -O2 -pipe -fPIC --target=x86_64-zel-linux-musl -c -o noop_theora-noop_theora.o `test -f 'noop_theora.c' || echo '../../tests/'`noop_theora.c
source='comment.c' object='comment-comment.o' libtool=no \
depfile='.deps/comment-comment.Po' tmpdepfile='.deps/comment-comment.TPo' \
depmode=gcc3 /bin/sh ../../depcomp \
clang -DHAVE_CONFIG_H -I. -I../../tests -I.. -I../../include    -Wall -Wno-parentheses -O3 -fforce-addr -fomit-frame-pointer -finline-functions -funroll-loops -march=znver1 -O2 -pipe -fPIC --target=x86_64-zel-linux-musl -c -o comment-comment.o `test -f 'comment.c' || echo '../../tests/'`comment.c
source='comment.c' object='comment_theoradec-comment.o' libtool=no \
depfile='.deps/comment_theoradec-comment.Po' tmpdepfile='.deps/comment_theoradec-comment.TPo' \
depmode=gcc3 /bin/sh ../../depcomp \
clang -DHAVE_CONFIG_H -I. -I../../tests -I.. -I../../include    -Wall -Wno-parentheses -O3 -fforce-addr -fomit-frame-pointer -finline-functions -funroll-loops -march=znver1 -O2 -pipe -fPIC --target=x86_64-zel-linux-musl -c -o comment_theoradec-comment.o `test -f 'comment.c' || echo '../../tests/'`comment.c
source='comment_theora.c' object='comment_theora-comment_theora.o' libtool=no \
depfile='.deps/comment_theora-comment_theora.Po' tmpdepfile='.deps/comment_theora-comment_theora.TPo' \
depmode=gcc3 /bin/sh ../../depcomp \
clang -DHAVE_CONFIG_H -I. -I../../tests -I.. -I../../include    -Wall -Wno-parentheses -O3 -fforce-addr -fomit-frame-pointer -finline-functions -funroll-loops -march=znver1 -O2 -pipe -fPIC --target=x86_64-zel-linux-musl -c -o comment_theora-comment_theora.o `test -f 'comment_theora.c' || echo '../../tests/'`comment_theora.c
source='noop.c' object='noop-noop.o' libtool=no \
depfile='.deps/noop-noop.Po' tmpdepfile='.deps/noop-noop.TPo' \
depmode=gcc3 /bin/sh ../../depcomp \
clang -DHAVE_CONFIG_H -I. -I../../tests -I.. -I../../include    -Wall -Wno-parentheses -O3 -fforce-addr -fomit-frame-pointer -finline-functions -funroll-loops -march=znver1 -O2 -pipe -fPIC --target=x86_64-zel-linux-musl -c -o noop-noop.o `test -f 'noop.c' || echo '../../tests/'`noop.c
source='noop_theora.c' object='noop_theoraenc-noop_theora.o' libtool=no \
depfile='.deps/noop_theoraenc-noop_theora.Po' tmpdepfile='.deps/noop_theoraenc-noop_theora.TPo' \
depmode=gcc3 /bin/sh ../../depcomp \
clang -DHAVE_CONFIG_H -I. -I../../tests -I.. -I../../include    -Wall -Wno-parentheses -O3 -fforce-addr -fomit-frame-pointer -finline-functions -funroll-loops -march=znver1 -O2 -pipe -fPIC --target=x86_64-zel-linux-musl -c -o noop_theoraenc-noop_theora.o `test -f 'noop_theora.c' || echo '../../tests/'`noop_theora.c
source='granulepos.c' object='granulepos-granulepos.o' libtool=no \
depfile='.deps/granulepos-granulepos.Po' tmpdepfile='.deps/granulepos-granulepos.TPo' \
depmode=gcc3 /bin/sh ../../depcomp \
clang -DHAVE_CONFIG_H -I. -I../../tests -I.. -I../../include    -Wall -Wno-parentheses -O3 -fforce-addr -fomit-frame-pointer -finline-functions -funroll-loops -march=znver1 -O2 -pipe -fPIC --target=x86_64-zel-linux-musl -c -o granulepos-granulepos.o `test -f 'granulepos.c' || echo '../../tests/'`granulepos.c
source='granulepos_theora.c' object='granulepos_theoraenc-granulepos_theora.o' libtool=no \
depfile='.deps/granulepos_theoraenc-granulepos_theora.Po' tmpdepfile='.deps/granulepos_theoraenc-granulepos_theora.TPo' \
depmode=gcc3 /bin/sh ../../depcomp \
clang -DHAVE_CONFIG_H -I. -I../../tests -I.. -I../../include    -Wall -Wno-parentheses -O3 -fforce-addr -fomit-frame-pointer -finline-functions -funroll-loops -march=znver1 -O2 -pipe -fPIC --target=x86_64-zel-linux-musl -c -o granulepos_theoraenc-granulepos_theora.o `test -f 'granulepos_theora.c' || echo '../../tests/'`granulepos_theora.c
source='granulepos_theora.c' object='granulepos_theora-granulepos_theora.o' libtool=no \
depfile='.deps/granulepos_theora-granulepos_theora.Po' tmpdepfile='.deps/granulepos_theora-granulepos_theora.TPo' \
depmode=gcc3 /bin/sh ../../depcomp \
clang -DHAVE_CONFIG_H -I. -I../../tests -I.. -I../../include    -Wall -Wno-parentheses -O3 -fforce-addr -fomit-frame-pointer -finline-functions -funroll-loops -march=znver1 -O2 -pipe -fPIC --target=x86_64-zel-linux-musl -c -o granulepos_theora-granulepos_theora.o `test -f 'granulepos_theora.c' || echo '../../tests/'`granulepos_theora.c
/bin/sh ../libtool --mode=link clang  -Wall -Wno-parentheses -O3 -fforce-addr -fomit-frame-pointer -finline-functions -funroll-loops -march=znver1 -O2 -pipe -fPIC --target=x86_64-zel-linux-musl   -o noop_theora  noop_theora-noop_theora.o ../lib/libtheora.la -logg 
/bin/sh ../libtool --mode=link clang  -Wall -Wno-parentheses -O3 -fforce-addr -fomit-frame-pointer -finline-functions -funroll-loops -march=znver1 -O2 -pipe -fPIC --target=x86_64-zel-linux-musl   -o comment_theoradec  comment_theoradec-comment.o ../lib/libtheoradec.la -logg 
/bin/sh ../libtool --mode=link clang  -Wall -Wno-parentheses -O3 -fforce-addr -fomit-frame-pointer -finline-functions -funroll-loops -march=znver1 -O2 -pipe -fPIC --target=x86_64-zel-linux-musl   -o noop  noop-noop.o ../lib/libtheoraenc.la ../lib/libtheoradec.la -logg 
/bin/sh ../libtool --mode=link clang  -Wall -Wno-parentheses -O3 -fforce-addr -fomit-frame-pointer -finline-functions -funroll-loops -march=znver1 -O2 -pipe -fPIC --target=x86_64-zel-linux-musl   -o noop_theoraenc  noop_theoraenc-noop_theora.o ../lib/libtheoraenc.la ../lib/libtheoradec.la -logg 
/bin/sh ../libtool --mode=link clang  -Wall -Wno-parentheses -O3 -fforce-addr -fomit-frame-pointer -finline-functions -funroll-loops -march=znver1 -O2 -pipe -fPIC --target=x86_64-zel-linux-musl   -o comment_theora  comment_theora-comment_theora.o ../lib/libtheora.la -logg 
/bin/sh ../libtool --mode=link clang  -Wall -Wno-parentheses -O3 -fforce-addr -fomit-frame-pointer -finline-functions -funroll-loops -march=znver1 -O2 -pipe -fPIC --target=x86_64-zel-linux-musl   -o comment  comment-comment.o ../lib/libtheoradec.la -logg 
/bin/sh ../libtool --mode=link clang  -Wall -Wno-parentheses -O3 -fforce-addr -fomit-frame-pointer -finline-functions -funroll-loops -march=znver1 -O2 -pipe -fPIC --target=x86_64-zel-linux-musl   -o granulepos_theora  granulepos_theora-granulepos_theora.o ../lib/libtheora.la -logg -lm 
/bin/sh ../libtool --mode=link clang  -Wall -Wno-parentheses -O3 -fforce-addr -fomit-frame-pointer -finline-functions -funroll-loops -march=znver1 -O2 -pipe -fPIC --target=x86_64-zel-linux-musl   -o granulepos_theoraenc  granulepos_theoraenc-granulepos_theora.o ../lib/libtheoraenc.la ../lib/libtheoradec.la -logg -lm 
/bin/sh ../libtool --mode=link clang  -Wall -Wno-parentheses -O3 -fforce-addr -fomit-frame-pointer -finline-functions -funroll-loops -march=znver1 -O2 -pipe -fPIC --target=x86_64-zel-linux-musl   -o granulepos  granulepos-granulepos.o ../lib/libtheoraenc.la ../lib/libtheoradec.la -logg -lm 
libtool: link: clang -Wall -Wno-parentheses -O3 -fforce-addr -fomit-frame-pointer -finline-functions -funroll-loops -march=znver1 -O2 -pipe -fPIC --target=x86_64-zel-linux-musl -o .libs/noop_theora noop_theora-noop_theora.o  ../lib/.libs/libtheora.so -logg
libtool: link: clang -Wall -Wno-parentheses -O3 -fforce-addr -fomit-frame-pointer -finline-functions -funroll-loops -march=znver1 -O2 -pipe -fPIC --target=x86_64-zel-linux-musl -o .libs/comment_theoradec comment_theoradec-comment.o  ../lib/.libs/libtheoradec.so -logg
libtool: link: clang -Wall -Wno-parentheses -O3 -fforce-addr -fomit-frame-pointer -finline-functions -funroll-loops -march=znver1 -O2 -pipe -fPIC --target=x86_64-zel-linux-musl -o .libs/comment_theora comment_theora-comment_theora.o  ../lib/.libs/libtheora.so -logg
libtool: link: clang -Wall -Wno-parentheses -O3 -fforce-addr -fomit-frame-pointer -finline-functions -funroll-loops -march=znver1 -O2 -pipe -fPIC --target=x86_64-zel-linux-musl -o .libs/noop noop-noop.o  ../lib/.libs/libtheoraenc.so ../lib/.libs/libtheoradec.so -logg
libtool: link: clang -Wall -Wno-parentheses -O3 -fforce-addr -fomit-frame-pointer -finline-functions -funroll-loops -march=znver1 -O2 -pipe -fPIC --target=x86_64-zel-linux-musl -o .libs/noop_theoraenc noop_theoraenc-noop_theora.o  ../lib/.libs/libtheoraenc.so ../lib/.libs/libtheoradec.so -logg
libtool: link: clang -Wall -Wno-parentheses -O3 -fforce-addr -fomit-frame-pointer -finline-functions -funroll-loops -march=znver1 -O2 -pipe -fPIC --target=x86_64-zel-linux-musl -o .libs/comment comment-comment.o  ../lib/.libs/libtheoradec.so -logg
libtool: link: clang -Wall -Wno-parentheses -O3 -fforce-addr -fomit-frame-pointer -finline-functions -funroll-loops -march=znver1 -O2 -pipe -fPIC --target=x86_64-zel-linux-musl -o .libs/granulepos_theora granulepos_theora-granulepos_theora.o  ../lib/.libs/libtheora.so -logg -lm
libtool: link: clang -Wall -Wno-parentheses -O3 -fforce-addr -fomit-frame-pointer -finline-functions -funroll-loops -march=znver1 -O2 -pipe -fPIC --target=x86_64-zel-linux-musl -o .libs/granulepos_theoraenc granulepos_theoraenc-granulepos_theora.o  ../lib/.libs/libtheoraenc.so ../lib/.libs/libtheoradec.so -logg -lm
libtool: link: clang -Wall -Wno-parentheses -O3 -fforce-addr -fomit-frame-pointer -finline-functions -funroll-loops -march=znver1 -O2 -pipe -fPIC --target=x86_64-zel-linux-musl -o .libs/granulepos granulepos-granulepos.o  ../lib/.libs/libtheoraenc.so ../lib/.libs/libtheoradec.so -logg -lm
make[2]: Leaving directory '/usr/oppai/library/libtheora-1.1.1/build/tests'
make  check-TESTS
make[2]: Entering directory '/usr/oppai/library/libtheora-1.1.1/build/tests'
----  + Initializing theora_info struct ...
----  + Setting a 16x16 frame ...
----  + Initializing theora_state for encoding ...
----  + Clearing theora_state ...
----  + Clearing theora_info struct ...
PASS: noop_theora
----  + Initializing th_comment ...
----  + Adding ARTIST1 ...
----  + Adding LICENSE by tag ...
----  + Adding ARTIST2 by tag ...
----  + Querying value of LICENSE ...
foo Creative Commons Attribution-ShareAlike 2.5
----  + Querying count of ARTIST comments ...
----  + Querying value of ARTIST index 0 ...
----  + Querying value of ARTIST index 1 ...
----  + Querying value of ARTIST index 2 (out of bounds) ...
----  + Querying value of UNDEF index 7 (tag not defined) ...
----  + Clearing th_comment ...
PASS: comment
----  + Initializing th_comment ...
----  + Adding ARTIST1 ...
----  + Adding LICENSE by tag ...
----  + Adding ARTIST2 by tag ...
----  + Querying value of LICENSE ...
foo Creative Commons Attribution-ShareAlike 2.5
----  + Querying count of ARTIST comments ...
----  + Querying value of ARTIST index 0 ...
----  + Querying value of ARTIST index 1 ...
----  + Querying value of ARTIST index 2 (out of bounds) ...
----  + Querying value of UNDEF index 7 (tag not defined) ...
----  + Clearing th_comment ...
PASS: comment_theoradec
----  + Initializing theora_comment ...
----  + Adding ARTIST1 ...
----  + Adding LICENSE by tag ...
----  + Adding ARTIST2 by tag ...
----  + Querying value of LICENSE ...
foo Creative Commons Attribution-ShareAlike 2.5
----  + Querying count of ARTIST comments ...
----  + Querying value of ARTIST index 0 ...
----  + Querying value of ARTIST index 1 ...
----  + Querying value of ARTIST index 2 (out of bounds) ...
----  + Querying value of UNDEF index 7 (tag not defined) ...
----  + Clearing theora_comment ...
PASS: comment_theora
----  + Initializing th_info struct ...
----  + Clearing empty th_info struct ...
----  + Initializing th_comment struct ...
----  + Clearing empty th_comment struct ...
----  + Initializing th_info struct ...
----  + Testing encoder context with empty th_info ...
----  + Setting 16x16 image size ...
----  + Allocating encoder context ...
----  + Clearing th_info struct ...
----  + Freeing encoder context ...
----  + Testing decoder context with null info and setup ...
----  + Initializing th_info struct ...
----  + Testing decoder context with empty info and null setup ...
----  + Clearing th_info struct ...
PASS: noop
----  + Initializing theora_info struct ...
----  + Setting a 16x16 frame ...
----  + Initializing theora_state for encoding ...
----  + Clearing theora_state ...
----  + Clearing theora_info struct ...
PASS: noop_theoraenc
----  + Checking granulepos generation ...
----  + Checking granulepos generation ...
----  + Checking granulepos generation ...
----  + Checking granulepos generation ...
----  + Checking granulepos generation ...
----  + Checking granulepos generation ...
PASS: granulepos
----  + Checking granulepos generation ...
----  + Checking granulepos generation ...
----  + Checking granulepos generation ...
----  + Checking granulepos generation ...
----  + Checking granulepos generation ...
----  + Checking granulepos generation ...
PASS: granulepos_theoraenc
----  + Checking granulepos generation ...
----  + Checking granulepos generation ...
----  + Checking granulepos generation ...
----  + Checking granulepos generation ...
----  + Checking granulepos generation ...
----  + Checking granulepos generation ...
PASS: granulepos_theora
==================
All 9 tests passed
==================
make[2]: Leaving directory '/usr/oppai/library/libtheora-1.1.1/build/tests'
make[1]: Leaving directory '/usr/oppai/library/libtheora-1.1.1/build/tests'
Making check in m4
make[1]: Entering directory '/usr/oppai/library/libtheora-1.1.1/build/m4'
make[1]: Nothing to be done for 'check'.
make[1]: Leaving directory '/usr/oppai/library/libtheora-1.1.1/build/m4'
Making check in examples
make[1]: Entering directory '/usr/oppai/library/libtheora-1.1.1/build/examples'
make[1]: Nothing to be done for 'check'.
make[1]: Leaving directory '/usr/oppai/library/libtheora-1.1.1/build/examples'
make[1]: Entering directory '/usr/oppai/library/libtheora-1.1.1/build'
make[1]: Nothing to be done for 'check-am'.
make[1]: Leaving directory '/usr/oppai/library/libtheora-1.1.1/build'
