Making check in src
make[1]: Entering directory '/usr/oppai/base/xz-5.3.2alpha/build/src'
Making check in liblzma
make[2]: Entering directory '/usr/oppai/base/xz-5.3.2alpha/build/src/liblzma'
Making check in api
make[3]: Entering directory '/usr/oppai/base/xz-5.3.2alpha/build/src/liblzma/api'
make[3]: Nothing to be done for 'check'.
make[3]: Leaving directory '/usr/oppai/base/xz-5.3.2alpha/build/src/liblzma/api'
make[3]: Entering directory '/usr/oppai/base/xz-5.3.2alpha/build/src/liblzma'
make[3]: Nothing to be done for 'check-am'.
make[3]: Leaving directory '/usr/oppai/base/xz-5.3.2alpha/build/src/liblzma'
make[2]: Leaving directory '/usr/oppai/base/xz-5.3.2alpha/build/src/liblzma'
Making check in xzdec
make[2]: Entering directory '/usr/oppai/base/xz-5.3.2alpha/build/src/xzdec'
make[2]: Nothing to be done for 'check'.
make[2]: Leaving directory '/usr/oppai/base/xz-5.3.2alpha/build/src/xzdec'
Making check in xz
make[2]: Entering directory '/usr/oppai/base/xz-5.3.2alpha/build/src/xz'
make[2]: Nothing to be done for 'check'.
make[2]: Leaving directory '/usr/oppai/base/xz-5.3.2alpha/build/src/xz'
Making check in lzmainfo
make[2]: Entering directory '/usr/oppai/base/xz-5.3.2alpha/build/src/lzmainfo'
make[2]: Nothing to be done for 'check'.
make[2]: Leaving directory '/usr/oppai/base/xz-5.3.2alpha/build/src/lzmainfo'
Making check in scripts
make[2]: Entering directory '/usr/oppai/base/xz-5.3.2alpha/build/src/scripts'
make[2]: Nothing to be done for 'check'.
make[2]: Leaving directory '/usr/oppai/base/xz-5.3.2alpha/build/src/scripts'
make[2]: Entering directory '/usr/oppai/base/xz-5.3.2alpha/build/src'
make[2]: Nothing to be done for 'check-am'.
make[2]: Leaving directory '/usr/oppai/base/xz-5.3.2alpha/build/src'
make[1]: Leaving directory '/usr/oppai/base/xz-5.3.2alpha/build/src'
Making check in po
make[1]: Entering directory '/usr/oppai/base/xz-5.3.2alpha/build/po'
make[1]: Nothing to be done for 'check'.
make[1]: Leaving directory '/usr/oppai/base/xz-5.3.2alpha/build/po'
Making check in tests
make[1]: Entering directory '/usr/oppai/base/xz-5.3.2alpha/build/tests'
make  create_compress_files test_check test_stream_flags test_filter_flags test_block_header test_index test_bcj_exact_size
make[2]: Entering directory '/usr/oppai/base/xz-5.3.2alpha/build/tests'
clang -DHAVE_CONFIG_H -I. -I../../tests -I..  -I../../src/common -I../../src/liblzma/api -I../lib  -Qunused-arguments -pthread -fvisibility=hidden -march=znver1 -O2 -pipe -fPIC -stdlib=libc++ -rtlib=compiler-rt -unwindlib=libunwind -fuse-ld=lld --target=x86_64-zel-linux-musl -MT create_compress_files.o -MD -MP -MF .deps/create_compress_files.Tpo -c -o create_compress_files.o ../../tests/create_compress_files.c
clang -DHAVE_CONFIG_H -I. -I../../tests -I..  -I../../src/common -I../../src/liblzma/api -I../lib  -Qunused-arguments -pthread -fvisibility=hidden -march=znver1 -O2 -pipe -fPIC -stdlib=libc++ -rtlib=compiler-rt -unwindlib=libunwind -fuse-ld=lld --target=x86_64-zel-linux-musl -MT test_check.o -MD -MP -MF .deps/test_check.Tpo -c -o test_check.o ../../tests/test_check.c
clang -DHAVE_CONFIG_H -I. -I../../tests -I..  -I../../src/common -I../../src/liblzma/api -I../lib  -Qunused-arguments -pthread -fvisibility=hidden -march=znver1 -O2 -pipe -fPIC -stdlib=libc++ -rtlib=compiler-rt -unwindlib=libunwind -fuse-ld=lld --target=x86_64-zel-linux-musl -MT test_stream_flags.o -MD -MP -MF .deps/test_stream_flags.Tpo -c -o test_stream_flags.o ../../tests/test_stream_flags.c
clang -DHAVE_CONFIG_H -I. -I../../tests -I..  -I../../src/common -I../../src/liblzma/api -I../lib  -Qunused-arguments -pthread -fvisibility=hidden -march=znver1 -O2 -pipe -fPIC -stdlib=libc++ -rtlib=compiler-rt -unwindlib=libunwind -fuse-ld=lld --target=x86_64-zel-linux-musl -MT test_filter_flags.o -MD -MP -MF .deps/test_filter_flags.Tpo -c -o test_filter_flags.o ../../tests/test_filter_flags.c
clang -DHAVE_CONFIG_H -I. -I../../tests -I..  -I../../src/common -I../../src/liblzma/api -I../lib  -Qunused-arguments -pthread -fvisibility=hidden -march=znver1 -O2 -pipe -fPIC -stdlib=libc++ -rtlib=compiler-rt -unwindlib=libunwind -fuse-ld=lld --target=x86_64-zel-linux-musl -MT test_block_header.o -MD -MP -MF .deps/test_block_header.Tpo -c -o test_block_header.o ../../tests/test_block_header.c
clang -DHAVE_CONFIG_H -I. -I../../tests -I..  -I../../src/common -I../../src/liblzma/api -I../lib  -Qunused-arguments -pthread -fvisibility=hidden -march=znver1 -O2 -pipe -fPIC -stdlib=libc++ -rtlib=compiler-rt -unwindlib=libunwind -fuse-ld=lld --target=x86_64-zel-linux-musl -MT test_index.o -MD -MP -MF .deps/test_index.Tpo -c -o test_index.o ../../tests/test_index.c
clang -DHAVE_CONFIG_H -I. -I../../tests -I..  -I../../src/common -I../../src/liblzma/api -I../lib  -Qunused-arguments -pthread -fvisibility=hidden -march=znver1 -O2 -pipe -fPIC -stdlib=libc++ -rtlib=compiler-rt -unwindlib=libunwind -fuse-ld=lld --target=x86_64-zel-linux-musl -MT test_bcj_exact_size.o -MD -MP -MF .deps/test_bcj_exact_size.Tpo -c -o test_bcj_exact_size.o ../../tests/test_bcj_exact_size.c
mv -f .deps/create_compress_files.Tpo .deps/create_compress_files.Po
/bin/sh ../libtool  --tag=CC   --mode=link clang -Qunused-arguments -pthread -fvisibility=hidden -march=znver1 -O2 -pipe -fPIC -stdlib=libc++ -rtlib=compiler-rt -unwindlib=libunwind -fuse-ld=lld --target=x86_64-zel-linux-musl   -o create_compress_files create_compress_files.o ../src/liblzma/liblzma.la   -lpthread
mv -f .deps/test_check.Tpo .deps/test_check.Po
/bin/sh ../libtool  --tag=CC   --mode=link clang -Qunused-arguments -pthread -fvisibility=hidden -march=znver1 -O2 -pipe -fPIC -stdlib=libc++ -rtlib=compiler-rt -unwindlib=libunwind -fuse-ld=lld --target=x86_64-zel-linux-musl   -o test_check test_check.o ../src/liblzma/liblzma.la   -lpthread
mv -f .deps/test_bcj_exact_size.Tpo .deps/test_bcj_exact_size.Po
/bin/sh ../libtool  --tag=CC   --mode=link clang -Qunused-arguments -pthread -fvisibility=hidden -march=znver1 -O2 -pipe -fPIC -stdlib=libc++ -rtlib=compiler-rt -unwindlib=libunwind -fuse-ld=lld --target=x86_64-zel-linux-musl   -o test_bcj_exact_size test_bcj_exact_size.o ../src/liblzma/liblzma.la   -lpthread
mv -f .deps/test_block_header.Tpo .deps/test_block_header.Po
/bin/sh ../libtool  --tag=CC   --mode=link clang -Qunused-arguments -pthread -fvisibility=hidden -march=znver1 -O2 -pipe -fPIC -stdlib=libc++ -rtlib=compiler-rt -unwindlib=libunwind -fuse-ld=lld --target=x86_64-zel-linux-musl   -o test_block_header test_block_header.o ../src/liblzma/liblzma.la   -lpthread
mv -f .deps/test_stream_flags.Tpo .deps/test_stream_flags.Po
/bin/sh ../libtool  --tag=CC   --mode=link clang -Qunused-arguments -pthread -fvisibility=hidden -march=znver1 -O2 -pipe -fPIC -stdlib=libc++ -rtlib=compiler-rt -unwindlib=libunwind -fuse-ld=lld --target=x86_64-zel-linux-musl   -o test_stream_flags test_stream_flags.o ../src/liblzma/liblzma.la   -lpthread
mv -f .deps/test_filter_flags.Tpo .deps/test_filter_flags.Po
/bin/sh ../libtool  --tag=CC   --mode=link clang -Qunused-arguments -pthread -fvisibility=hidden -march=znver1 -O2 -pipe -fPIC -stdlib=libc++ -rtlib=compiler-rt -unwindlib=libunwind -fuse-ld=lld --target=x86_64-zel-linux-musl   -o test_filter_flags test_filter_flags.o ../src/liblzma/liblzma.la   -lpthread
libtool: link: clang -Qunused-arguments -pthread -fvisibility=hidden -march=znver1 -O2 -pipe -fPIC -stdlib=libc++ -rtlib=compiler-rt -unwindlib=libunwind -fuse-ld=lld --target=x86_64-zel-linux-musl -o .libs/create_compress_files create_compress_files.o  ../src/liblzma/.libs/liblzma.so -lpthread -pthread
libtool: link: clang -Qunused-arguments -pthread -fvisibility=hidden -march=znver1 -O2 -pipe -fPIC -stdlib=libc++ -rtlib=compiler-rt -unwindlib=libunwind -fuse-ld=lld --target=x86_64-zel-linux-musl -o .libs/test_check test_check.o  ../src/liblzma/.libs/liblzma.so -lpthread -pthread
libtool: link: clang -Qunused-arguments -pthread -fvisibility=hidden -march=znver1 -O2 -pipe -fPIC -stdlib=libc++ -rtlib=compiler-rt -unwindlib=libunwind -fuse-ld=lld --target=x86_64-zel-linux-musl -o .libs/test_bcj_exact_size test_bcj_exact_size.o  ../src/liblzma/.libs/liblzma.so -lpthread -pthread
libtool: link: clang -Qunused-arguments -pthread -fvisibility=hidden -march=znver1 -O2 -pipe -fPIC -stdlib=libc++ -rtlib=compiler-rt -unwindlib=libunwind -fuse-ld=lld --target=x86_64-zel-linux-musl -o .libs/test_block_header test_block_header.o  ../src/liblzma/.libs/liblzma.so -lpthread -pthread
libtool: link: clang -Qunused-arguments -pthread -fvisibility=hidden -march=znver1 -O2 -pipe -fPIC -stdlib=libc++ -rtlib=compiler-rt -unwindlib=libunwind -fuse-ld=lld --target=x86_64-zel-linux-musl -o .libs/test_stream_flags test_stream_flags.o  ../src/liblzma/.libs/liblzma.so -lpthread -pthread
libtool: link: clang -Qunused-arguments -pthread -fvisibility=hidden -march=znver1 -O2 -pipe -fPIC -stdlib=libc++ -rtlib=compiler-rt -unwindlib=libunwind -fuse-ld=lld --target=x86_64-zel-linux-musl -o .libs/test_filter_flags test_filter_flags.o  ../src/liblzma/.libs/liblzma.so -lpthread -pthread
mv -f .deps/test_index.Tpo .deps/test_index.Po
/bin/sh ../libtool  --tag=CC   --mode=link clang -Qunused-arguments -pthread -fvisibility=hidden -march=znver1 -O2 -pipe -fPIC -stdlib=libc++ -rtlib=compiler-rt -unwindlib=libunwind -fuse-ld=lld --target=x86_64-zel-linux-musl   -o test_index test_index.o ../src/liblzma/liblzma.la   -lpthread
libtool: link: clang -Qunused-arguments -pthread -fvisibility=hidden -march=znver1 -O2 -pipe -fPIC -stdlib=libc++ -rtlib=compiler-rt -unwindlib=libunwind -fuse-ld=lld --target=x86_64-zel-linux-musl -o .libs/test_index test_index.o  ../src/liblzma/.libs/liblzma.so -lpthread -pthread
make[2]: Leaving directory '/usr/oppai/base/xz-5.3.2alpha/build/tests'
make  check-TESTS
make[2]: Entering directory '/usr/oppai/base/xz-5.3.2alpha/build/tests'
PASS: test_check
PASS: test_stream_flags
PASS: test_filter_flags
PASS: test_block_header
PASS: test_index
PASS: test_bcj_exact_size
PASS: test_files.sh
test_compress.sh:
  generated_abc.............
  generated_random.............
  generated_text.............
  prepared_bcj_sparc.............
  prepared_bcj_x86.............
PASS: test_compress.sh
PASS: test_scripts.sh
==================
All 9 tests passed
==================
make[2]: Leaving directory '/usr/oppai/base/xz-5.3.2alpha/build/tests'
make[1]: Leaving directory '/usr/oppai/base/xz-5.3.2alpha/build/tests'
make[1]: Entering directory '/usr/oppai/base/xz-5.3.2alpha/build'
make[1]: Nothing to be done for 'check-am'.
make[1]: Leaving directory '/usr/oppai/base/xz-5.3.2alpha/build'
