if test -d ../.git				\
	&& git --version >/dev/null 2>&1; then			\
  cd .. &&						\
  git submodule --quiet foreach					\
      'test "$(git rev-parse "$sha1")"			\
	  = "$(git merge-base origin "$sha1")"'		\
    || { echo 'maint.mk: found non-public submodule commit' >&2;	\
	 exit 1; };						\
else								\
  : ;								\
fi
make  check-am
make[1]: Entering directory '/usr/oppai/base/autoconf-2.71/build'
rm -f bin/autom4te bin/autom4te.tmp
/usr/bin/mkdir -p bin
srcdir=''; \
  test -f ./bin/autom4te.in || srcdir=../; \
  sed -e 's|@SHELL[@]|/bin/sh|g' -e 's|@PERL[@]|/usr/bin/perl|g' -e 's|@PERL_FLOCK[@]|yes|g' -e 's|@bindir[@]|/usr/bin|g' -e 's|@pkgdatadir[@]|/usr/share/autoconf|g' -e 's|@prefix[@]|/usr|g' -e 's|@autoconf-name[@]|'`echo autoconf | sed 's,x,x,'`'|g' -e 's|@autoheader-name[@]|'`echo autoheader | sed 's,x,x,'`'|g' -e 's|@autom4te-name[@]|'`echo autom4te | sed 's,x,x,'`'|g' -e 's|@M4[@]|/usr/bin/m4|g' -e 's|@M4_DEBUGFILE[@]|--debugfile|g' -e 's|@M4_GNU[@]|--gnu|g' -e 's|@AWK[@]|gawk|g' -e 's|@RELEASE_YEAR[@]|2021|g' -e 's|@VERSION[@]|2.71|g' -e 's|@PACKAGE_NAME[@]|GNU Autoconf|g' -e 's|@configure_input[@]|Generated from bin/autom4te.in; do not edit by hand.|g' ${srcdir}bin/autom4te.in >bin/autom4te.tmp
chmod +x bin/autom4te.tmp
chmod a-w bin/autom4te.tmp
mv bin/autom4te.tmp bin/autom4te
rm -f lib/autom4te.cfg lib/autom4te.cfg-t
/usr/bin/mkdir -p lib
sed -e 's|@SHELL[@]|/bin/sh|g' -e 's|@PERL[@]|/usr/bin/perl|g' -e 's|@PERL_FLOCK[@]|yes|g' -e 's|@bindir[@]|/usr/bin|g' -e 's|@pkgdatadir[@]|/usr/share/autoconf|g' -e 's|@prefix[@]|/usr|g' -e 's|@autoconf-name[@]|'`echo autoconf | sed 's,x,x,'`'|g' -e 's|@autoheader-name[@]|'`echo autoheader | sed 's,x,x,'`'|g' -e 's|@autom4te-name[@]|'`echo autom4te | sed 's,x,x,'`'|g' -e 's|@M4[@]|/usr/bin/m4|g' -e 's|@M4_DEBUGFILE[@]|--debugfile|g' -e 's|@M4_GNU[@]|--gnu|g' -e 's|@AWK[@]|gawk|g' -e 's|@RELEASE_YEAR[@]|2021|g' -e 's|@VERSION[@]|2.71|g' -e 's|@PACKAGE_NAME[@]|GNU Autoconf|g' -e 's|@configure_input[@]|Generated from lib/autom4te.cfg.in; do not edit by hand.|g' ../lib/autom4te.in >lib/autom4te.cfg-t
chmod a-w lib/autom4te.cfg-t
mv -f lib/autom4te.cfg-t lib/autom4te.cfg
/usr/bin/mkdir -p lib/m4sugar
:;{ \
  echo '# This file is part of -*- Autoconf -*-.' && \
  echo '# Version of Autoconf.' && \
  echo '# Copyright (C) 1999, 2000, 2001, 2002, 2006, 2007, 2009' && \
  echo '# Free Software Foundation, Inc.' && \
  echo  &&\
  echo 'm4_define([m4_PACKAGE_NAME],      [GNU Autoconf])' && \
  echo 'm4_define([m4_PACKAGE_TARNAME],   [autoconf])' && \
  echo 'm4_define([m4_PACKAGE_VERSION],   [2.71])' && \
  echo 'm4_define([m4_PACKAGE_STRING],    [GNU Autoconf 2.71])' && \
  echo 'm4_define([m4_PACKAGE_BUGREPORT], [bug-autoconf@gnu.org])' && \
  echo 'm4_define([m4_PACKAGE_URL],       [https://www.gnu.org/software/autoconf/])' && \
  echo 'm4_define([m4_PACKAGE_YEAR],      [2021])'; \
} > lib/m4sugar/version.m4-t
mv lib/m4sugar/version.m4-t lib/m4sugar/version.m4
autom4te_perllibdir='..'/lib AUTOM4TE_CFG='lib/autom4te.cfg'         bin/autom4te -B ''lib -B '..'/lib         --language M4sh --cache '' \
  --melt ../bin/autoconf.as -o bin/autoconf.in
rm -f bin/autoconf bin/autoconf.tmp
/usr/bin/mkdir -p bin
srcdir=''; \
  test -f ./bin/autoconf.in || srcdir=../; \
  sed -e 's|@SHELL[@]|/bin/sh|g' -e 's|@PERL[@]|/usr/bin/perl|g' -e 's|@PERL_FLOCK[@]|yes|g' -e 's|@bindir[@]|/usr/bin|g' -e 's|@pkgdatadir[@]|/usr/share/autoconf|g' -e 's|@prefix[@]|/usr|g' -e 's|@autoconf-name[@]|'`echo autoconf | sed 's,x,x,'`'|g' -e 's|@autoheader-name[@]|'`echo autoheader | sed 's,x,x,'`'|g' -e 's|@autom4te-name[@]|'`echo autom4te | sed 's,x,x,'`'|g' -e 's|@M4[@]|/usr/bin/m4|g' -e 's|@M4_DEBUGFILE[@]|--debugfile|g' -e 's|@M4_GNU[@]|--gnu|g' -e 's|@AWK[@]|gawk|g' -e 's|@RELEASE_YEAR[@]|2021|g' -e 's|@VERSION[@]|2.71|g' -e 's|@PACKAGE_NAME[@]|GNU Autoconf|g' -e 's|@configure_input[@]|Generated from bin/autoconf.in; do not edit by hand.|g' ${srcdir}bin/autoconf.in >bin/autoconf.tmp
chmod +x bin/autoconf.tmp
chmod a-w bin/autoconf.tmp
mv bin/autoconf.tmp bin/autoconf
rm -f bin/autoheader bin/autoheader.tmp
/usr/bin/mkdir -p bin
srcdir=''; \
  test -f ./bin/autoheader.in || srcdir=../; \
  sed -e 's|@SHELL[@]|/bin/sh|g' -e 's|@PERL[@]|/usr/bin/perl|g' -e 's|@PERL_FLOCK[@]|yes|g' -e 's|@bindir[@]|/usr/bin|g' -e 's|@pkgdatadir[@]|/usr/share/autoconf|g' -e 's|@prefix[@]|/usr|g' -e 's|@autoconf-name[@]|'`echo autoconf | sed 's,x,x,'`'|g' -e 's|@autoheader-name[@]|'`echo autoheader | sed 's,x,x,'`'|g' -e 's|@autom4te-name[@]|'`echo autom4te | sed 's,x,x,'`'|g' -e 's|@M4[@]|/usr/bin/m4|g' -e 's|@M4_DEBUGFILE[@]|--debugfile|g' -e 's|@M4_GNU[@]|--gnu|g' -e 's|@AWK[@]|gawk|g' -e 's|@RELEASE_YEAR[@]|2021|g' -e 's|@VERSION[@]|2.71|g' -e 's|@PACKAGE_NAME[@]|GNU Autoconf|g' -e 's|@configure_input[@]|Generated from bin/autoheader.in; do not edit by hand.|g' ${srcdir}bin/autoheader.in >bin/autoheader.tmp
chmod +x bin/autoheader.tmp
chmod a-w bin/autoheader.tmp
mv bin/autoheader.tmp bin/autoheader
rm -f bin/autoreconf bin/autoreconf.tmp
/usr/bin/mkdir -p bin
srcdir=''; \
  test -f ./bin/autoreconf.in || srcdir=../; \
  sed -e 's|@SHELL[@]|/bin/sh|g' -e 's|@PERL[@]|/usr/bin/perl|g' -e 's|@PERL_FLOCK[@]|yes|g' -e 's|@bindir[@]|/usr/bin|g' -e 's|@pkgdatadir[@]|/usr/share/autoconf|g' -e 's|@prefix[@]|/usr|g' -e 's|@autoconf-name[@]|'`echo autoconf | sed 's,x,x,'`'|g' -e 's|@autoheader-name[@]|'`echo autoheader | sed 's,x,x,'`'|g' -e 's|@autom4te-name[@]|'`echo autom4te | sed 's,x,x,'`'|g' -e 's|@M4[@]|/usr/bin/m4|g' -e 's|@M4_DEBUGFILE[@]|--debugfile|g' -e 's|@M4_GNU[@]|--gnu|g' -e 's|@AWK[@]|gawk|g' -e 's|@RELEASE_YEAR[@]|2021|g' -e 's|@VERSION[@]|2.71|g' -e 's|@PACKAGE_NAME[@]|GNU Autoconf|g' -e 's|@configure_input[@]|Generated from bin/autoreconf.in; do not edit by hand.|g' ${srcdir}bin/autoreconf.in >bin/autoreconf.tmp
chmod +x bin/autoreconf.tmp
chmod a-w bin/autoreconf.tmp
mv bin/autoreconf.tmp bin/autoreconf
rm -f bin/autoscan bin/autoscan.tmp
/usr/bin/mkdir -p bin
srcdir=''; \
  test -f ./bin/autoscan.in || srcdir=../; \
  sed -e 's|@SHELL[@]|/bin/sh|g' -e 's|@PERL[@]|/usr/bin/perl|g' -e 's|@PERL_FLOCK[@]|yes|g' -e 's|@bindir[@]|/usr/bin|g' -e 's|@pkgdatadir[@]|/usr/share/autoconf|g' -e 's|@prefix[@]|/usr|g' -e 's|@autoconf-name[@]|'`echo autoconf | sed 's,x,x,'`'|g' -e 's|@autoheader-name[@]|'`echo autoheader | sed 's,x,x,'`'|g' -e 's|@autom4te-name[@]|'`echo autom4te | sed 's,x,x,'`'|g' -e 's|@M4[@]|/usr/bin/m4|g' -e 's|@M4_DEBUGFILE[@]|--debugfile|g' -e 's|@M4_GNU[@]|--gnu|g' -e 's|@AWK[@]|gawk|g' -e 's|@RELEASE_YEAR[@]|2021|g' -e 's|@VERSION[@]|2.71|g' -e 's|@PACKAGE_NAME[@]|GNU Autoconf|g' -e 's|@configure_input[@]|Generated from bin/autoscan.in; do not edit by hand.|g' ${srcdir}bin/autoscan.in >bin/autoscan.tmp
chmod +x bin/autoscan.tmp
chmod a-w bin/autoscan.tmp
mv bin/autoscan.tmp bin/autoscan
rm -f bin/autoupdate bin/autoupdate.tmp
/usr/bin/mkdir -p bin
srcdir=''; \
  test -f ./bin/autoupdate.in || srcdir=../; \
  sed -e 's|@SHELL[@]|/bin/sh|g' -e 's|@PERL[@]|/usr/bin/perl|g' -e 's|@PERL_FLOCK[@]|yes|g' -e 's|@bindir[@]|/usr/bin|g' -e 's|@pkgdatadir[@]|/usr/share/autoconf|g' -e 's|@prefix[@]|/usr|g' -e 's|@autoconf-name[@]|'`echo autoconf | sed 's,x,x,'`'|g' -e 's|@autoheader-name[@]|'`echo autoheader | sed 's,x,x,'`'|g' -e 's|@autom4te-name[@]|'`echo autom4te | sed 's,x,x,'`'|g' -e 's|@M4[@]|/usr/bin/m4|g' -e 's|@M4_DEBUGFILE[@]|--debugfile|g' -e 's|@M4_GNU[@]|--gnu|g' -e 's|@AWK[@]|gawk|g' -e 's|@RELEASE_YEAR[@]|2021|g' -e 's|@VERSION[@]|2.71|g' -e 's|@PACKAGE_NAME[@]|GNU Autoconf|g' -e 's|@configure_input[@]|Generated from bin/autoupdate.in; do not edit by hand.|g' ${srcdir}bin/autoupdate.in >bin/autoupdate.tmp
chmod +x bin/autoupdate.tmp
chmod a-w bin/autoupdate.tmp
mv bin/autoupdate.tmp bin/autoupdate
rm -f bin/ifnames bin/ifnames.tmp
/usr/bin/mkdir -p bin
srcdir=''; \
  test -f ./bin/ifnames.in || srcdir=../; \
  sed -e 's|@SHELL[@]|/bin/sh|g' -e 's|@PERL[@]|/usr/bin/perl|g' -e 's|@PERL_FLOCK[@]|yes|g' -e 's|@bindir[@]|/usr/bin|g' -e 's|@pkgdatadir[@]|/usr/share/autoconf|g' -e 's|@prefix[@]|/usr|g' -e 's|@autoconf-name[@]|'`echo autoconf | sed 's,x,x,'`'|g' -e 's|@autoheader-name[@]|'`echo autoheader | sed 's,x,x,'`'|g' -e 's|@autom4te-name[@]|'`echo autom4te | sed 's,x,x,'`'|g' -e 's|@M4[@]|/usr/bin/m4|g' -e 's|@M4_DEBUGFILE[@]|--debugfile|g' -e 's|@M4_GNU[@]|--gnu|g' -e 's|@AWK[@]|gawk|g' -e 's|@RELEASE_YEAR[@]|2021|g' -e 's|@VERSION[@]|2.71|g' -e 's|@PACKAGE_NAME[@]|GNU Autoconf|g' -e 's|@configure_input[@]|Generated from bin/ifnames.in; do not edit by hand.|g' ${srcdir}bin/ifnames.in >bin/ifnames.tmp
chmod +x bin/ifnames.tmp
chmod a-w bin/ifnames.tmp
mv bin/ifnames.tmp bin/ifnames
autom4te_perllibdir='..'/lib AUTOM4TE_CFG='lib/autom4te.cfg'         bin/autom4te -B ''lib -B '..'/lib         --language=M4sh ../tests/wrapper.as -o tests/wrapper.in
rm -f tests/autoconf tests/autoconf.tmp
input=tests/wrapper.in \
  && sed -e 's|@wrap_program[@]|autoconf|g' -e 's|@abs_top_srcdir[@]|/usr/oppai/base/autoconf-2.71/build/..|g' -e 's|@abs_top_builddir[@]|/usr/oppai/base/autoconf-2.71/build|g' -e "s|@configure_input[@]|Generated from $input.|g" tests/wrapper.in >tests/autoconf.tmp
chmod +x tests/autoconf.tmp
chmod a-w tests/autoconf.tmp
mv -f tests/autoconf.tmp tests/autoconf
rm -f tests/autoheader tests/autoheader.tmp
input=tests/wrapper.in \
  && sed -e 's|@wrap_program[@]|autoheader|g' -e 's|@abs_top_srcdir[@]|/usr/oppai/base/autoconf-2.71/build/..|g' -e 's|@abs_top_builddir[@]|/usr/oppai/base/autoconf-2.71/build|g' -e "s|@configure_input[@]|Generated from $input.|g" tests/wrapper.in >tests/autoheader.tmp
chmod +x tests/autoheader.tmp
chmod a-w tests/autoheader.tmp
mv -f tests/autoheader.tmp tests/autoheader
rm -f tests/autom4te tests/autom4te.tmp
input=tests/wrapper.in \
  && sed -e 's|@wrap_program[@]|autom4te|g' -e 's|@abs_top_srcdir[@]|/usr/oppai/base/autoconf-2.71/build/..|g' -e 's|@abs_top_builddir[@]|/usr/oppai/base/autoconf-2.71/build|g' -e "s|@configure_input[@]|Generated from $input.|g" tests/wrapper.in >tests/autom4te.tmp
chmod +x tests/autom4te.tmp
chmod a-w tests/autom4te.tmp
mv -f tests/autom4te.tmp tests/autom4te
rm -f tests/autoreconf tests/autoreconf.tmp
input=tests/wrapper.in \
  && sed -e 's|@wrap_program[@]|autoreconf|g' -e 's|@abs_top_srcdir[@]|/usr/oppai/base/autoconf-2.71/build/..|g' -e 's|@abs_top_builddir[@]|/usr/oppai/base/autoconf-2.71/build|g' -e "s|@configure_input[@]|Generated from $input.|g" tests/wrapper.in >tests/autoreconf.tmp
chmod +x tests/autoreconf.tmp
chmod a-w tests/autoreconf.tmp
mv -f tests/autoreconf.tmp tests/autoreconf
rm -f tests/autoscan tests/autoscan.tmp
input=tests/wrapper.in \
  && sed -e 's|@wrap_program[@]|autoscan|g' -e 's|@abs_top_srcdir[@]|/usr/oppai/base/autoconf-2.71/build/..|g' -e 's|@abs_top_builddir[@]|/usr/oppai/base/autoconf-2.71/build|g' -e "s|@configure_input[@]|Generated from $input.|g" tests/wrapper.in >tests/autoscan.tmp
chmod +x tests/autoscan.tmp
chmod a-w tests/autoscan.tmp
mv -f tests/autoscan.tmp tests/autoscan
rm -f tests/autoupdate tests/autoupdate.tmp
input=tests/wrapper.in \
  && sed -e 's|@wrap_program[@]|autoupdate|g' -e 's|@abs_top_srcdir[@]|/usr/oppai/base/autoconf-2.71/build/..|g' -e 's|@abs_top_builddir[@]|/usr/oppai/base/autoconf-2.71/build|g' -e "s|@configure_input[@]|Generated from $input.|g" tests/wrapper.in >tests/autoupdate.tmp
chmod +x tests/autoupdate.tmp
chmod a-w tests/autoupdate.tmp
mv -f tests/autoupdate.tmp tests/autoupdate
rm -f tests/ifnames tests/ifnames.tmp
input=tests/wrapper.in \
  && sed -e 's|@wrap_program[@]|ifnames|g' -e 's|@abs_top_srcdir[@]|/usr/oppai/base/autoconf-2.71/build/..|g' -e 's|@abs_top_builddir[@]|/usr/oppai/base/autoconf-2.71/build|g' -e "s|@configure_input[@]|Generated from $input.|g" tests/wrapper.in >tests/ifnames.tmp
chmod +x tests/ifnames.tmp
chmod a-w tests/ifnames.tmp
mv -f tests/ifnames.tmp tests/ifnames
if test 'no' != no; then \
  am__dir=. am__subdir_includes=''; \
  case lib/emacs/autoconf-mode.elc in */*) \
    am__dir=`echo 'lib/emacs/autoconf-mode.elc' | sed 's,/[^/]*$,,'`; \
    am__subdir_includes="-L $am__dir -L ../$am__dir"; \
  esac; \
  test -d "$am__dir" || /usr/bin/mkdir -p "$am__dir" || exit 1; \
  no --batch \
      \
    $am__subdir_includes -L . -L .. \
    --eval '(if (boundp (quote byte-compile-dest-file-function)) (setq byte-compile-dest-file-function (lambda (_) "lib/emacs/autoconf-mode.elc")) (defun byte-compile-dest-file (_) "lib/emacs/autoconf-mode.elc") )' \
    -f batch-byte-compile '../lib/emacs/autoconf-mode.el'; \
else :; fi
if test 'no' != no; then \
  am__dir=. am__subdir_includes=''; \
  case lib/emacs/autotest-mode.elc in */*) \
    am__dir=`echo 'lib/emacs/autotest-mode.elc' | sed 's,/[^/]*$,,'`; \
    am__subdir_includes="-L $am__dir -L ../$am__dir"; \
  esac; \
  test -d "$am__dir" || /usr/bin/mkdir -p "$am__dir" || exit 1; \
  no --batch \
      \
    $am__subdir_includes -L . -L .. \
    --eval '(if (boundp (quote byte-compile-dest-file-function)) (setq byte-compile-dest-file-function (lambda (_) "lib/emacs/autotest-mode.elc")) (defun byte-compile-dest-file (_) "lib/emacs/autotest-mode.elc") )' \
    -f batch-byte-compile '../lib/emacs/autotest-mode.el'; \
else :; fi
/usr/bin/mkdir -p lib/autoconf
lang=`echo 'lib/autoconf/autoconf' | sed 's,.*/,,'` \
  && if test $lang = autoconf; then \
       lang=autoconf-without-aclocal-m4; \
     else :; fi \
  && autom4te_perllibdir='..'/lib AUTOM4TE_CFG='lib/autom4te.cfg'         bin/autom4te -B ''lib -B '..'/lib         \
	--language=$lang \
	--freeze \
	--output=lib/autoconf/autoconf.m4f
/usr/bin/mkdir -p lib/autoscan
echo '# Automatically Generated: do not edit this file' >lib/autoscan/autoscan.list
sed '/^[#]/!q' ../lib/autoscan/autoscan.pre >>lib/autoscan/autoscan.list
( \
  sed -n '/^[^#]/p' ../lib/autoscan/autoscan.pre; \
  autom4te_perllibdir='..'/lib AUTOM4TE_CFG='lib/autom4te.cfg'         bin/autom4te -B ''lib -B '..'/lib         --cache '' -M -l autoconf-without-aclocal-m4 \
    -t'AN_OUTPUT:$1: $2		$3' \
) | LC_ALL=C sort >>lib/autoscan/autoscan.list
/usr/bin/mkdir -p lib/autotest
lang=`echo 'lib/autotest/autotest' | sed 's,.*/,,'` \
  && if test $lang = autoconf; then \
       lang=autoconf-without-aclocal-m4; \
     else :; fi \
  && autom4te_perllibdir='..'/lib AUTOM4TE_CFG='lib/autom4te.cfg'         bin/autom4te -B ''lib -B '..'/lib         \
	--language=$lang \
	--freeze \
	--output=lib/autotest/autotest.m4f
/usr/bin/mkdir -p lib/m4sugar
lang=`echo 'lib/m4sugar/m4sugar' | sed 's,.*/,,'` \
  && if test $lang = autoconf; then \
       lang=autoconf-without-aclocal-m4; \
     else :; fi \
  && autom4te_perllibdir='..'/lib AUTOM4TE_CFG='lib/autom4te.cfg'         bin/autom4te -B ''lib -B '..'/lib         \
	--language=$lang \
	--freeze \
	--output=lib/m4sugar/m4sugar.m4f
/usr/bin/mkdir -p lib/m4sugar
lang=`echo 'lib/m4sugar/m4sh' | sed 's,.*/,,'` \
  && if test $lang = autoconf; then \
       lang=autoconf-without-aclocal-m4; \
     else :; fi \
  && autom4te_perllibdir='..'/lib AUTOM4TE_CFG='lib/autom4te.cfg'         bin/autom4te -B ''lib -B '..'/lib         \
	--language=$lang \
	--freeze \
	--output=lib/m4sugar/m4sh.m4f
make  check-local
make[2]: Entering directory '/usr/oppai/base/autoconf-2.71/build'
:;{ \
  echo '# Signature of the current package.' && \
  echo 'm4_define([AT_PACKAGE_NAME],      [GNU Autoconf])' && \
  echo 'm4_define([AT_PACKAGE_TARNAME],   [autoconf])' && \
  echo 'm4_define([AT_PACKAGE_VERSION],   [2.71])' && \
  echo 'm4_define([AT_PACKAGE_STRING],    [GNU Autoconf 2.71])' && \
  echo 'm4_define([AT_PACKAGE_BUGREPORT], [bug-autoconf@gnu.org])' && \
  echo 'm4_define([AT_PACKAGE_URL],       [https://www.gnu.org/software/autoconf/])'; \
} > tests/package.m4-t
mv tests/package.m4-t tests/package.m4
/usr/bin/perl ../tests/mktests.pl tests ../lib/autoconf/general.m4 ../lib/autoconf/status.m4 ../lib/autoconf/autoheader.m4 ../lib/autoconf/autoupdate.m4 ../lib/autoconf/specific.m4 ../lib/autoconf/functions.m4 ../lib/autoconf/lang.m4 ../lib/autoconf/c.m4 ../lib/autoconf/erlang.m4 ../lib/autoconf/fortran.m4 ../lib/autoconf/go.m4 ../lib/autoconf/headers.m4 ../lib/autoconf/libs.m4 ../lib/autoconf/types.m4 ../lib/autoconf/programs.m4
autom4te_perllibdir='..'/lib AUTOM4TE_CFG='lib/autom4te.cfg'         bin/autom4te -B ''lib -B '..'/lib         --language=autotest -I tests -I ../tests suite.at -o tests/testsuite.tmp
mv tests/testsuite.tmp tests/testsuite
/bin/sh tests/testsuite -C tests MAKE=make -j24
## ----------------------------- ##
## GNU Autoconf 2.71 test suite. ##
## ----------------------------- ##

  7: autom4te --trace and whitespace                 ok
 20: ifnames                                         ok
  6: autom4te --trace and unusual macro names        ok
 14: autoconf: the empty token                       ok
 12: autoconf: forbidden tokens, exceptions          ok
  4: autom4te --force                                ok
 13: autoconf: automatically allowed tokens          ok
 17: autoconf: AC_AUTOCONF_VERSION                   ok
  2: Syntax of the Perl scripts                      ok
  3: autom4te cache                                  ok
 16: autoconf: input from stdin                      ok
 18: autoconf: AC_PRESERVE_HELP_ORDER                ok
  9: autoconf --trace: builtins                      ok
  1: Syntax of the shell scripts                     ok
 22: autoheader and macros                           ok
 23: autoheader with multiple headers                ok
 15: autoconf: subdirectories                        ok
 40: autoupdating with aclocal and m4_include        skipped (tools.at:1469)
 41: autom4te preselections                          skipped (tools.at:1507)
 42: autom4te cache creation                         skipped (tools.at:1581)
 21: autoheader                                      ok
 45: autotools and relative TMPDIR                   skipped (tools.at:1717)
 29: autoupdating macros recursively                 expected failure (tools.at:1146)
 46: m4_stack                                        ok
 32: autoupdating with m4_pushdef                    expected failure (tools.at:1229)
  8: autoconf --trace: user macros                   ok
  5: autom4te and whitespace in file names           ok
 25: autoupdating AC_LINK_FILES                      ok
 51: m4_expansion_stack                              ok
 52: m4_require: error message                       ok
 33: autoupdating with AC_REQUIRE                    expected failure (tools.at:1255)
 24: autoupdate                                      ok
 34: autoupdating with complex quoting               expected failure (tools.at:1282)
 39: autoupdating AC_FATAL                           ok
 28: autoupdating OLD to NEW                         ok
 49: m4_warn                                         ok
 48: m4_dumpdef                                      ok
 54: m4_require: circular dependencies               ok
 47: m4_defn                                         ok
 30: autoupdating AC_HELP_STRING                     ok
 57: m4sugar shorthand conditionals                  ok
 58: m4_cond                                         ok
 10: autoconf --trace: AC_CONFIG_MACRO_DIRS          ok
 31: autoupdating with m4sugar                       ok
 50: m4_divert_stack                                 ok
 55: m4_require: one-shot initialization             ok
 60: m4_split                                        ok
 35: autoupdating AC_LANG_SAVE                       ok
 61: m4_do                                           ok
 63: m4_join                                         ok
 64: m4_expand                                       ok
 65: m4_text_box                                     ok
 38: autoupdating AC_DIAGNOSE and AC_WARNING         ok
 59: m4 lists                                        ok
 66: m4_text_wrap                                    ok
 36: autoupdating AC_FOREACH                         ok
 67: m4_version_compare                              ok
 69: m4_bmatch                                       ok
 70: m4_toupper and m4_tolower                       ok
 71: m4_bpatsubsts                                   ok
 53: m4_require: warning message                     ok
 72: m4_esyscmd_s                                    ok
 76: m4_combine                                      ok
 74: m4_map                                          ok
 62: m4_append                                       ok
 81: No extra re-exec with CONFIG_SHELL              ok
 80: __file__ and __line__                           ok
 82: Forced re-exec with CONFIG_SHELL                ok
 86: LINENO stack                                    ok
 87: AS_BOX                                          ok
 90: AS_SET_CATFILE                                  ok
 77: m4_max and m4_min                               ok
 75: m4_map_args and m4_curry                        ok
 56: m4_require: nested                              ok
 19: autoconf: timestamp changes                     ok
 91: AS_ECHO and AS_ECHO_N                           ok
 92: obsolete $as_echo and $as_echo_n                ok
 43: autom4te cache locking                          ok
 89: AS_DIRNAME                                      ok
 26: autoupdating AC_PREREQ                          ok
 94: AS_EXECUTABLE_P                                 ok
 88: AS_BASENAME                                     ok
 84: AS_WARN and AS_ERROR                            ok
100: Null variable substitution                      ok
 96: AS_MKDIR_P                                      ok
 99: Negated classes in globbing                     ok
 73: M4 loops                                        ok
 98: as_me                                           ok
102: Functions and return Support                    ok
103: Nested AS_REQUIRE_SHELL_FN                      ok
 83: Configure re-execs self with CONFIG_SHELL       ok
101: Functions Support                               ok
 97: AS_VERSION_COMPARE                              ok
104: Nested AS_REQUIRE                               ok
 68: Standard regular expressions                    ok
106: AS_HELP_STRING                                  ok
105: AS_REQUIRE_SHELL_FN and m4_require              ok
 95: AS_EXIT                                         ok
111: AS_VAR basics                                   ok
109: AS_LITERAL_IF                                   ok
113: AS_VAR_ARITH                                    ok
112: AS_VAR_APPEND                                   ok
108: AS_FOR                                          ok
115: AS_INIT basename __file__                       ok
114: AS_INIT cleanup                                 ok
118: _AS_CLEAN_DIR                                   ok
 27: autoupdating AU_ALIAS                           ok
119: ECHO_C                                          ok
117: AS_MESSAGE_FD                                   ok
110: AS_TR_SH and AS_TR_CPP                          ok
 37: autoupdating AC_OBSOLETE                        ok
130: AT_SETUP without AT_INIT                        ok
120: AT_COPYRIGHT                                    ok
131: AT_BANNER without AT_INIT                       ok
132: AT_CLEANUP without AT_INIT                      ok
 11: autoconf: forbidden tokens, basic               ok
133: Missing AT_CLEANUP                              ok
134: AT_FAIL_IF without AT_SETUP                     ok
 85: LINENO                                          ok
135: AT_SKIP_IF without AT_SETUP                     ok
107: AS_IF and AS_CASE                               ok
137: AT_DATA without AT_SETUP                        ok
138: AT_XFAIL_IF without AT_SETUP                    ok
136: AT_CHECK without AT_SETUP                       ok
139: AT_KEYWORDS without AT_SETUP                    ok
126: Empty test suite                                ok
141: AT_BANNER inside AT_SETUP                       ok
140: AT_CLEANUP without AT_SETUP                     ok
122: AT_DATA_UNQUOTED                                ok
123: AT_PREPARE_TESTS                                ok
125: AT_TEST_HELPER_FN                               ok
143: Multiple AT_INIT                                ok
121: AT_DATA                                         ok
144: Invalid AT_TEST_HELPER_FN (spaces)              ok
124: AT_PREPARE_EACH_TEST                            ok
142: AT_SETUP inside AT_SETUP                        ok
146: Multiple AT_TEST_HELPER_FN                      ok
145: Invalid AT_TEST_HELPER_FN (substitutions)       ok
127: Banner-only test suite                          ok
128: Empty test                                      ok
116: AS_INIT_GENERATED                               ok
129: Empty check                                     ok
 79: m4_set                                          ok
149: Truth                                           ok
148: Startup error messages                          ok
159: unquoted output                                 ok
151: Skip                                            ok
165: Multiline parameter expansion                   ok
160: Trace output                                    ok
155: Syntax error                                    skipped (autotest.at:451)
158: AT_CHECK execution environment                  ok
150: Fallacy                                         ok
164: Literal multiline command                       ok
152: Hard fail                                       ok
147: Tested programs                                 ok
166: Backquote command substitution                  ok
154: AT_SKIP_IF                                      ok
153: AT_FAIL_IF                                      ok
 93: Redefining AS_ECHO internals                    ok
167: Multiline backquote command substitution        ok
169: Multiline parenthetical command substitution    ok
168: Parenthetical command substitution              ok
170: Shell comment in command                        ok
174: Metacharacters in command from M4 expansion     ok
172: Multiline command from M4 expansion             ok
175: BS-newline in command                           ok
173: Double-M4-quoted command                        ok
176: ^BS-newline in command                          ok
171: Invalid brace-enclosed parameter expansion      ok
179: BSx640-newline in command                       ok
177: BSx641-newline in command                       ok
181: Single-quote-BS-newline in command              ok
178: BS-BS-newline in command                        ok
156: errexit                                         ok
180: Newline-CODE-BS-newline in command              ok
182: Single-quote-newline-BS-newline in command      ok
183: Input from stdin                                ok
161: Logging                                         ok
157: at_status                                       ok
162: Binary output                                   ok
163: Cleanup                                         ok
184: Backquote in a test title                       ok
 78: recursion                                       ok
190: Right bracket in a test title                   ok
185: Single-quote in a test title                    ok
187: Backslash in a test title                       ok
188: Brackets in a test title                        ok
189: Left bracket in a test title                    ok
191: Quoted pound in a test title                    ok
186: Double-quote in a test title                    ok
194: Comma in a test title                           ok
192: Pound in a test title                           ok
197: Right paren in a test title                     ok
195: Parentheses in a test title                     ok
196: Left paren in a test title                      ok
193: Quoted comma in a test title                    ok
198: Quoted Macro in a test title                    ok
200: Macro with backquote in a test title            ok
199: Macro in a test title                           ok
201: Macro with single-quote in a test title         ok
218: Keyword wrapping                                ok
203: Macro with backslash in a test title            ok
208: Long test source lines                          ok
202: Macro with double-quote in a test title         ok
204: Macro echoing macro in a test title             ok
205: Macro echoing single-quote in a test title      ok
206: Long test title in a test title                 ok
222: parallel truth                                  ok
207: Longer test title in a test title               ok
224: parallel skip                                   ok
223: parallel fallacy                                ok
212: Debugging a failed test                         ok
210: Debugging a successful test                     ok
225: parallel syntax error                           skipped (autotest.at:1572)
228: parallel args but non-working mkfifo            ok
236: AC_REQUIRE: topological sort                    ok
237: AC_REQUIRE: error message                       ok
232: unusual file names                              ok
211: Debugging script and environment                ok
214: Choosing where testsuite is run                 ok
238: AC_REQUIRE & AC_DEFUN_ONCE: Require, expand     ok
239: AC_REQUIRE & AC_DEFUN_ONCE: Expand, require     ok
240: AC_REQUIRE & AC_PROVIDE                         ok
209: Huge testsuite                                  ok
231: whitespace in absolute testdir                  ok
213: Using atlocal                                   ok
241: AC_INIT                                         ok
244: AC_COPYRIGHT                                    ok
242: AC_INIT (obsolete invocation)                   ok
235: Erlang Eunit unit tests                         ok
248: AC_TRY_COMMAND                                  ok
215: recheck                                         ok
246: AC_CACHE_LOAD                                   ok
249: Input/Output                                    ok
257: Multiple AC_CONFIG_FILES                        ok
250: configure arguments                             ok
252: configure directories                           ok
220: AT_ARG_OPTION_ARG                               ok
233: C unit tests                                    ok
234: C unit tests (EXEEXT)                           ok
247: AC_COMPUTE_INT                                  ok
251: AC_ARG_ENABLE and AC_ARG_WITH                   ok
219: AT_ARG_OPTION                                   ok
258: Parameterized AC_CONFIG_FILES                   ok
261: Macro calls in AC_CONFIG_COMMANDS tags          ok
264: --help and --version in unwritable directory    ok
253: AC_SUBST                                        ok
229: colored test results                            ok
262: Missing templates                               ok
265: #define header templates                        ok
268: Define to a 2000-byte string                    ok
230: srcdir propagation                              ok
267: Substitute a 2000-byte string                   ok
270: Substitute a newline                            ok
216: Banners                                         ok
279: Configuring subdirectories                      skipped (torture.at:1460)
280: Deep Package                                    skipped (torture.at:1588)
281: Non-Autoconf AC_CONFIG_SUBDIRS                  skipped (torture.at:1727)
276: Signal handling                                 ok
269: Substitute and define special characters        ok
255: AC_CONFIG_COMMANDS with empty commands          ok
285: Unusual Automake input files                    skipped (torture.at:1878)
286: Specific warnings options for autoreconf        skipped (torture.at:1917)
266: Torturing config.status                         ok
284: Empty directory                                 ok
256: AC_CONFIG_COMMANDS with temporary directory     ok
274: srcdir                                          ok
273: datarootdir workaround                          ok
271: Define a newline                                ok
292: AC_LANG, AC_LANG_PUSH & AC_LANG_POP             ok
293: AC_REQUIRE & AC_LANG                            ok
275: VPATH                                           ok
283: Empty AC_CONFIG_SUBDIRS                         ok
296: AC_LANG_SOURCE example                          skipped (compile.at:193)
297: AC_LANG_PROGRAM example                         skipped (compile.at:234)
290: Missing auxiliary files (--force)               ok
263: configure invocation                            ok
294: AC_LANG_SOURCE                                  ok
254: configure with closed standard fds              ok
278: AC_CONFIG_LINKS and identical files             ok
295: AC_LANG_SOURCE(C++)                             ok
282: Non-literal AC_CONFIG_SUBDIRS                   ok
288: Missing auxiliary files (install-sh)            ok
289: Missing auxiliary files (foreign)               ok
306: Broken/missing compilers                        ok
287: Missing auxiliary files (config.*)              ok
272: AC_SUBST: variable name validation              ok
259: AC_ARG_VAR                                      ok
245: AC_CACHE_CHECK                                  skipped (base.at:762)
299: AC_RUN_IFELSE                                   ok
300: Order of user actions and cleanup               ok
277: AC_CONFIG_LINKS                                 ok
305: Object file extensions                          ok
226: parallel errexit                                ok
243: AC_INIT with unusual version strings            ok
307: C keywords                                      ok
217: Keywords and ranges                             ok
291: Files clobbered by AC_OPENMP                    ok
 44: autotools and whitespace in file names          ok
308: AC_PROG_CPP requires AC_PROG_CC                 ok
313: AC_NO_EXECUTABLES (broken linker)               ok
303: AC_NO_EXECUTABLES                               ok
309: AC_PROG_CPP with warnings                       ok
260: AC_CONFIG_FILES, HEADERS, LINKS and COMMANDS    ok
312: AC_NO_EXECUTABLES (working linker)              ok
310: AC_PROG_CPP without warnings                    ok
311: AC_PROG_CPP via CC                              ok
316: AC_OPENMP and C                                 skipped (c.at:389)
298: AC_COMPILE_IFELSE                               ok
317: AC_OPENMP and C++                               skipped (c.at:431)
315: AC_C_RESTRICT and C++                           ok
302: Multiple languages                              ok
314: AC_USE_SYSTEM_EXTENSIONS                        ok
333: AC_LANG_C                                       ok
334: autoupdating AC_LANG_C                          ok
335: AC_LANG_CPLUSPLUS                               ok
339: GNU Fortran 77                                  skipped (fortran.at:31)
336: autoupdating AC_LANG_CPLUSPLUS                  ok
340: GNU Fortran                                     skipped (fortran.at:61)
341: AC_OPENMP and Fortran 77                        skipped (fortran.at:119)
342: AC_OPENMP and Fortran                           skipped (fortran.at:164)
337: AC_LANG_OBJC                                    ok
343: AC_F77_DUMMY_MAIN usage                         skipped (fortran.at:256)
338: autoupdating AC_LANG_OBJC                       ok
344: AC_FC_DUMMY_MAIN usage                          skipped (fortran.at:338)
346: AC_FC_MAIN usage                                skipped (fortran.at:503)
345: AC_F77_MAIN usage                               skipped (fortran.at:419)
347: AC_F77_FUNC usage                               skipped (fortran.at:582)
221: parallel test execution                         ok
349: AC_FC_SRCEXT usage                              skipped (fortran.at:743)
348: AC_FC_FUNC usage                                skipped (fortran.at:658)
351: AC_FC_FREEFORM                                  skipped (fortran.at:878)
350: AC_FC_PP_SRCEXT usage                           skipped (fortran.at:842)
352: AC_FC_FREEFORM with AC_FC_SRCEXT                skipped (fortran.at:915)
304: AC_REQUIRE_CPP                                  ok
354: AC_FC_FIXEDFORM with AC_FC_SRCEXT               skipped (fortran.at:990)
353: AC_FC_FIXEDFORM                                 skipped (fortran.at:952)
356: AC_FC_CHECK_BOUNDS                              skipped (fortran.at:1119)
355: AC_FC_LINE_LENGTH                               skipped (fortran.at:1058)
357: AC_FC_MODULE_FLAG                               skipped (fortran.at:1186)
301: AC_TRY_LINK_FUNC                                ok
358: AC_F77_IMPLICIT_NONE                            skipped (acfortran.at:8)
359: AC_F77_MAIN                                     skipped (acfortran.at:9)
361: AC_FC_CHECK_BOUNDS                              skipped (acfortran.at:11)
360: AC_F77_WRAPPERS                                 skipped (acfortran.at:10)
362: AC_FC_FIXEDFORM                                 skipped (acfortran.at:12)
363: AC_FC_FREEFORM                                  skipped (acfortran.at:13)
318: AC_C_BACKSLASH_A                                ok
364: AC_FC_IMPLICIT_NONE                             skipped (acfortran.at:14)
323: AC_C_PROTOTYPES                                 ok
365: AC_FC_LINE_LENGTH                               skipped (acfortran.at:15)
322: AC_C_INLINE                                     ok
321: AC_C_FLEXIBLE_ARRAY_MEMBER                      ok
366: AC_FC_MAIN                                      skipped (acfortran.at:16)
367: AC_FC_MODULE_EXTENSION                          skipped (acfortran.at:17)
324: AC_C_RESTRICT                                   ok
326: AC_C_TYPEOF                                     ok
368: AC_FC_MODULE_FLAG                               skipped (acfortran.at:18)
370: AC_FC_PP_DEFINE                                 skipped (acfortran.at:20)
328: AC_C__GENERIC                                   ok
369: AC_FC_MODULE_OUTPUT_FLAG                        skipped (acfortran.at:19)
372: AC_PROG_F77_C_O                                 skipped (acfortran.at:22)
373: AC_PROG_FC_C_O                                  skipped (acfortran.at:23)
371: AC_FC_WRAPPERS                                  skipped (acfortran.at:21)
330: AC_PROG_CC_C_O                                  ok
325: AC_C_STRINGIZE                                  ok
378: Erlang basic compilation                        skipped (erlang.at:36)
381: AC_ERLANG_SUBST_LIB_DIR                         skipped (erlang.at:95)
379: AC_ERLANG_CHECK_LIB                             skipped (erlang.at:66)
380: AC_ERLANG_SUBST_ROOT_DIR                        skipped (erlang.at:82)
385: AC_ERLANG_SUBST_ERTS_VER                        skipped (acerlang.at:10)
386: AC_ERLANG_SUBST_LIB_DIR                         skipped (acerlang.at:11)
327: AC_C_VARARRAYS                                  ok
320: AC_C_CHAR_UNSIGNED                              ok
331: AC_PROG_CPP_WERROR                              ok
319: AC_C_BIGENDIAN                                  ok
389: Go                                              skipped (go.at:30)
329: AC_OPENMP                                       ok
375: autoupdating AC_F77_NAME_MANGLING               ok
374: AC_F77_NAME_MANGLING                            ok
377: autoupdating AC_LANG_FORTRAN77                  ok
376: AC_LANG_FORTRAN77                               ok
332: AC_PROG_GCC_TRADITIONAL                         ok
382: AC_ERLANG_SUBST_INSTALL_LIB_SUBDIR              ok
383: AC_ERLANG_PATH_ERL                              ok
384: AC_ERLANG_PATH_ERLC                             ok
400: AC_CHECK_HEADERS (compiler test)                ok
388: autoupdating AC_LANG_ERLANG                     ok
387: AC_LANG_ERLANG                                  ok
408: AC_CHECK_TYPES: backward compatibility          ok
399: AC_CHECK_HEADERS (preprocessor test)            ok
398: AC_CHECK_HEADERS                                ok
391: autoupdating AC_LANG_GO                         ok
390: AC_LANG_GO                                      ok
397: AC_REPLACE_FUNCS                                ok
410: AC_CHECK_PROG & AC_CHECK_PROGS                  ok
413: AC_PATH_PROGS_FEATURE_CHECK                     ok
412: AC_PATH_PROG & AC_PATH_PROGS                    ok
409: AC_CHECK_FILES                                  ok
227: parallel autotest and signal handling           ok
416: AC_FUNC_SETVBUF_REVERSED                        ok
414: AC_PATH_XTRA                                    ok
411: AC_C_BIGENDIAN                                  ok
421: autoupdating AC_TRY_COMPILE                     ok
419: autoupdating AC_TRY_CPP                         ok
423: autoupdating AC_TRY_LINK                        ok
430: Macro expansion in AC_CHECK_FUNCS (literal)     ok
425: autoupdating AC_COMPILE_CHECK                   ok
394: AC_SEARCH_LIBS (none needed)                    ok
396: AC_CHECK_FUNCS                                  ok
401: AC_CHECK_MEMBER                                 ok
427: autoupdating AC_TRY_RUN                         ok
431: Macro expansion in AC_CHECK_FUNCS (variable)    ok
432: Macro expansion in AC_CHECK_FUNCS_ONCE          ok
402: AC_CHECK_MEMBERS                                ok
433: Macro expansion in AC_REPLACE_FUNCS (literal)   ok
429: autoupdating AC_HAVE_LIBRARY                    ok
439: Macro expansion in AC_CONFIG_MACRO_DIRS         ok
407: AC_CHECK_TYPES                                  ok
438: Macro expansion in AC_CHECK_FILES               ok
420: AC_TRY_COMPILE                                  ok
417: AC_FUNC_WAIT3                                   ok
440: Macro expansion in AC_CONFIG_SUBDIRS            ok
422: AC_TRY_LINK                                     ok
434: Macro expansion in AC_REPLACE_FUNCS (variable)  ok
424: AC_COMPILE_CHECK                                ok
418: AC_TRY_CPP                                      ok
442: AC_PROG_LEX with yywrap                         skipped (semantics.at:1257)
435: Macro expansion in AC_CHECK_HEADERS (literal)   ok
436: Macro expansion in AC_CHECK_HEADERS (variable)  ok
437: Macro expansion in AC_CHECK_HEADERS_ONCE        ok
404: AC_CHECK_ALIGNOF struct                         ok
395: AC_CHECK_DECLS                                  ok
403: AC_CHECK_ALIGNOF                                ok
392: AC_CHECK_LIB                                    ok
405: AC_CHECK_SIZEOF                                 ok
444: Invalid arguments to AC_PROG_LEX                ok
443: AC_PROG_LEX in legacy mode                      ok
426: AC_TRY_RUN                                      ok
445: AC_ARG_ENABLE                                   ok
446: AC_ARG_PROGRAM                                  ok
447: AC_ARG_WITH                                     ok
453: AC_PREFIX_DEFAULT                               ok
452: AC_LIBSOURCES                                   ok
451: AC_LIBOBJ                                       ok
454: AC_REQUIRE_AUX_FILE                             ok
456: autoupdating AC_CHECKING                        ok
415: AC_SYS_RESTARTABLE_SYSCALLS                     ok
455: AC_CHECKING                                     ok
457: AC_ENABLE                                       ok
406: AC_CHECK_SIZEOF struct                          ok
458: autoupdating AC_ENABLE                          ok
459: AC_MSG_RESULT_UNQUOTED                          ok
460: autoupdating AC_MSG_RESULT_UNQUOTED             ok
461: AC_VALIDATE_CACHED_SYSTEM_TUPLE                 ok
462: autoupdating AC_VALIDATE_CACHED_SYSTEM_TUPLE    ok
428: AC_HAVE_LIBRARY                                 ok
393: AC_SEARCH_LIBS (needed)                         ok
464: autoupdating AC_WITH                            ok
463: AC_WITH                                         ok
467: AC_OUTPUT_COMMANDS                              ok
468: autoupdating AC_OUTPUT_COMMANDS                 ok
469: AC_SYS_INTERPRETER                              ok
475: AC_ARG_ARRAY                                    ok
471: AC_SYS_LONG_FILE_NAMES                          ok
476: autoupdating AC_ARG_ARRAY                       ok
466: autoupdating _AC_COMPUTE_INT                    ok
481: AC_HAVE_POUNDBANG                               ok
482: autoupdating AC_HAVE_POUNDBANG                  ok
474: autoupdating AC_AIX                             ok
480: autoupdating AC_DYNIX_SEQ                       ok
478: autoupdating AC_DECL_SYS_SIGLIST                ok
484: autoupdating AC_IRIX_SUN                        ok
486: autoupdating AC_ISC_POSIX                       ok
449: AC_EGREP_CPP                                    ok
450: AC_EGREP_HEADER                                 ok
493: AC_PROG_AWK                                     ok
441: AC_PROG_LEX with noyywrap                       ok
490: autoupdating AC_SCO_INTL                        ok
488: autoupdating AC_MINIX                           ok
494: AC_PROG_FGREP                                   ok
495: AC_PROG_INSTALL                                 ok
448: AC_CHECK_DECLS_ONCE                             ok
496: AC_PROG_LN_S                                    ok
497: AC_PROG_MAKE_SET                                ok
492: autoupdating AC_XENIX_DIR                       ok
465: _AC_COMPUTE_INT                                 ok
498: AC_PROG_MKDIR_P                                 ok
470: AC_SYS_LARGEFILE                                ok
499: AC_PROG_RANLIB                                  ok
500: AC_PROG_SED                                     ok
472: AC_SYS_POSIX_TERMIOS                            ok
501: AC_PROG_YACC                                    ok
502: AC_CHECK_TOOL_PREFIX                            ok
503: autoupdating AC_CHECK_TOOL_PREFIX               ok
506: AC_RSH                                          ok
507: autoupdating AC_RSH                             ok
477: AC_DECL_SYS_SIGLIST                             ok
479: AC_DYNIX_SEQ                                    ok
510: AC_HEADER_ASSERT                                ok
483: AC_IRIX_SUN                                     ok
473: AC_AIX                                          ok
485: AC_ISC_POSIX                                    ok
489: AC_SCO_INTL                                     ok
505: autoupdating AC_DECL_YYTEXT                     ok
487: AC_MINIX                                        ok
517: autoupdating AC_DIR_HEADER                      ok
491: AC_XENIX_DIR                                    ok
519: autoupdating AC_HEADER_STDC                     ok
521: autoupdating AC_HEADER_TIME                     ok
523: autoupdating AC_MEMORY_H                        ok
525: autoupdating AC_UNISTD_H                        ok
527: autoupdating AC_USG                             ok
529: autoupdating _AC_CHECK_HEADER_MONGREL           ok
513: AC_HEADER_STAT                                  ok
512: AC_HEADER_RESOLV                                ok
508: AC_CHECK_HEADERS_ONCE                           ok
509: AC_CHECK_HEADER_STDBOOL                         ok
515: AC_HEADER_TIOCGWINSZ                            ok
516: AC_DIR_HEADER                                   ok
504: AC_DECL_YYTEXT                                  ok
511: AC_HEADER_MAJOR                                 ok
514: AC_HEADER_STDBOOL                               ok
518: AC_HEADER_STDC                                  ok
526: AC_USG                                          ok
520: AC_HEADER_TIME                                  ok
522: AC_MEMORY_H                                     ok
524: AC_UNISTD_H                                     ok
528: _AC_CHECK_HEADER_MONGREL                        ok
530: AC_STRUCT_DIRENT_D_INO                          ok
531: AC_STRUCT_DIRENT_D_TYPE                         ok
533: AC_STRUCT_TIMEZONE                              ok
532: AC_STRUCT_ST_BLOCKS                             ok
552: autoupdating AC_C_LONG_DOUBLE                   ok
534: AC_TYPE_INT16_T                                 ok
535: AC_TYPE_INT32_T                                 ok
537: AC_TYPE_INT8_T                                  ok
536: AC_TYPE_INT64_T                                 ok
540: AC_TYPE_LONG_DOUBLE                             ok
554: autoupdating AC_INT_16_BITS                     ok
541: AC_TYPE_LONG_DOUBLE_WIDER                       ok
556: autoupdating AC_LONG_64_BITS                    ok
538: AC_TYPE_INTMAX_T                                ok
539: AC_TYPE_INTPTR_T                                ok
544: AC_TYPE_SSIZE_T                                 ok
542: AC_TYPE_MODE_T                                  ok
543: AC_TYPE_OFF_T                                   ok
551: AC_C_LONG_DOUBLE                                ok
562: autoupdating AC_TYPE_SIGNAL                     ok
546: AC_TYPE_UINT32_T                                ok
558: autoupdating AC_STRUCT_ST_BLKSIZE               ok
545: AC_TYPE_UINT16_T                                ok
547: AC_TYPE_UINT64_T                                ok
565: AC_CHECK_FUNCS_ONCE                             ok
560: autoupdating AC_STRUCT_ST_RDEV                  ok
548: AC_TYPE_UINT8_T                                 ok
549: AC_TYPE_UINTMAX_T                               ok
550: AC_TYPE_UINTPTR_T                               ok
564: autoupdating AM_TYPE_PTRDIFF_T                  ok
553: AC_INT_16_BITS                                  ok
569: AC_FUNC_FNMATCH                                 ok
555: AC_LONG_64_BITS                                 ok
557: AC_STRUCT_ST_BLKSIZE                            ok
566: AC_FUNC_CHOWN                                   ok
561: AC_TYPE_SIGNAL                                  ok
576: AC_FUNC_MALLOC                                  ok
570: AC_FUNC_FORK                                    ok
578: AC_FUNC_MEMCMP                                  ok
559: AC_STRUCT_ST_RDEV                               ok
575: AC_FUNC_LSTAT                                   ok
582: AC_FUNC_REALLOC                                 ok
579: AC_FUNC_MKTIME                                  ok
572: AC_FUNC_GETGROUPS                               ok
580: AC_FUNC_MMAP                                    ok
595: shtool                                          skipped (foreign.at:130)
599: autoscan                                        ok
568: AC_FUNC_ERROR_AT_LINE                           ok
563: AM_TYPE_PTRDIFF_T                               ok
567: AC_FUNC_CLOSEDIR_VOID                           ok
571: AC_FUNC_FSEEKO                                  ok
596: AX_PROG_CC_FOR_BUILD                            ok
573: AC_FUNC_GETMNTENT                               ok
597: AX_PROG_CXX_FOR_BUILD                           ok
577: AC_FUNC_MBRTOWC                                 ok
594: Libtool                                         ok
585: AC_FUNC_STAT                                    ok
586: AC_FUNC_STRCOLL                                 ok
574: AC_FUNC_GETPGRP                                 ok
590: AC_FUNC_STRTOD                                  ok
589: AC_FUNC_STRNLEN                                 ok
581: AC_FUNC_OBSTACK                                 ok
583: AC_FUNC_SELECT_ARGTYPES                         ok
584: AC_FUNC_SETPGRP                                 ok
588: AC_FUNC_STRFTIME                                ok
591: AC_FUNC_STRTOLD                                 ok
593: AC_FUNC_VPRINTF                                 ok
598: gnulib-std-gnu11.m4                             ok
587: AC_FUNC_STRERROR_R                              ok
592: AC_FUNC_UTIME_NULL                              ok

## ------------- ##
## Test results. ##
## ------------- ##

539 tests behaved as expected.
60 tests were skipped.
make[2]: Leaving directory '/usr/oppai/base/autoconf-2.71/build'
make[1]: Leaving directory '/usr/oppai/base/autoconf-2.71/build'
