make  check-recursive
make[1]: Entering directory '/usr/oppai/base/gettext-0.21/build'
Making check in gnulib-local
make[2]: Entering directory '/usr/oppai/base/gettext-0.21/build/gnulib-local'
make[2]: Nothing to be done for 'check'.
make[2]: Leaving directory '/usr/oppai/base/gettext-0.21/build/gnulib-local'
Making check in gettext-runtime
make[2]: Entering directory '/usr/oppai/base/gettext-0.21/build/gettext-runtime'
Making check in doc
make[3]: Entering directory '/usr/oppai/base/gettext-0.21/build/gettext-runtime/doc'
make[3]: Nothing to be done for 'check'.
make[3]: Leaving directory '/usr/oppai/base/gettext-0.21/build/gettext-runtime/doc'
Making check in intl
make[3]: Entering directory '/usr/oppai/base/gettext-0.21/build/gettext-runtime/intl'
make  check-am
make[4]: Entering directory '/usr/oppai/base/gettext-0.21/build/gettext-runtime/intl'
make[4]: Nothing to be done for 'check-am'.
make[4]: Leaving directory '/usr/oppai/base/gettext-0.21/build/gettext-runtime/intl'
make[3]: Leaving directory '/usr/oppai/base/gettext-0.21/build/gettext-runtime/intl'
Making check in intl-java
make[3]: Entering directory '/usr/oppai/base/gettext-0.21/build/gettext-runtime/intl-java'
make[3]: Nothing to be done for 'check'.
make[3]: Leaving directory '/usr/oppai/base/gettext-0.21/build/gettext-runtime/intl-java'
Making check in intl-csharp
make[3]: Entering directory '/usr/oppai/base/gettext-0.21/build/gettext-runtime/intl-csharp'
make[3]: Nothing to be done for 'check'.
make[3]: Leaving directory '/usr/oppai/base/gettext-0.21/build/gettext-runtime/intl-csharp'
Making check in gnulib-lib
make[3]: Entering directory '/usr/oppai/base/gettext-0.21/build/gettext-runtime/gnulib-lib'
make  check-recursive
make[4]: Entering directory '/usr/oppai/base/gettext-0.21/build/gettext-runtime/gnulib-lib'
make[5]: Entering directory '/usr/oppai/base/gettext-0.21/build/gettext-runtime/gnulib-lib'
make[5]: Nothing to be done for 'check-am'.
make[5]: Leaving directory '/usr/oppai/base/gettext-0.21/build/gettext-runtime/gnulib-lib'
make[4]: Leaving directory '/usr/oppai/base/gettext-0.21/build/gettext-runtime/gnulib-lib'
make[3]: Leaving directory '/usr/oppai/base/gettext-0.21/build/gettext-runtime/gnulib-lib'
Making check in libasprintf
make[3]: Entering directory '/usr/oppai/base/gettext-0.21/build/gettext-runtime/libasprintf'
make  check-am
make[4]: Entering directory '/usr/oppai/base/gettext-0.21/build/gettext-runtime/libasprintf'
make[4]: Nothing to be done for 'check-am'.
make[4]: Leaving directory '/usr/oppai/base/gettext-0.21/build/gettext-runtime/libasprintf'
make[3]: Leaving directory '/usr/oppai/base/gettext-0.21/build/gettext-runtime/libasprintf'
Making check in src
make[3]: Entering directory '/usr/oppai/base/gettext-0.21/build/gettext-runtime/src'
make[3]: Nothing to be done for 'check'.
make[3]: Leaving directory '/usr/oppai/base/gettext-0.21/build/gettext-runtime/src'
Making check in po
make[3]: Entering directory '/usr/oppai/base/gettext-0.21/build/gettext-runtime/po'
make[3]: Nothing to be done for 'check'.
make[3]: Leaving directory '/usr/oppai/base/gettext-0.21/build/gettext-runtime/po'
Making check in man
make[3]: Entering directory '/usr/oppai/base/gettext-0.21/build/gettext-runtime/man'
make[3]: Nothing to be done for 'check'.
make[3]: Leaving directory '/usr/oppai/base/gettext-0.21/build/gettext-runtime/man'
Making check in m4
make[3]: Entering directory '/usr/oppai/base/gettext-0.21/build/gettext-runtime/m4'
make[3]: Nothing to be done for 'check'.
make[3]: Leaving directory '/usr/oppai/base/gettext-0.21/build/gettext-runtime/m4'
Making check in tests
make[3]: Entering directory '/usr/oppai/base/gettext-0.21/build/gettext-runtime/tests'
make  
make[4]: Entering directory '/usr/oppai/base/gettext-0.21/build/gettext-runtime/tests'
make[4]: Nothing to be done for 'all'.
make[4]: Leaving directory '/usr/oppai/base/gettext-0.21/build/gettext-runtime/tests'
make  check-TESTS
make[4]: Entering directory '/usr/oppai/base/gettext-0.21/build/gettext-runtime/tests'
make[5]: Entering directory '/usr/oppai/base/gettext-0.21/build/gettext-runtime/tests'
============================================================================
Testsuite summary for gettext-runtime 0.21
============================================================================
# TOTAL: 0
# PASS:  0
# SKIP:  0
# XFAIL: 0
# FAIL:  0
# XPASS: 0
# ERROR: 0
============================================================================
make[5]: Leaving directory '/usr/oppai/base/gettext-0.21/build/gettext-runtime/tests'
make[4]: Leaving directory '/usr/oppai/base/gettext-0.21/build/gettext-runtime/tests'
make[3]: Leaving directory '/usr/oppai/base/gettext-0.21/build/gettext-runtime/tests'
make[3]: Entering directory '/usr/oppai/base/gettext-0.21/build/gettext-runtime'
make[3]: Nothing to be done for 'check-am'.
make[3]: Leaving directory '/usr/oppai/base/gettext-0.21/build/gettext-runtime'
make[2]: Leaving directory '/usr/oppai/base/gettext-0.21/build/gettext-runtime'
Making check in libtextstyle
make[2]: Entering directory '/usr/oppai/base/gettext-0.21/build/libtextstyle'
Making check in lib
make[3]: Entering directory '/usr/oppai/base/gettext-0.21/build/libtextstyle/lib'
make  check-am
make[4]: Entering directory '/usr/oppai/base/gettext-0.21/build/libtextstyle/lib'
make[4]: Nothing to be done for 'check-am'.
make[4]: Leaving directory '/usr/oppai/base/gettext-0.21/build/libtextstyle/lib'
make[3]: Leaving directory '/usr/oppai/base/gettext-0.21/build/libtextstyle/lib'
Making check in tests
make[3]: Entering directory '/usr/oppai/base/gettext-0.21/build/libtextstyle/tests'
make  check-recursive
make[4]: Entering directory '/usr/oppai/base/gettext-0.21/build/libtextstyle/tests'
Making check in .
make[5]: Entering directory '/usr/oppai/base/gettext-0.21/build/libtextstyle/tests'
make  test-memory-ostream test-term-ostream libtests.a
make[6]: Entering directory '/usr/oppai/base/gettext-0.21/build/libtextstyle/tests'
depbase=`echo test-memory-ostream.o | sed 's|[^/]*$|.deps/&|;s|\.o$||'`;\
clang -DHAVE_CONFIG_H -I. -I../../../libtextstyle/tests -I../lib -I..  -DIN_LIBTEXTSTYLE_GNULIB_TESTS=1 -I. -I../../../libtextstyle/tests -I.. -I../../../libtextstyle/tests/.. -I../lib -I../../../libtextstyle/tests/../lib   -march=znver1 -O2 -pipe -fPIC -stdlib=libc++ -rtlib=compiler-rt -unwindlib=libunwind -fuse-ld=lld --target=x86_64-zel-linux-musl -MT test-memory-ostream.o -MD -MP -MF $depbase.Tpo -c -o test-memory-ostream.o ../../../libtextstyle/tests/test-memory-ostream.c &&\
mv -f $depbase.Tpo $depbase.Po
depbase=`echo dummy.o | sed 's|[^/]*$|.deps/&|;s|\.o$||'`;\
clang -DHAVE_CONFIG_H -I. -I../../../libtextstyle/tests -I../lib -I..  -DIN_LIBTEXTSTYLE_GNULIB_TESTS=1 -I. -I../../../libtextstyle/tests -I.. -I../../../libtextstyle/tests/.. -I../lib -I../../../libtextstyle/tests/../lib   -march=znver1 -O2 -pipe -fPIC -stdlib=libc++ -rtlib=compiler-rt -unwindlib=libunwind -fuse-ld=lld --target=x86_64-zel-linux-musl -MT dummy.o -MD -MP -MF $depbase.Tpo -c -o dummy.o ../../../libtextstyle/tests/dummy.c &&\
mv -f $depbase.Tpo $depbase.Po
rm -f libtests.a
ar cr libtests.a dummy.o 
ranlib libtests.a
/bin/sh ../libtool  --tag=CC --preserve-dup-deps  --mode=link clang  -march=znver1 -O2 -pipe -fPIC -stdlib=libc++ -rtlib=compiler-rt -unwindlib=libunwind -fuse-ld=lld --target=x86_64-zel-linux-musl   -o test-memory-ostream test-memory-ostream.o libtests.a ../lib/libtextstyle.la libtests.a ../lib/libtextstyle.la  
libtool: link: clang -march=znver1 -O2 -pipe -fPIC -stdlib=libc++ -rtlib=compiler-rt -unwindlib=libunwind -fuse-ld=lld --target=x86_64-zel-linux-musl -o .libs/test-memory-ostream test-memory-ostream.o  libtests.a libtests.a ../lib/.libs/libtextstyle.so -lncurses
depbase=`echo test-term-ostream.o | sed 's|[^/]*$|.deps/&|;s|\.o$||'`;\
clang -DHAVE_CONFIG_H -I. -I../../../libtextstyle/tests -I../lib -I..  -DIN_LIBTEXTSTYLE_GNULIB_TESTS=1 -I. -I../../../libtextstyle/tests -I.. -I../../../libtextstyle/tests/.. -I../lib -I../../../libtextstyle/tests/../lib   -march=znver1 -O2 -pipe -fPIC -stdlib=libc++ -rtlib=compiler-rt -unwindlib=libunwind -fuse-ld=lld --target=x86_64-zel-linux-musl -MT test-term-ostream.o -MD -MP -MF $depbase.Tpo -c -o test-term-ostream.o ../../../libtextstyle/tests/test-term-ostream.c &&\
mv -f $depbase.Tpo $depbase.Po
/bin/sh ../libtool  --tag=CC --preserve-dup-deps  --mode=link clang  -march=znver1 -O2 -pipe -fPIC -stdlib=libc++ -rtlib=compiler-rt -unwindlib=libunwind -fuse-ld=lld --target=x86_64-zel-linux-musl   -o test-term-ostream test-term-ostream.o  libtests.a ../lib/libtextstyle.la libtests.a ../lib/libtextstyle.la  
libtool: link: clang -march=znver1 -O2 -pipe -fPIC -stdlib=libc++ -rtlib=compiler-rt -unwindlib=libunwind -fuse-ld=lld --target=x86_64-zel-linux-musl -o .libs/test-term-ostream test-term-ostream.o  libtests.a libtests.a ../lib/.libs/libtextstyle.so -lncurses
make[6]: 'libtests.a' is up to date.
make[6]: Leaving directory '/usr/oppai/base/gettext-0.21/build/libtextstyle/tests'
make  check-TESTS
make[6]: Entering directory '/usr/oppai/base/gettext-0.21/build/libtextstyle/tests'
make[7]: Entering directory '/usr/oppai/base/gettext-0.21/build/libtextstyle/tests'
PASS: test-memory-ostream
PASS: test-term-ostream-xterm.sh
============================================================================
Testsuite summary for 
============================================================================
# TOTAL: 2
# PASS:  2
# SKIP:  0
# XFAIL: 0
# FAIL:  0
# XPASS: 0
# ERROR: 0
============================================================================
make[7]: Leaving directory '/usr/oppai/base/gettext-0.21/build/libtextstyle/tests'
make[6]: Leaving directory '/usr/oppai/base/gettext-0.21/build/libtextstyle/tests'
make[5]: Leaving directory '/usr/oppai/base/gettext-0.21/build/libtextstyle/tests'
make[4]: Leaving directory '/usr/oppai/base/gettext-0.21/build/libtextstyle/tests'
make[3]: Leaving directory '/usr/oppai/base/gettext-0.21/build/libtextstyle/tests'
Making check in adhoc-tests
make[3]: Entering directory '/usr/oppai/base/gettext-0.21/build/libtextstyle/adhoc-tests'
make[3]: Nothing to be done for 'check'.
make[3]: Leaving directory '/usr/oppai/base/gettext-0.21/build/libtextstyle/adhoc-tests'
Making check in doc
make[3]: Entering directory '/usr/oppai/base/gettext-0.21/build/libtextstyle/doc'
make[3]: Nothing to be done for 'check'.
make[3]: Leaving directory '/usr/oppai/base/gettext-0.21/build/libtextstyle/doc'
make[3]: Entering directory '/usr/oppai/base/gettext-0.21/build/libtextstyle'
make[3]: Nothing to be done for 'check-am'.
make[3]: Leaving directory '/usr/oppai/base/gettext-0.21/build/libtextstyle'
make[2]: Leaving directory '/usr/oppai/base/gettext-0.21/build/libtextstyle'
Making check in gettext-tools
make[2]: Entering directory '/usr/oppai/base/gettext-0.21/build/gettext-tools'
Making check in intl
make[3]: Entering directory '/usr/oppai/base/gettext-0.21/build/gettext-tools/intl'
make  check-am
make[4]: Entering directory '/usr/oppai/base/gettext-0.21/build/gettext-tools/intl'
make[4]: Nothing to be done for 'check-am'.
make[4]: Leaving directory '/usr/oppai/base/gettext-0.21/build/gettext-tools/intl'
make[3]: Leaving directory '/usr/oppai/base/gettext-0.21/build/gettext-tools/intl'
Making check in gnulib-lib
make[3]: Entering directory '/usr/oppai/base/gettext-0.21/build/gettext-tools/gnulib-lib'
make  check-am
make[4]: Entering directory '/usr/oppai/base/gettext-0.21/build/gettext-tools/gnulib-lib'
make[4]: Nothing to be done for 'check-am'.
make[4]: Leaving directory '/usr/oppai/base/gettext-0.21/build/gettext-tools/gnulib-lib'
make[3]: Leaving directory '/usr/oppai/base/gettext-0.21/build/gettext-tools/gnulib-lib'
Making check in libgrep
make[3]: Entering directory '/usr/oppai/base/gettext-0.21/build/gettext-tools/libgrep'
make  check-am
make[4]: Entering directory '/usr/oppai/base/gettext-0.21/build/gettext-tools/libgrep'
make[4]: Nothing to be done for 'check-am'.
make[4]: Leaving directory '/usr/oppai/base/gettext-0.21/build/gettext-tools/libgrep'
make[3]: Leaving directory '/usr/oppai/base/gettext-0.21/build/gettext-tools/libgrep'
Making check in src
make[3]: Entering directory '/usr/oppai/base/gettext-0.21/build/gettext-tools/src'
make  check-am
make[4]: Entering directory '/usr/oppai/base/gettext-0.21/build/gettext-tools/src'
make[4]: Nothing to be done for 'check-am'.
make[4]: Leaving directory '/usr/oppai/base/gettext-0.21/build/gettext-tools/src'
make[3]: Leaving directory '/usr/oppai/base/gettext-0.21/build/gettext-tools/src'
Making check in libgettextpo
make[3]: Entering directory '/usr/oppai/base/gettext-0.21/build/gettext-tools/libgettextpo'
make  check-am
make[4]: Entering directory '/usr/oppai/base/gettext-0.21/build/gettext-tools/libgettextpo'
make[4]: Nothing to be done for 'check-am'.
make[4]: Leaving directory '/usr/oppai/base/gettext-0.21/build/gettext-tools/libgettextpo'
make[3]: Leaving directory '/usr/oppai/base/gettext-0.21/build/gettext-tools/libgettextpo'
Making check in po
make[3]: Entering directory '/usr/oppai/base/gettext-0.21/build/gettext-tools/po'
make[3]: Nothing to be done for 'check'.
make[3]: Leaving directory '/usr/oppai/base/gettext-0.21/build/gettext-tools/po'
Making check in its
make[3]: Entering directory '/usr/oppai/base/gettext-0.21/build/gettext-tools/its'
make[3]: Nothing to be done for 'check'.
make[3]: Leaving directory '/usr/oppai/base/gettext-0.21/build/gettext-tools/its'
Making check in projects
make[3]: Entering directory '/usr/oppai/base/gettext-0.21/build/gettext-tools/projects'
make[3]: Nothing to be done for 'check'.
make[3]: Leaving directory '/usr/oppai/base/gettext-0.21/build/gettext-tools/projects'
Making check in styles
make[3]: Entering directory '/usr/oppai/base/gettext-0.21/build/gettext-tools/styles'
make[3]: Nothing to be done for 'check'.
make[3]: Leaving directory '/usr/oppai/base/gettext-0.21/build/gettext-tools/styles'
Making check in emacs
make[3]: Entering directory '/usr/oppai/base/gettext-0.21/build/gettext-tools/emacs'
if test 'no' != no; then \
  am__dir=. am__subdir_includes=''; \
  case start-po.elc in */*) \
    am__dir=`echo 'start-po.elc' | sed 's,/[^/]*$,,'`; \
    am__subdir_includes="-L $am__dir -L ../../../gettext-tools/emacs/$am__dir"; \
  esac; \
  test -d "$am__dir" || /usr/bin/mkdir -p "$am__dir" || exit 1; \
  no --batch \
      \
    $am__subdir_includes -L . -L ../../../gettext-tools/emacs \
    --eval '(if (boundp (quote byte-compile-dest-file-function)) (setq byte-compile-dest-file-function (lambda (_) "start-po.elc")) (defun byte-compile-dest-file (_) "start-po.elc") )' \
    -f batch-byte-compile '../../../gettext-tools/emacs/start-po.el'; \
else :; fi
if test 'no' != no; then \
  am__dir=. am__subdir_includes=''; \
  case po-mode.elc in */*) \
    am__dir=`echo 'po-mode.elc' | sed 's,/[^/]*$,,'`; \
    am__subdir_includes="-L $am__dir -L ../../../gettext-tools/emacs/$am__dir"; \
  esac; \
  test -d "$am__dir" || /usr/bin/mkdir -p "$am__dir" || exit 1; \
  no --batch \
      \
    $am__subdir_includes -L . -L ../../../gettext-tools/emacs \
    --eval '(if (boundp (quote byte-compile-dest-file-function)) (setq byte-compile-dest-file-function (lambda (_) "po-mode.elc")) (defun byte-compile-dest-file (_) "po-mode.elc") )' \
    -f batch-byte-compile '../../../gettext-tools/emacs/po-mode.el'; \
else :; fi
if test 'no' != no; then \
  am__dir=. am__subdir_includes=''; \
  case po-compat.elc in */*) \
    am__dir=`echo 'po-compat.elc' | sed 's,/[^/]*$,,'`; \
    am__subdir_includes="-L $am__dir -L ../../../gettext-tools/emacs/$am__dir"; \
  esac; \
  test -d "$am__dir" || /usr/bin/mkdir -p "$am__dir" || exit 1; \
  no --batch \
      \
    $am__subdir_includes -L . -L ../../../gettext-tools/emacs \
    --eval '(if (boundp (quote byte-compile-dest-file-function)) (setq byte-compile-dest-file-function (lambda (_) "po-compat.elc")) (defun byte-compile-dest-file (_) "po-compat.elc") )' \
    -f batch-byte-compile '../../../gettext-tools/emacs/po-compat.el'; \
else :; fi
make[3]: Leaving directory '/usr/oppai/base/gettext-0.21/build/gettext-tools/emacs'
Making check in misc
make[3]: Entering directory '/usr/oppai/base/gettext-0.21/build/gettext-tools/misc'
make[3]: Nothing to be done for 'check'.
make[3]: Leaving directory '/usr/oppai/base/gettext-0.21/build/gettext-tools/misc'
Making check in man
make[3]: Entering directory '/usr/oppai/base/gettext-0.21/build/gettext-tools/man'
make[3]: Nothing to be done for 'check'.
make[3]: Leaving directory '/usr/oppai/base/gettext-0.21/build/gettext-tools/man'
Making check in m4
make[3]: Entering directory '/usr/oppai/base/gettext-0.21/build/gettext-tools/m4'
make[3]: Nothing to be done for 'check'.
make[3]: Leaving directory '/usr/oppai/base/gettext-0.21/build/gettext-tools/m4'
Making check in tests
make[3]: Entering directory '/usr/oppai/base/gettext-0.21/build/gettext-tools/tests'
make  tstgettext tstngettext testlocale intl-1-prg intl-3-prg intl-4-prg intl-5-prg intl-6-prg intl-setlocale-1-prg intl-setlocale-2-prg intl-thread-1-prg intl-thread-2-prg intl-thread-3-prg intl-version-prg cake fc3 fc4 fc5 gettextpo-1-prg sentence-1-prg
make[4]: Entering directory '/usr/oppai/base/gettext-0.21/build/gettext-tools/tests'
clang -DLOCALEDIR=\"/usr/share/locale\" -DHAVE_CONFIG_H -I. -I../../../gettext-tools/tests -I..  -I.. -I../gnulib-lib -I../../../gettext-tools/gnulib-lib -I../intl  -DINSTALLDIR=\".\" -march=znver1 -O2 -pipe -fPIC -stdlib=libc++ -rtlib=compiler-rt -unwindlib=libunwind -fuse-ld=lld --target=x86_64-zel-linux-musl -c -o tstgettext-tstgettext.o `test -f 'tstgettext.c' || echo '../../../gettext-tools/tests/'`tstgettext.c
clang -DLOCALEDIR=\"/usr/share/locale\" -DHAVE_CONFIG_H -I. -I../../../gettext-tools/tests -I..  -I.. -I../gnulib-lib -I../../../gettext-tools/gnulib-lib -I../intl  -DINSTALLDIR=\".\" -march=znver1 -O2 -pipe -fPIC -stdlib=libc++ -rtlib=compiler-rt -unwindlib=libunwind -fuse-ld=lld --target=x86_64-zel-linux-musl -c -o tstgettext-setlocale.o `test -f 'setlocale.c' || echo '../../../gettext-tools/tests/'`setlocale.c
/bin/sh ../libtool  --tag=CC   --mode=link clang -DINSTALLDIR=\".\" -march=znver1 -O2 -pipe -fPIC -stdlib=libc++ -rtlib=compiler-rt -unwindlib=libunwind -fuse-ld=lld --target=x86_64-zel-linux-musl   -o tstgettext tstgettext-tstgettext.o tstgettext-setlocale.o ../gnulib-lib/libgettextlib.la ../intl/libgnuintl.la    
libtool: link: clang -DINSTALLDIR=\".\" -march=znver1 -O2 -pipe -fPIC -stdlib=libc++ -rtlib=compiler-rt -unwindlib=libunwind -fuse-ld=lld --target=x86_64-zel-linux-musl -o .libs/tstgettext tstgettext-tstgettext.o tstgettext-setlocale.o  ../gnulib-lib/.libs/libgettextlib.so /usr/lib/libacl.so /usr/lib/libattr.so ../intl/.libs/libgnuintl.so
clang -DLOCALEDIR=\"/usr/share/locale\" -DHAVE_CONFIG_H -I. -I../../../gettext-tools/tests -I..  -I.. -I../gnulib-lib -I../../../gettext-tools/gnulib-lib -I../intl  -DINSTALLDIR=\".\" -march=znver1 -O2 -pipe -fPIC -stdlib=libc++ -rtlib=compiler-rt -unwindlib=libunwind -fuse-ld=lld --target=x86_64-zel-linux-musl -c -o tstngettext-tstngettext.o `test -f 'tstngettext.c' || echo '../../../gettext-tools/tests/'`tstngettext.c
clang -DLOCALEDIR=\"/usr/share/locale\" -DHAVE_CONFIG_H -I. -I../../../gettext-tools/tests -I..  -I.. -I../gnulib-lib -I../../../gettext-tools/gnulib-lib -I../intl  -DINSTALLDIR=\".\" -march=znver1 -O2 -pipe -fPIC -stdlib=libc++ -rtlib=compiler-rt -unwindlib=libunwind -fuse-ld=lld --target=x86_64-zel-linux-musl -c -o tstngettext-setlocale.o `test -f 'setlocale.c' || echo '../../../gettext-tools/tests/'`setlocale.c
/bin/sh ../libtool  --tag=CC   --mode=link clang -DINSTALLDIR=\".\" -march=znver1 -O2 -pipe -fPIC -stdlib=libc++ -rtlib=compiler-rt -unwindlib=libunwind -fuse-ld=lld --target=x86_64-zel-linux-musl   -o tstngettext tstngettext-tstngettext.o tstngettext-setlocale.o ../gnulib-lib/libgettextlib.la ../intl/libgnuintl.la    
libtool: link: clang -DINSTALLDIR=\".\" -march=znver1 -O2 -pipe -fPIC -stdlib=libc++ -rtlib=compiler-rt -unwindlib=libunwind -fuse-ld=lld --target=x86_64-zel-linux-musl -o .libs/tstngettext tstngettext-tstngettext.o tstngettext-setlocale.o  ../gnulib-lib/.libs/libgettextlib.so /usr/lib/libacl.so /usr/lib/libattr.so ../intl/.libs/libgnuintl.so
clang -DLOCALEDIR=\"/usr/share/locale\" -DHAVE_CONFIG_H -I. -I../../../gettext-tools/tests -I..  -I.. -I../gnulib-lib -I../../../gettext-tools/gnulib-lib -I../intl   -march=znver1 -O2 -pipe -fPIC -stdlib=libc++ -rtlib=compiler-rt -unwindlib=libunwind -fuse-ld=lld --target=x86_64-zel-linux-musl -c -o testlocale.o ../../../gettext-tools/tests/testlocale.c
/bin/sh ../libtool  --tag=CC   --mode=link clang  -march=znver1 -O2 -pipe -fPIC -stdlib=libc++ -rtlib=compiler-rt -unwindlib=libunwind -fuse-ld=lld --target=x86_64-zel-linux-musl   -o testlocale testlocale.o ../intl/libgnuintl.la    
libtool: link: clang -march=znver1 -O2 -pipe -fPIC -stdlib=libc++ -rtlib=compiler-rt -unwindlib=libunwind -fuse-ld=lld --target=x86_64-zel-linux-musl -o .libs/testlocale testlocale.o  ../intl/.libs/libgnuintl.so
clang -DLOCALEDIR=\"/usr/share/locale\" -DHAVE_CONFIG_H -I. -I../../../gettext-tools/tests -I..  -I.. -I../gnulib-lib -I../../../gettext-tools/gnulib-lib -I../intl   -march=znver1 -O2 -pipe -fPIC -stdlib=libc++ -rtlib=compiler-rt -unwindlib=libunwind -fuse-ld=lld --target=x86_64-zel-linux-musl -c -o intl-1-prg.o ../../../gettext-tools/tests/intl-1-prg.c
/bin/sh ../libtool  --tag=CC   --mode=link clang  -march=znver1 -O2 -pipe -fPIC -stdlib=libc++ -rtlib=compiler-rt -unwindlib=libunwind -fuse-ld=lld --target=x86_64-zel-linux-musl   -o intl-1-prg intl-1-prg.o ../gnulib-lib/libgettextlib.la ../intl/libgnuintl.la    
libtool: link: clang -march=znver1 -O2 -pipe -fPIC -stdlib=libc++ -rtlib=compiler-rt -unwindlib=libunwind -fuse-ld=lld --target=x86_64-zel-linux-musl -o .libs/intl-1-prg intl-1-prg.o  ../gnulib-lib/.libs/libgettextlib.so /usr/lib/libacl.so /usr/lib/libattr.so ../intl/.libs/libgnuintl.so
clang -DLOCALEDIR=\"/usr/share/locale\" -DHAVE_CONFIG_H -I. -I../../../gettext-tools/tests -I..  -I.. -I../gnulib-lib -I../../../gettext-tools/gnulib-lib -I../intl   -march=znver1 -O2 -pipe -fPIC -stdlib=libc++ -rtlib=compiler-rt -unwindlib=libunwind -fuse-ld=lld --target=x86_64-zel-linux-musl -c -o intl-3-prg.o ../../../gettext-tools/tests/intl-3-prg.c
/bin/sh ../libtool  --tag=CC   --mode=link clang  -march=znver1 -O2 -pipe -fPIC -stdlib=libc++ -rtlib=compiler-rt -unwindlib=libunwind -fuse-ld=lld --target=x86_64-zel-linux-musl   -o intl-3-prg intl-3-prg.o ../gnulib-lib/libgettextlib.la ../intl/libgnuintl.la    
libtool: link: clang -march=znver1 -O2 -pipe -fPIC -stdlib=libc++ -rtlib=compiler-rt -unwindlib=libunwind -fuse-ld=lld --target=x86_64-zel-linux-musl -o .libs/intl-3-prg intl-3-prg.o  ../gnulib-lib/.libs/libgettextlib.so /usr/lib/libacl.so /usr/lib/libattr.so ../intl/.libs/libgnuintl.so
clang -DLOCALEDIR=\"/usr/share/locale\" -DHAVE_CONFIG_H -I. -I../../../gettext-tools/tests -I..  -I.. -I../gnulib-lib -I../../../gettext-tools/gnulib-lib -I../intl   -march=znver1 -O2 -pipe -fPIC -stdlib=libc++ -rtlib=compiler-rt -unwindlib=libunwind -fuse-ld=lld --target=x86_64-zel-linux-musl -c -o intl-4-prg.o ../../../gettext-tools/tests/intl-4-prg.c
/bin/sh ../libtool  --tag=CC   --mode=link clang  -march=znver1 -O2 -pipe -fPIC -stdlib=libc++ -rtlib=compiler-rt -unwindlib=libunwind -fuse-ld=lld --target=x86_64-zel-linux-musl   -o intl-4-prg intl-4-prg.o ../gnulib-lib/libgettextlib.la ../intl/libgnuintl.la    
libtool: link: clang -march=znver1 -O2 -pipe -fPIC -stdlib=libc++ -rtlib=compiler-rt -unwindlib=libunwind -fuse-ld=lld --target=x86_64-zel-linux-musl -o .libs/intl-4-prg intl-4-prg.o  ../gnulib-lib/.libs/libgettextlib.so /usr/lib/libacl.so /usr/lib/libattr.so ../intl/.libs/libgnuintl.so
clang -DLOCALEDIR=\"/usr/share/locale\" -DHAVE_CONFIG_H -I. -I../../../gettext-tools/tests -I..  -I.. -I../gnulib-lib -I../../../gettext-tools/gnulib-lib -I../intl   -march=znver1 -O2 -pipe -fPIC -stdlib=libc++ -rtlib=compiler-rt -unwindlib=libunwind -fuse-ld=lld --target=x86_64-zel-linux-musl -c -o intl-5-prg.o ../../../gettext-tools/tests/intl-5-prg.c
/bin/sh ../libtool  --tag=CC   --mode=link clang  -march=znver1 -O2 -pipe -fPIC -stdlib=libc++ -rtlib=compiler-rt -unwindlib=libunwind -fuse-ld=lld --target=x86_64-zel-linux-musl   -o intl-5-prg intl-5-prg.o ../gnulib-lib/libgettextlib.la ../intl/libgnuintl.la    
libtool: link: clang -march=znver1 -O2 -pipe -fPIC -stdlib=libc++ -rtlib=compiler-rt -unwindlib=libunwind -fuse-ld=lld --target=x86_64-zel-linux-musl -o .libs/intl-5-prg intl-5-prg.o  ../gnulib-lib/.libs/libgettextlib.so /usr/lib/libacl.so /usr/lib/libattr.so ../intl/.libs/libgnuintl.so
clang -DLOCALEDIR=\"/usr/share/locale\" -DHAVE_CONFIG_H -I. -I../../../gettext-tools/tests -I..  -I.. -I../gnulib-lib -I../../../gettext-tools/gnulib-lib -I../intl   -march=znver1 -O2 -pipe -fPIC -stdlib=libc++ -rtlib=compiler-rt -unwindlib=libunwind -fuse-ld=lld --target=x86_64-zel-linux-musl -c -o intl-6-prg.o ../../../gettext-tools/tests/intl-6-prg.c
/bin/sh ../libtool  --tag=CC   --mode=link clang  -march=znver1 -O2 -pipe -fPIC -stdlib=libc++ -rtlib=compiler-rt -unwindlib=libunwind -fuse-ld=lld --target=x86_64-zel-linux-musl   -o intl-6-prg intl-6-prg.o ../gnulib-lib/libgettextlib.la ../intl/libgnuintl.la    
libtool: link: clang -march=znver1 -O2 -pipe -fPIC -stdlib=libc++ -rtlib=compiler-rt -unwindlib=libunwind -fuse-ld=lld --target=x86_64-zel-linux-musl -o .libs/intl-6-prg intl-6-prg.o  ../gnulib-lib/.libs/libgettextlib.so /usr/lib/libacl.so /usr/lib/libattr.so ../intl/.libs/libgnuintl.so
clang -DLOCALEDIR=\"/usr/share/locale\" -DHAVE_CONFIG_H -I. -I../../../gettext-tools/tests -I..  -I.. -I../gnulib-lib -I../../../gettext-tools/gnulib-lib -I../intl   -march=znver1 -O2 -pipe -fPIC -stdlib=libc++ -rtlib=compiler-rt -unwindlib=libunwind -fuse-ld=lld --target=x86_64-zel-linux-musl -c -o intl-setlocale-1-prg.o ../../../gettext-tools/tests/intl-setlocale-1-prg.c
/bin/sh ../libtool  --tag=CC   --mode=link clang  -march=znver1 -O2 -pipe -fPIC -stdlib=libc++ -rtlib=compiler-rt -unwindlib=libunwind -fuse-ld=lld --target=x86_64-zel-linux-musl   -o intl-setlocale-1-prg intl-setlocale-1-prg.o ../gnulib-lib/libgettextlib.la ../intl/libgnuintl.la    
libtool: link: clang -march=znver1 -O2 -pipe -fPIC -stdlib=libc++ -rtlib=compiler-rt -unwindlib=libunwind -fuse-ld=lld --target=x86_64-zel-linux-musl -o .libs/intl-setlocale-1-prg intl-setlocale-1-prg.o  ../gnulib-lib/.libs/libgettextlib.so /usr/lib/libacl.so /usr/lib/libattr.so ../intl/.libs/libgnuintl.so
clang -DLOCALEDIR=\"/usr/share/locale\" -DHAVE_CONFIG_H -I. -I../../../gettext-tools/tests -I..  -I.. -I../gnulib-lib -I../../../gettext-tools/gnulib-lib -I../intl   -march=znver1 -O2 -pipe -fPIC -stdlib=libc++ -rtlib=compiler-rt -unwindlib=libunwind -fuse-ld=lld --target=x86_64-zel-linux-musl -c -o intl-setlocale-2-prg.o ../../../gettext-tools/tests/intl-setlocale-2-prg.c
/bin/sh ../libtool  --tag=CC   --mode=link clang  -march=znver1 -O2 -pipe -fPIC -stdlib=libc++ -rtlib=compiler-rt -unwindlib=libunwind -fuse-ld=lld --target=x86_64-zel-linux-musl   -o intl-setlocale-2-prg intl-setlocale-2-prg.o ../gnulib-lib/libgettextlib.la ../intl/libgnuintl.la    
libtool: link: clang -march=znver1 -O2 -pipe -fPIC -stdlib=libc++ -rtlib=compiler-rt -unwindlib=libunwind -fuse-ld=lld --target=x86_64-zel-linux-musl -o .libs/intl-setlocale-2-prg intl-setlocale-2-prg.o  ../gnulib-lib/.libs/libgettextlib.so /usr/lib/libacl.so /usr/lib/libattr.so ../intl/.libs/libgnuintl.so
clang -DLOCALEDIR=\"/usr/share/locale\" -DHAVE_CONFIG_H -I. -I../../../gettext-tools/tests -I..  -I.. -I../gnulib-lib -I../../../gettext-tools/gnulib-lib -I../intl  -DUSE_POSIX_THREADS -march=znver1 -O2 -pipe -fPIC -stdlib=libc++ -rtlib=compiler-rt -unwindlib=libunwind -fuse-ld=lld --target=x86_64-zel-linux-musl -c -o intl_thread_1_prg-intl-thread-1-prg.o `test -f 'intl-thread-1-prg.c' || echo '../../../gettext-tools/tests/'`intl-thread-1-prg.c
/bin/sh ../libtool  --tag=CC   --mode=link clang -DUSE_POSIX_THREADS -march=znver1 -O2 -pipe -fPIC -stdlib=libc++ -rtlib=compiler-rt -unwindlib=libunwind -fuse-ld=lld --target=x86_64-zel-linux-musl   -o intl-thread-1-prg intl_thread_1_prg-intl-thread-1-prg.o ../gnulib-lib/libgettextlib.la ../intl/libgnuintl.la    -lpthread 
libtool: link: clang -DUSE_POSIX_THREADS -march=znver1 -O2 -pipe -fPIC -stdlib=libc++ -rtlib=compiler-rt -unwindlib=libunwind -fuse-ld=lld --target=x86_64-zel-linux-musl -o .libs/intl-thread-1-prg intl_thread_1_prg-intl-thread-1-prg.o  ../gnulib-lib/.libs/libgettextlib.so /usr/lib/libacl.so /usr/lib/libattr.so ../intl/.libs/libgnuintl.so -lpthread
clang -DLOCALEDIR=\"/usr/share/locale\" -DHAVE_CONFIG_H -I. -I../../../gettext-tools/tests -I..  -I.. -I../gnulib-lib -I../../../gettext-tools/gnulib-lib -I../intl  -DUSE_POSIX_THREADS -march=znver1 -O2 -pipe -fPIC -stdlib=libc++ -rtlib=compiler-rt -unwindlib=libunwind -fuse-ld=lld --target=x86_64-zel-linux-musl -c -o intl_thread_2_prg-intl-thread-2-prg.o `test -f 'intl-thread-2-prg.c' || echo '../../../gettext-tools/tests/'`intl-thread-2-prg.c
/bin/sh ../libtool  --tag=CC   --mode=link clang -DUSE_POSIX_THREADS -march=znver1 -O2 -pipe -fPIC -stdlib=libc++ -rtlib=compiler-rt -unwindlib=libunwind -fuse-ld=lld --target=x86_64-zel-linux-musl   -o intl-thread-2-prg intl_thread_2_prg-intl-thread-2-prg.o ../gnulib-lib/libgettextlib.la ../intl/libgnuintl.la    -lpthread 
libtool: link: clang -DUSE_POSIX_THREADS -march=znver1 -O2 -pipe -fPIC -stdlib=libc++ -rtlib=compiler-rt -unwindlib=libunwind -fuse-ld=lld --target=x86_64-zel-linux-musl -o .libs/intl-thread-2-prg intl_thread_2_prg-intl-thread-2-prg.o  ../gnulib-lib/.libs/libgettextlib.so /usr/lib/libacl.so /usr/lib/libattr.so ../intl/.libs/libgnuintl.so -lpthread
clang -DLOCALEDIR=\"/usr/share/locale\" -DHAVE_CONFIG_H -I. -I../../../gettext-tools/tests -I..  -I.. -I../gnulib-lib -I../../../gettext-tools/gnulib-lib -I../intl  -DUSE_POSIX_THREADS -march=znver1 -O2 -pipe -fPIC -stdlib=libc++ -rtlib=compiler-rt -unwindlib=libunwind -fuse-ld=lld --target=x86_64-zel-linux-musl -c -o intl_thread_3_prg-intl-thread-3-prg.o `test -f 'intl-thread-3-prg.c' || echo '../../../gettext-tools/tests/'`intl-thread-3-prg.c
/bin/sh ../libtool  --tag=CC   --mode=link clang -DUSE_POSIX_THREADS -march=znver1 -O2 -pipe -fPIC -stdlib=libc++ -rtlib=compiler-rt -unwindlib=libunwind -fuse-ld=lld --target=x86_64-zel-linux-musl   -o intl-thread-3-prg intl_thread_3_prg-intl-thread-3-prg.o ../gnulib-lib/libgettextlib.la ../intl/libgnuintl.la    -lpthread 
libtool: link: clang -DUSE_POSIX_THREADS -march=znver1 -O2 -pipe -fPIC -stdlib=libc++ -rtlib=compiler-rt -unwindlib=libunwind -fuse-ld=lld --target=x86_64-zel-linux-musl -o .libs/intl-thread-3-prg intl_thread_3_prg-intl-thread-3-prg.o  ../gnulib-lib/.libs/libgettextlib.so /usr/lib/libacl.so /usr/lib/libattr.so ../intl/.libs/libgnuintl.so -lpthread
clang -DLOCALEDIR=\"/usr/share/locale\" -DHAVE_CONFIG_H -I. -I../../../gettext-tools/tests -I..  -I.. -I../gnulib-lib -I../../../gettext-tools/gnulib-lib -I../intl   -march=znver1 -O2 -pipe -fPIC -stdlib=libc++ -rtlib=compiler-rt -unwindlib=libunwind -fuse-ld=lld --target=x86_64-zel-linux-musl -c -o intl-version-prg.o ../../../gettext-tools/tests/intl-version-prg.c
/bin/sh ../libtool  --tag=CC   --mode=link clang  -march=znver1 -O2 -pipe -fPIC -stdlib=libc++ -rtlib=compiler-rt -unwindlib=libunwind -fuse-ld=lld --target=x86_64-zel-linux-musl   -o intl-version-prg intl-version-prg.o ../gnulib-lib/libgettextlib.la ../intl/libgnuintl.la    
libtool: link: clang -march=znver1 -O2 -pipe -fPIC -stdlib=libc++ -rtlib=compiler-rt -unwindlib=libunwind -fuse-ld=lld --target=x86_64-zel-linux-musl -o .libs/intl-version-prg intl-version-prg.o  ../gnulib-lib/.libs/libgettextlib.so /usr/lib/libacl.so /usr/lib/libattr.so ../intl/.libs/libgnuintl.so
clang -DLOCALEDIR=\"/usr/share/locale\" -DHAVE_CONFIG_H -I. -I../../../gettext-tools/tests -I..  -I.. -I../gnulib-lib -I../../../gettext-tools/gnulib-lib -I../intl   -march=znver1 -O2 -pipe -fPIC -stdlib=libc++ -rtlib=compiler-rt -unwindlib=libunwind -fuse-ld=lld --target=x86_64-zel-linux-musl -c -o plural-1-prg.o ../../../gettext-tools/tests/plural-1-prg.c
clang -DLOCALEDIR=\"/usr/share/locale\" -DHAVE_CONFIG_H -I. -I../../../gettext-tools/tests -I..  -I.. -I../gnulib-lib -I../../../gettext-tools/gnulib-lib -I../intl   -march=znver1 -O2 -pipe -fPIC -stdlib=libc++ -rtlib=compiler-rt -unwindlib=libunwind -fuse-ld=lld --target=x86_64-zel-linux-musl -c -o setlocale.o ../../../gettext-tools/tests/setlocale.c
/bin/sh ../libtool  --tag=CC   --mode=link clang  -march=znver1 -O2 -pipe -fPIC -stdlib=libc++ -rtlib=compiler-rt -unwindlib=libunwind -fuse-ld=lld --target=x86_64-zel-linux-musl   -o cake plural-1-prg.o setlocale.o ../gnulib-lib/libgettextlib.la ../intl/libgnuintl.la    
libtool: link: clang -march=znver1 -O2 -pipe -fPIC -stdlib=libc++ -rtlib=compiler-rt -unwindlib=libunwind -fuse-ld=lld --target=x86_64-zel-linux-musl -o .libs/cake plural-1-prg.o setlocale.o  ../gnulib-lib/.libs/libgettextlib.so /usr/lib/libacl.so /usr/lib/libattr.so ../intl/.libs/libgnuintl.so
clang -DLOCALEDIR=\"/usr/share/locale\" -DHAVE_CONFIG_H -I. -I../../../gettext-tools/tests -I..  -I.. -I../gnulib-lib -I../../../gettext-tools/gnulib-lib -I../intl   -march=znver1 -O2 -pipe -fPIC -stdlib=libc++ -rtlib=compiler-rt -unwindlib=libunwind -fuse-ld=lld --target=x86_64-zel-linux-musl -c -o format-c-3-prg.o ../../../gettext-tools/tests/format-c-3-prg.c
/bin/sh ../libtool  --tag=CC   --mode=link clang  -march=znver1 -O2 -pipe -fPIC -stdlib=libc++ -rtlib=compiler-rt -unwindlib=libunwind -fuse-ld=lld --target=x86_64-zel-linux-musl   -o fc3 format-c-3-prg.o setlocale.o ../gnulib-lib/libgettextlib.la ../intl/libgnuintl.la    
libtool: link: clang -march=znver1 -O2 -pipe -fPIC -stdlib=libc++ -rtlib=compiler-rt -unwindlib=libunwind -fuse-ld=lld --target=x86_64-zel-linux-musl -o .libs/fc3 format-c-3-prg.o setlocale.o  ../gnulib-lib/.libs/libgettextlib.so /usr/lib/libacl.so /usr/lib/libattr.so ../intl/.libs/libgnuintl.so
clang -DLOCALEDIR=\"/usr/share/locale\" -DHAVE_CONFIG_H -I. -I../../../gettext-tools/tests -I..  -I.. -I../gnulib-lib -I../../../gettext-tools/gnulib-lib -I../intl   -march=znver1 -O2 -pipe -fPIC -stdlib=libc++ -rtlib=compiler-rt -unwindlib=libunwind -fuse-ld=lld --target=x86_64-zel-linux-musl -c -o format-c-4-prg.o ../../../gettext-tools/tests/format-c-4-prg.c
/bin/sh ../libtool  --tag=CC   --mode=link clang  -march=znver1 -O2 -pipe -fPIC -stdlib=libc++ -rtlib=compiler-rt -unwindlib=libunwind -fuse-ld=lld --target=x86_64-zel-linux-musl   -o fc4 format-c-4-prg.o setlocale.o ../gnulib-lib/libgettextlib.la ../intl/libgnuintl.la    
libtool: link: clang -march=znver1 -O2 -pipe -fPIC -stdlib=libc++ -rtlib=compiler-rt -unwindlib=libunwind -fuse-ld=lld --target=x86_64-zel-linux-musl -o .libs/fc4 format-c-4-prg.o setlocale.o  ../gnulib-lib/.libs/libgettextlib.so /usr/lib/libacl.so /usr/lib/libattr.so ../intl/.libs/libgnuintl.so
clang -DLOCALEDIR=\"/usr/share/locale\" -DHAVE_CONFIG_H -I. -I../../../gettext-tools/tests -I..  -I.. -I../gnulib-lib -I../../../gettext-tools/gnulib-lib -I../intl   -march=znver1 -O2 -pipe -fPIC -stdlib=libc++ -rtlib=compiler-rt -unwindlib=libunwind -fuse-ld=lld --target=x86_64-zel-linux-musl -c -o format-c-5-prg.o ../../../gettext-tools/tests/format-c-5-prg.c
/bin/sh ../libtool  --tag=CC   --mode=link clang  -march=znver1 -O2 -pipe -fPIC -stdlib=libc++ -rtlib=compiler-rt -unwindlib=libunwind -fuse-ld=lld --target=x86_64-zel-linux-musl   -o fc5 format-c-5-prg.o ../gnulib-lib/libgettextlib.la ../intl/libgnuintl.la    
libtool: link: clang -march=znver1 -O2 -pipe -fPIC -stdlib=libc++ -rtlib=compiler-rt -unwindlib=libunwind -fuse-ld=lld --target=x86_64-zel-linux-musl -o .libs/fc5 format-c-5-prg.o  ../gnulib-lib/.libs/libgettextlib.so /usr/lib/libacl.so /usr/lib/libattr.so ../intl/.libs/libgnuintl.so
clang -DLOCALEDIR=\"/usr/share/locale\" -DHAVE_CONFIG_H -I. -I../../../gettext-tools/tests -I..  -I.. -I../libgettextpo -I../../../gettext-tools/libgettextpo -I../intl   -march=znver1 -O2 -pipe -fPIC -stdlib=libc++ -rtlib=compiler-rt -unwindlib=libunwind -fuse-ld=lld --target=x86_64-zel-linux-musl -c -o gettextpo_1_prg-gettextpo-1-prg.o `test -f 'gettextpo-1-prg.c' || echo '../../../gettext-tools/tests/'`gettextpo-1-prg.c
/bin/sh ../libtool  --tag=CC   --mode=link clang  -march=znver1 -O2 -pipe -fPIC -stdlib=libc++ -rtlib=compiler-rt -unwindlib=libunwind -fuse-ld=lld --target=x86_64-zel-linux-musl   -o gettextpo-1-prg gettextpo_1_prg-gettextpo-1-prg.o ../libgettextpo/libgettextpo.la ../intl/libgnuintl.la    
libtool: link: clang -march=znver1 -O2 -pipe -fPIC -stdlib=libc++ -rtlib=compiler-rt -unwindlib=libunwind -fuse-ld=lld --target=x86_64-zel-linux-musl -o .libs/gettextpo-1-prg gettextpo_1_prg-gettextpo-1-prg.o  ../libgettextpo/.libs/libgettextpo.so -lc ../intl/.libs/libgnuintl.so
clang -DLOCALEDIR=\"/usr/share/locale\" -DHAVE_CONFIG_H -I. -I../../../gettext-tools/tests -I..  -I.. -I../gnulib-lib -I../../../gettext-tools/gnulib-lib -I../intl -I../src -I../../../gettext-tools/src   -march=znver1 -O2 -pipe -fPIC -stdlib=libc++ -rtlib=compiler-rt -unwindlib=libunwind -fuse-ld=lld --target=x86_64-zel-linux-musl -c -o sentence_1_prg-sentence-1-prg.o `test -f 'sentence-1-prg.c' || echo '../../../gettext-tools/tests/'`sentence-1-prg.c
/bin/sh ../libtool  --tag=CC   --mode=link clang  -march=znver1 -O2 -pipe -fPIC -stdlib=libc++ -rtlib=compiler-rt -unwindlib=libunwind -fuse-ld=lld --target=x86_64-zel-linux-musl   -o sentence-1-prg sentence_1_prg-sentence-1-prg.o ../src/libgettextsrc.la ../intl/libgnuintl.la    
libtool: link: clang -march=znver1 -O2 -pipe -fPIC -stdlib=libc++ -rtlib=compiler-rt -unwindlib=libunwind -fuse-ld=lld --target=x86_64-zel-linux-musl -o .libs/sentence-1-prg sentence_1_prg-sentence-1-prg.o  ../src/.libs/libgettextsrc.so /usr/oppai/base/gettext-0.21/build/gettext-tools/gnulib-lib/.libs/libgettextlib.so /usr/lib/libacl.so /usr/lib/libattr.so /usr/oppai/base/gettext-0.21/build/libtextstyle/lib/.libs/libtextstyle.so -lncurses -lc ../intl/.libs/libgnuintl.so
make[4]: Leaving directory '/usr/oppai/base/gettext-0.21/build/gettext-tools/tests'
make  check-TESTS
make[4]: Entering directory '/usr/oppai/base/gettext-0.21/build/gettext-tools/tests'
make[5]: Entering directory '/usr/oppai/base/gettext-0.21/build/gettext-tools/tests'
PASS: gettext-1
PASS: gettext-2
SKIP: intl-1
SKIP: intl-2
SKIP: intl-3
SKIP: intl-4
PASS: intl-5
SKIP: intl-6
SKIP: intl-setlocale-1
SKIP: intl-setlocale-2
SKIP: intl-thread-1
SKIP: intl-thread-2
SKIP: intl-thread-3
PASS: intl-version
PASS: msgattrib-1
PASS: msgattrib-2
PASS: msgattrib-3
PASS: msgattrib-4
PASS: msgattrib-5
PASS: msgattrib-6
PASS: msgattrib-7
PASS: msgattrib-8
PASS: msgattrib-9
PASS: msgattrib-10
PASS: msgattrib-11
PASS: msgattrib-12
PASS: msgattrib-13
PASS: msgattrib-14
PASS: msgattrib-15
PASS: msgattrib-16
PASS: msgattrib-17
PASS: msgattrib-18
PASS: msgattrib-19
PASS: msgattrib-properties-1
PASS: msgcat-1
PASS: msgcat-2
PASS: msgcat-3
PASS: msgcat-4
PASS: msgcat-5
PASS: msgcat-6
PASS: msgcat-7
PASS: msgcat-8
PASS: msgcat-9
PASS: msgcat-10
PASS: msgcat-11
PASS: msgcat-12
PASS: msgcat-13
PASS: msgcat-14
PASS: msgcat-15
PASS: msgcat-16
PASS: msgcat-17
PASS: msgcat-18
PASS: msgcat-19
PASS: msgcat-20
PASS: msgcat-21
PASS: msgcat-properties-1
PASS: msgcat-properties-2
PASS: msgcat-stringtable-1
PASS: msgcmp-1
PASS: msgcmp-2
PASS: msgcmp-3
PASS: msgcmp-4
PASS: msgcomm-1
PASS: msgcomm-2
PASS: msgcomm-3
PASS: msgcomm-4
PASS: msgcomm-5
PASS: msgcomm-6
PASS: msgcomm-7
PASS: msgcomm-8
PASS: msgcomm-9
PASS: msgcomm-10
PASS: msgcomm-11
PASS: msgcomm-12
PASS: msgcomm-13
PASS: msgcomm-14
PASS: msgcomm-15
PASS: msgcomm-16
PASS: msgcomm-17
PASS: msgcomm-18
PASS: msgcomm-19
PASS: msgcomm-20
PASS: msgcomm-21
PASS: msgcomm-22
PASS: msgcomm-23
PASS: msgcomm-24
PASS: msgcomm-25
PASS: msgcomm-26
PASS: msgcomm-27
PASS: msgcomm-28
PASS: msgconv-1
FAIL: msgconv-2
PASS: msgconv-3
PASS: msgconv-4
PASS: msgconv-5
PASS: msgconv-6
PASS: msgconv-7
PASS: msgen-1
PASS: msgen-2
PASS: msgen-3
PASS: msgen-4
PASS: msgexec-1
PASS: msgexec-2
PASS: msgexec-3
PASS: msgexec-4
PASS: msgexec-5
PASS: msgexec-6
PASS: msgfilter-1
PASS: msgfilter-2
PASS: msgfilter-3
PASS: msgfilter-4
PASS: msgfilter-5
PASS: msgfilter-6
PASS: msgfilter-7
PASS: msgfilter-8
PASS: msgfilter-sr-latin-1
PASS: msgfilter-quote-1
PASS: msgfmt-1
PASS: msgfmt-2
PASS: msgfmt-3
PASS: msgfmt-4
PASS: msgfmt-5
PASS: msgfmt-6
PASS: msgfmt-7
PASS: msgfmt-8
PASS: msgfmt-9
PASS: msgfmt-10
PASS: msgfmt-11
PASS: msgfmt-12
PASS: msgfmt-13
PASS: msgfmt-14
PASS: msgfmt-15
PASS: msgfmt-16
PASS: msgfmt-17
PASS: msgfmt-18
PASS: msgfmt-19
PASS: msgfmt-properties-1
PASS: msgfmt-qt-1
PASS: msgfmt-qt-2
PASS: msgfmt-desktop-1
PASS: msgfmt-desktop-2
PASS: msgfmt-desktop-3
PASS: msgfmt-xml-1
PASS: msgfmt-xml-2
PASS: msggrep-1
PASS: msggrep-2
PASS: msggrep-3
PASS: msggrep-4
PASS: msggrep-5
PASS: msggrep-6
PASS: msggrep-7
PASS: msggrep-8
PASS: msggrep-9
PASS: msggrep-10
PASS: msggrep-11
PASS: msginit-1
PASS: msginit-2
PASS: msginit-3
PASS: msginit-4
PASS: msgmerge-1
PASS: msgmerge-2
PASS: msgmerge-3
PASS: msgmerge-4
PASS: msgmerge-5
PASS: msgmerge-6
PASS: msgmerge-7
PASS: msgmerge-8
PASS: msgmerge-9
PASS: msgmerge-10
PASS: msgmerge-11
PASS: msgmerge-12
PASS: msgmerge-13
PASS: msgmerge-14
PASS: msgmerge-15
PASS: msgmerge-16
PASS: msgmerge-17
PASS: msgmerge-18
PASS: msgmerge-19
PASS: msgmerge-20
PASS: msgmerge-21
PASS: msgmerge-22
PASS: msgmerge-23
PASS: msgmerge-24
PASS: msgmerge-25
PASS: msgmerge-26
PASS: msgmerge-27
PASS: msgmerge-28
PASS: msgmerge-29
PASS: msgmerge-compendium-1
PASS: msgmerge-compendium-2
PASS: msgmerge-compendium-3
PASS: msgmerge-compendium-4
PASS: msgmerge-compendium-5
FAIL: msgmerge-compendium-6
PASS: msgmerge-properties-1
PASS: msgmerge-properties-2
PASS: msgmerge-update-1
PASS: msgmerge-update-2
PASS: msgmerge-update-3
PASS: msgmerge-update-4
PASS: msgunfmt-1
PASS: msgunfmt-2
PASS: msgunfmt-3
SKIP: msgunfmt-csharp-1
SKIP: msgunfmt-java-1
PASS: msgunfmt-properties-1
SKIP: msgunfmt-tcl-1
PASS: msguniq-1
PASS: msguniq-2
PASS: msguniq-3
PASS: msguniq-4
PASS: msguniq-5
PASS: msguniq-6
PASS: msguniq-7
SKIP: recode-sr-latin-1
SKIP: recode-sr-latin-2
PASS: xgettext-2
PASS: xgettext-3
PASS: xgettext-4
PASS: xgettext-5
PASS: xgettext-6
PASS: xgettext-7
PASS: xgettext-8
PASS: xgettext-9
PASS: xgettext-10
PASS: xgettext-11
PASS: xgettext-12
PASS: xgettext-13
PASS: xgettext-14
PASS: xgettext-15
PASS: xgettext-appdata-1
PASS: xgettext-awk-1
PASS: xgettext-awk-2
PASS: xgettext-c-2
PASS: xgettext-c-3
PASS: xgettext-c-4
PASS: xgettext-c-5
PASS: xgettext-c-6
PASS: xgettext-c-comment-1
PASS: xgettext-c-comment-2
PASS: xgettext-c-comment-3
PASS: xgettext-c-comment-4
PASS: xgettext-c-comment-5
PASS: xgettext-c-comment-6
SKIP: xgettext-c-escape-1
PASS: xgettext-c-escape-2
PASS: xgettext-c-escape-3
PASS: xgettext-c-format-1
PASS: xgettext-c-format-2
PASS: xgettext-c-format-3
PASS: xgettext-c-format-4
PASS: xgettext-c-format-5
PASS: xgettext-c-ctxt-1
PASS: xgettext-c-ctxt-2
PASS: xgettext-c-ctxt-3
PASS: xgettext-c-c++-1
PASS: xgettext-c-c++-2
PASS: xgettext-csharp-1
PASS: xgettext-csharp-2
PASS: xgettext-csharp-3
PASS: xgettext-csharp-4
PASS: xgettext-csharp-5
PASS: xgettext-csharp-6
PASS: xgettext-csharp-7
PASS: xgettext-csharp-8
PASS: xgettext-desktop-1
PASS: xgettext-desktop-2
PASS: xgettext-elisp-1
PASS: xgettext-elisp-2
PASS: xgettext-glade-1
PASS: xgettext-glade-2
PASS: xgettext-glade-3
PASS: xgettext-glade-4
PASS: xgettext-glade-5
PASS: xgettext-glade-6
PASS: xgettext-glade-7
PASS: xgettext-gsettings-1
PASS: xgettext-its-1
PASS: xgettext-its-2
PASS: xgettext-java-1
PASS: xgettext-java-2
PASS: xgettext-java-3
PASS: xgettext-java-4
PASS: xgettext-java-5
PASS: xgettext-java-6
PASS: xgettext-java-7
PASS: xgettext-javascript-1
PASS: xgettext-javascript-2
PASS: xgettext-javascript-3
PASS: xgettext-javascript-4
PASS: xgettext-javascript-5
PASS: xgettext-javascript-6
PASS: xgettext-javascript-7
PASS: xgettext-librep-1
PASS: xgettext-librep-2
PASS: xgettext-lisp-1
PASS: xgettext-lisp-2
PASS: xgettext-lua-1
PASS: xgettext-lua-2
PASS: xgettext-objc-1
PASS: xgettext-objc-2
PASS: xgettext-perl-1
PASS: xgettext-perl-2
PASS: xgettext-perl-3
PASS: xgettext-perl-4
PASS: xgettext-perl-5
PASS: xgettext-perl-6
PASS: xgettext-perl-7
PASS: xgettext-perl-8
PASS: xgettext-php-1
PASS: xgettext-php-2
PASS: xgettext-php-3
PASS: xgettext-php-4
PASS: xgettext-po-1
PASS: xgettext-po-2
PASS: xgettext-properties-1
PASS: xgettext-properties-2
PASS: xgettext-properties-3
PASS: xgettext-properties-4
PASS: xgettext-rst-1
PASS: xgettext-rst-2
PASS: xgettext-python-1
PASS: xgettext-python-2
FAIL: xgettext-python-3
PASS: xgettext-python-4
SKIP: xgettext-ruby-1
PASS: xgettext-scheme-1
PASS: xgettext-scheme-2
PASS: xgettext-scheme-3
PASS: xgettext-scheme-4
PASS: xgettext-sh-1
PASS: xgettext-sh-2
PASS: xgettext-sh-3
PASS: xgettext-sh-4
PASS: xgettext-sh-5
PASS: xgettext-sh-6
PASS: xgettext-sh-7
PASS: xgettext-smalltalk-1
PASS: xgettext-smalltalk-2
PASS: xgettext-stringtable-1
PASS: xgettext-tcl-1
PASS: xgettext-tcl-2
PASS: xgettext-tcl-3
PASS: xgettext-tcl-4
PASS: xgettext-vala-1
PASS: xgettext-vala-2
PASS: xgettext-ycp-1
PASS: xgettext-ycp-2
PASS: xgettext-ycp-3
PASS: xgettext-ycp-4
PASS: format-awk-1
PASS: format-awk-2
PASS: format-boost-1
PASS: format-boost-2
PASS: format-c-1
PASS: format-c-2
PASS: format-c-3
PASS: format-c-4
PASS: format-c-5
PASS: format-csharp-1
PASS: format-csharp-2
PASS: format-elisp-1
PASS: format-elisp-2
PASS: format-gcc-internal-1
PASS: format-gcc-internal-2
PASS: format-gfc-internal-1
PASS: format-gfc-internal-2
PASS: format-java-1
PASS: format-java-2
PASS: format-java-printf-1
PASS: format-java-printf-2
PASS: format-javascript-1
PASS: format-javascript-2
PASS: format-kde-1
PASS: format-kde-2
PASS: format-kde-kuit-1
PASS: format-kde-kuit-2
PASS: format-librep-1
PASS: format-librep-2
PASS: format-lisp-1
PASS: format-lisp-2
PASS: format-lua-1
PASS: format-lua-2
PASS: format-php-1
PASS: format-php-2
PASS: format-python-1
PASS: format-python-2
PASS: format-python-brace-1
PASS: format-python-brace-2
PASS: format-pascal-1
PASS: format-pascal-2
PASS: format-perl-1
PASS: format-perl-2
PASS: format-perl-brace-1
PASS: format-perl-brace-2
PASS: format-perl-mixed-1
PASS: format-perl-mixed-2
PASS: format-qt-1
PASS: format-qt-2
PASS: format-qt-plural-1
PASS: format-qt-plural-2
SKIP: format-ruby-1
PASS: format-ruby-2
PASS: format-scheme-1
PASS: format-scheme-2
PASS: format-sh-1
PASS: format-sh-2
PASS: format-tcl-1
PASS: format-tcl-2
PASS: format-ycp-1
PASS: format-ycp-2
PASS: plural-1
PASS: plural-2
PASS: gettextpo-1
PASS: sentence-1
PASS: lang-po
SKIP: lang-c
SKIP: lang-c++
SKIP: lang-objc
SKIP: lang-python-1
SKIP: lang-python-2
SKIP: lang-java
SKIP: lang-csharp
SKIP: lang-javascript
SKIP: lang-guile
SKIP: lang-clisp
PASS: lang-elisp
SKIP: lang-librep
SKIP: lang-sh
SKIP: lang-bash
SKIP: lang-gawk
SKIP: lang-lua
SKIP: lang-pascal
SKIP: lang-smalltalk
SKIP: lang-vala
SKIP: lang-tcl
SKIP: lang-perl-1
SKIP: lang-perl-2
SKIP: lang-php
PASS: lang-ycp
PASS: lang-rst
PASS: autopoint-1
PASS: autopoint-2
PASS: autopoint-3
PASS: cldr-plurals-1
============================================================================
Testsuite summary for gettext-tools 0.21
============================================================================
# TOTAL: 445
# PASS:  402
# SKIP:  40
# XFAIL: 0
# FAIL:  3
# XPASS: 0
# ERROR: 0
============================================================================
See tests/test-suite.log
Please report to bug-gettext@gnu.org
============================================================================
make[5]: Leaving directory '/usr/oppai/base/gettext-0.21/build/gettext-tools/tests'
make[4]: Leaving directory '/usr/oppai/base/gettext-0.21/build/gettext-tools/tests'
make[3]: Leaving directory '/usr/oppai/base/gettext-0.21/build/gettext-tools/tests'
make[2]: Leaving directory '/usr/oppai/base/gettext-0.21/build/gettext-tools'
make[1]: Leaving directory '/usr/oppai/base/gettext-0.21/build'
