Making check in lib
make[1]: Entering directory '/usr/oppai/base/diffutils-3.8/build/lib'
make  check-am
make[2]: Entering directory '/usr/oppai/base/diffutils-3.8/build/lib'
make[2]: Nothing to be done for 'check-am'.
make[2]: Leaving directory '/usr/oppai/base/diffutils-3.8/build/lib'
make[1]: Leaving directory '/usr/oppai/base/diffutils-3.8/build/lib'
Making check in src
make[1]: Entering directory '/usr/oppai/base/diffutils-3.8/build/src'
make  check-am
make[2]: Entering directory '/usr/oppai/base/diffutils-3.8/build/src'
make[2]: Nothing to be done for 'check-am'.
make[2]: Leaving directory '/usr/oppai/base/diffutils-3.8/build/src'
make[1]: Leaving directory '/usr/oppai/base/diffutils-3.8/build/src'
Making check in tests
make[1]: Entering directory '/usr/oppai/base/diffutils-3.8/build/tests'
make  check-TESTS
make[2]: Entering directory '/usr/oppai/base/diffutils-3.8/build/tests'
make[3]: Entering directory '/usr/oppai/base/diffutils-3.8/build/tests'
PASS: basic
PASS: bignum
PASS: binary
PASS: brief-vs-stat-zero-kernel-lies
PASS: cmp
PASS: colliding-file-names
PASS: diff3
PASS: excess-slash
PASS: help-version
PASS: invalid-re
PASS: function-line-vs-leading-space
PASS: ignore-matching-lines
PASS: label-vs-func
XFAIL: large-subopt
PASS: new-file
PASS: no-dereference
PASS: no-newline-at-eof
PASS: stdin
PASS: strcoll-0-names
PASS: filename-quoting
SKIP: strip-trailing-cr
PASS: colors
============================================================================
Testsuite summary for GNU diffutils 3.8
============================================================================
# TOTAL: 22
# PASS:  20
# SKIP:  1
# XFAIL: 1
# FAIL:  0
# XPASS: 0
# ERROR: 0
============================================================================
make[3]: Leaving directory '/usr/oppai/base/diffutils-3.8/build/tests'
make[2]: Leaving directory '/usr/oppai/base/diffutils-3.8/build/tests'
make[1]: Leaving directory '/usr/oppai/base/diffutils-3.8/build/tests'
Making check in doc
make[1]: Entering directory '/usr/oppai/base/diffutils-3.8/build/doc'
make[1]: Nothing to be done for 'check'.
make[1]: Leaving directory '/usr/oppai/base/diffutils-3.8/build/doc'
Making check in man
make[1]: Entering directory '/usr/oppai/base/diffutils-3.8/build/man'
make[1]: Nothing to be done for 'check'.
make[1]: Leaving directory '/usr/oppai/base/diffutils-3.8/build/man'
Making check in po
make[1]: Entering directory '/usr/oppai/base/diffutils-3.8/build/po'
make[1]: Nothing to be done for 'check'.
make[1]: Leaving directory '/usr/oppai/base/diffutils-3.8/build/po'
Making check in gnulib-tests
make[1]: Entering directory '/usr/oppai/base/diffutils-3.8/build/gnulib-tests'
make  check-recursive
make[2]: Entering directory '/usr/oppai/base/diffutils-3.8/build/gnulib-tests'
Making check in .
make[3]: Entering directory '/usr/oppai/base/diffutils-3.8/build/gnulib-tests'
## ---------------------------------------------------------------------- ##
## ---------------------------- Gnulib tests ---------------------------- ##
## Please report test failures in this directory to <bug-gnulib@gnu.org>. ##
## ---------------------------------------------------------------------- ##
make  test-accept test-alloca-opt test-areadlink test-argmatch test-arpa_inet test-binary-io test-bind test-bitrotate test-btowc test-c-ctype test-c-stack test-c-strcasecmp test-c-strncasecmp test-calloc-gnu test-cloexec test-close test-connect test-ctype test-dirname test-dup2 test-dynarray test-environ test-errno test-exclude test-fcntl-h test-fcntl test-fdopen test-fgetc test-filenamecat test-float test-fnmatch-h test-fnmatch test-fopen-gnu test-fopen test-fputc test-fread test-free test-freopen test-fstat test-ftruncate test-fwrite test-getcwd-lgpl test-getdtablesize test-getopt-gnu test-getopt-posix test-getprogname test-getrandom test-gettimeofday test-hard-locale test-hash test-iconv-h test-iconv test-ignore-value test-inet_pton test-intprops test-inttostr test-inttypes test-ioctl test-isblank test-iswblank test-iswdigit test-iswxdigit test-langinfo test-limits-h test-listen test-locale test-localeconv test-lstat test-malloc-gnu test-malloca test-mbrtowc test-mbrtowc-w32 test-mbscasecmp test-mbsinit test-mbsrtowcs test-mbsstr1 test-mbsstr2 test-mbsstr3 test-memchr test-mkdir test-nanosleep test-netinet_in test-nl_langinfo test-nl_langinfo-mt test-nstrftime test-open test-pathmax test-perror test-perror2 test-pipe test-pthread test-pthread-thread test-pthread_sigmask1 test-pthread_sigmask2 test-quotearg-simple test-raise test-rawmemchr test-readlink test-realloc-gnu test-reallocarray test-regex test-sched test-select test-select-fd test-select-stdin test-setenv test-setlocale_null test-setlocale_null-mt-one test-setlocale_null-mt-all test-setsockopt test-sh-quote test-sigaction test-signal-h test-sigprocmask test-sigsegv-catch-segv1 test-sigsegv-catch-segv2 test-sigsegv-catch-stackoverflow1 test-sigsegv-catch-stackoverflow2 test-sleep test-snprintf test-sockets test-stat test-stat-time test-stdalign test-stdbool test-stddef test-stdint test-stdio test-stdlib test-strerror test-strerror_r test-striconv test-string test-strings test-strnlen test-strtoimax test-strtoll test-symlink test-sys_ioctl test-sys_random test-sys_select test-sys_socket test-sys_stat test-sys_time test-sys_types test-sys_uio test-sys_wait test-thread_self test-thread_create test-time test-timespec test-unistd test-u8-mbtoucr test-u8-uctomb test-uc_width test-uc_width2 test-unsetenv test-vasnprintf test-vasprintf test-verify test-version-etc test-wchar test-wcrtomb test-wcrtomb-w32 test-wctype-h test-wcwidth test-xalloc-die test-xstdopen test-xstrtoimax test-xstrtol test-xstrtoul test-xvasprintf libtests.a
make[4]: Entering directory '/usr/oppai/base/diffutils-3.8/build/gnulib-tests'
  CC       test-accept.o
  CCLD     test-accept
  CC       test-alloca-opt.o
  CCLD     test-alloca-opt
  CC       test-areadlink.o
  CCLD     test-areadlink
  CC       test-argmatch.o
  CCLD     test-argmatch
  CC       test-arpa_inet.o
  CCLD     test-arpa_inet
  CC       test-binary-io.o
  CCLD     test-binary-io
  CC       test-bind.o
  CCLD     test-bind
  CC       test-bitrotate.o
  CCLD     test-bitrotate
  CC       test-btowc.o
  CCLD     test-btowc
  CC       test-c-ctype.o
  CCLD     test-c-ctype
  CC       test-c-stack.o
  CCLD     test-c-stack
  CC       test-c-strcasecmp.o
  CCLD     test-c-strcasecmp
  CC       test-c-strncasecmp.o
  CCLD     test-c-strncasecmp
  CC       test-calloc-gnu.o
  CCLD     test-calloc-gnu
  CC       test-cloexec.o
  CCLD     test-cloexec
  CC       test-close.o
  CCLD     test-close
  CC       test-connect.o
  CCLD     test-connect
  CC       test-ctype.o
  CCLD     test-ctype
  CC       test-dirname.o
  CCLD     test-dirname
  CC       test-dup2.o
  CCLD     test-dup2
  CC       test-dynarray.o
  CCLD     test-dynarray
  CC       test-environ.o
  CCLD     test-environ
  CC       test-errno.o
  CCLD     test-errno
  CC       test-exclude.o
  CCLD     test-exclude
  CC       test-fcntl-h.o
  CCLD     test-fcntl-h
  CC       test-fcntl.o
  CCLD     test-fcntl
  CC       test-fdopen.o
  CCLD     test-fdopen
  CC       test-fgetc.o
  CCLD     test-fgetc
  CC       test-filenamecat.o
  CCLD     test-filenamecat
  CC       test-float.o
  CCLD     test-float
  CC       test-fnmatch-h.o
  CCLD     test-fnmatch-h
  CC       test-fnmatch.o
  CCLD     test-fnmatch
  CC       test-fopen-gnu.o
  CCLD     test-fopen-gnu
  CC       test-fopen.o
  CCLD     test-fopen
  CC       test-fputc.o
  CCLD     test-fputc
  CC       test-fread.o
  CCLD     test-fread
  CC       test-free.o
  CCLD     test-free
  CC       test-freopen.o
  CCLD     test-freopen
  CC       test-fstat.o
  CCLD     test-fstat
  CC       test-ftruncate.o
  CCLD     test-ftruncate
  CC       test-fwrite.o
  CCLD     test-fwrite
  CC       test-getcwd-lgpl.o
  CCLD     test-getcwd-lgpl
  CC       test-getdtablesize.o
  CCLD     test-getdtablesize
  CC       test-getopt-gnu.o
  CCLD     test-getopt-gnu
  CC       test-getopt-posix.o
  CCLD     test-getopt-posix
  CC       test-getprogname.o
  CCLD     test-getprogname
  CC       test-getrandom.o
  CCLD     test-getrandom
  CC       test-gettimeofday.o
  CCLD     test-gettimeofday
  CC       test-hard-locale.o
  CCLD     test-hard-locale
  CC       test-hash.o
  CCLD     test-hash
  CC       test-iconv-h.o
  CCLD     test-iconv-h
  CC       test-iconv.o
  CCLD     test-iconv
  CC       test-ignore-value.o
  CCLD     test-ignore-value
  CC       test-inet_pton.o
  CCLD     test-inet_pton
  CC       test-intprops.o
  CCLD     test-intprops
  CC       test-inttostr.o
  CCLD     test-inttostr
  CC       test-inttypes.o
  CCLD     test-inttypes
  CC       test-ioctl.o
  CCLD     test-ioctl
  CC       test-isblank.o
  CCLD     test-isblank
  CC       test-iswblank.o
  CCLD     test-iswblank
  CC       test-iswdigit.o
  CCLD     test-iswdigit
  CC       test-iswxdigit.o
  CCLD     test-iswxdigit
  CC       test-langinfo.o
  CCLD     test-langinfo
  CC       test-limits-h.o
  CCLD     test-limits-h
  CC       test-listen.o
  CCLD     test-listen
  CC       test-locale.o
  CCLD     test-locale
  CC       test-localeconv.o
  CCLD     test-localeconv
  CC       test-lstat.o
  CCLD     test-lstat
  CC       test-malloc-gnu.o
  CCLD     test-malloc-gnu
  CC       test-malloca.o
  CCLD     test-malloca
  CC       test-mbrtowc.o
  CCLD     test-mbrtowc
  CC       test-mbrtowc-w32.o
  CCLD     test-mbrtowc-w32
  CC       test-mbscasecmp.o
  CCLD     test-mbscasecmp
  CC       test-mbsinit.o
  CCLD     test-mbsinit
  CC       test-mbsrtowcs.o
  CCLD     test-mbsrtowcs
  CC       test-mbsstr1.o
  CCLD     test-mbsstr1
  CC       test-mbsstr2.o
  CCLD     test-mbsstr2
  CC       test-mbsstr3.o
  CCLD     test-mbsstr3
  CC       test-memchr.o
  CCLD     test-memchr
  CC       test-mkdir.o
  CCLD     test-mkdir
  CC       test-nanosleep.o
  CCLD     test-nanosleep
  CC       test-netinet_in.o
  CCLD     test-netinet_in
  CC       test-nl_langinfo.o
  CCLD     test-nl_langinfo
  CC       test-nl_langinfo-mt.o
  CCLD     test-nl_langinfo-mt
  CC       test-nstrftime.o
  CCLD     test-nstrftime
  CC       test-open.o
  CCLD     test-open
  CC       test-pathmax.o
  CCLD     test-pathmax
  CC       test-perror.o
  CCLD     test-perror
  CC       test-perror2.o
  CCLD     test-perror2
  CC       test-pipe.o
  CCLD     test-pipe
  CC       test-pthread.o
  CCLD     test-pthread
  CC       test-pthread-thread.o
  CCLD     test-pthread-thread
  CC       test-pthread_sigmask1.o
  CCLD     test-pthread_sigmask1
  CC       test-pthread_sigmask2.o
  CCLD     test-pthread_sigmask2
  CC       test-quotearg-simple.o
  CCLD     test-quotearg-simple
  CC       test-raise.o
  CCLD     test-raise
  CC       test-rawmemchr.o
  CCLD     test-rawmemchr
  CC       test-readlink.o
  CCLD     test-readlink
  CC       test-realloc-gnu.o
  CCLD     test-realloc-gnu
  CC       test-reallocarray.o
  CCLD     test-reallocarray
  CC       test-regex.o
  CCLD     test-regex
  CC       test-sched.o
  CCLD     test-sched
  CC       test-select.o
  CCLD     test-select
  CC       test-select-fd.o
  CCLD     test-select-fd
  CC       test-select-stdin.o
  CCLD     test-select-stdin
  CC       test-setenv.o
  CCLD     test-setenv
  CC       test-setlocale_null.o
  CCLD     test-setlocale_null
  CC       test-setlocale_null-mt-one.o
  CCLD     test-setlocale_null-mt-one
  CC       test-setlocale_null-mt-all.o
  CCLD     test-setlocale_null-mt-all
  CC       test-setsockopt.o
  CCLD     test-setsockopt
  CC       test-sh-quote.o
  CCLD     test-sh-quote
  CC       test-sigaction.o
  CCLD     test-sigaction
  CC       test-signal-h.o
  CCLD     test-signal-h
  CC       test-sigprocmask.o
  CCLD     test-sigprocmask
  CC       test-sigsegv-catch-segv1.o
  CCLD     test-sigsegv-catch-segv1
  CC       test-sigsegv-catch-segv2.o
  CCLD     test-sigsegv-catch-segv2
  CC       test-sigsegv-catch-stackoverflow1.o
  CCLD     test-sigsegv-catch-stackoverflow1
  CC       test-sigsegv-catch-stackoverflow2.o
  CCLD     test-sigsegv-catch-stackoverflow2
  CC       test-sleep.o
  CCLD     test-sleep
  CC       test-snprintf.o
  CCLD     test-snprintf
  CC       test-sockets.o
  CCLD     test-sockets
  CC       test-stat.o
  CCLD     test-stat
  CC       test-stat-time.o
  CCLD     test-stat-time
  CC       test-stdalign.o
  CCLD     test-stdalign
  CC       test-stdbool.o
  CCLD     test-stdbool
  CC       test-stddef.o
  CCLD     test-stddef
  CC       test-stdint.o
  CCLD     test-stdint
  CC       test-stdio.o
  CCLD     test-stdio
  CC       test-stdlib.o
  CCLD     test-stdlib
  CC       test-strerror.o
  CCLD     test-strerror
  CC       test-strerror_r.o
  CCLD     test-strerror_r
  CC       test-striconv.o
  CCLD     test-striconv
  CC       test-string.o
  CCLD     test-string
  CC       test-strings.o
  CCLD     test-strings
  CC       test-strnlen.o
  CCLD     test-strnlen
  CC       test-strtoimax.o
  CCLD     test-strtoimax
  CC       test-strtoll.o
  CCLD     test-strtoll
  CC       test-symlink.o
  CCLD     test-symlink
  CC       test-sys_ioctl.o
  CCLD     test-sys_ioctl
  CC       test-sys_random.o
  CCLD     test-sys_random
  CC       test-sys_select.o
  CCLD     test-sys_select
  CC       test-sys_socket.o
  CCLD     test-sys_socket
  CC       test-sys_stat.o
  CCLD     test-sys_stat
  CC       test-sys_time.o
  CCLD     test-sys_time
  CC       test-sys_types.o
  CCLD     test-sys_types
  CC       test-sys_uio.o
  CCLD     test-sys_uio
  CC       test-sys_wait.o
  CCLD     test-sys_wait
  CC       test-thread_self.o
  CCLD     test-thread_self
  CC       test-thread_create.o
  CCLD     test-thread_create
  CC       test-time.o
  CCLD     test-time
  CC       test-timespec.o
  CCLD     test-timespec
  CC       test-unistd.o
  CCLD     test-unistd
  CC       unistr/test-u8-mbtoucr.o
  CCLD     test-u8-mbtoucr
  CC       unistr/test-u8-uctomb.o
  CCLD     test-u8-uctomb
  CC       uniwidth/test-uc_width.o
  CCLD     test-uc_width
  CC       uniwidth/test-uc_width2.o
  CCLD     test-uc_width2
  CC       test-unsetenv.o
  CCLD     test-unsetenv
  CC       test-vasnprintf.o
  CCLD     test-vasnprintf
  CC       test-vasprintf.o
  CCLD     test-vasprintf
  CC       test-verify.o
  CCLD     test-verify
  CC       test-version-etc.o
  CCLD     test-version-etc
  CC       test-wchar.o
  CCLD     test-wchar
  CC       test-wcrtomb.o
  CCLD     test-wcrtomb
  CC       test-wcrtomb-w32.o
  CCLD     test-wcrtomb-w32
  CC       test-wctype-h.o
  CCLD     test-wctype-h
  CC       test-wcwidth.o
  CCLD     test-wcwidth
  CC       test-xalloc-die.o
  CCLD     test-xalloc-die
  CC       test-xstdopen.o
  CCLD     test-xstdopen
  CC       test-xstrtoimax.o
  CCLD     test-xstrtoimax
  CC       test-xstrtol.o
  CCLD     test-xstrtol
  CC       test-xstrtoul.o
  CCLD     test-xstrtoul
  CC       test-xvasprintf.o
  CCLD     test-xvasprintf
make[4]: 'libtests.a' is up to date.
make[4]: Leaving directory '/usr/oppai/base/diffutils-3.8/build/gnulib-tests'
make  check-TESTS
make[4]: Entering directory '/usr/oppai/base/diffutils-3.8/build/gnulib-tests'
make[5]: Entering directory '/usr/oppai/base/diffutils-3.8/build/gnulib-tests'
PASS: test-accept
PASS: test-alloca-opt
PASS: test-areadlink
PASS: test-argmatch
PASS: test-arpa_inet
PASS: test-binary-io.sh
PASS: test-bind
PASS: test-bitrotate
SKIP: test-btowc1.sh
SKIP: test-btowc2.sh
PASS: test-c-ctype
PASS: test-c-stack.sh
PASS: test-c-stack2.sh
PASS: test-c-strcase.sh
PASS: test-calloc-gnu
PASS: test-cloexec
PASS: test-close
PASS: test-connect
PASS: test-ctype
PASS: test-dirname
PASS: test-dup2
PASS: test-dynarray
PASS: test-environ
PASS: test-errno
PASS: test-exclude1.sh
PASS: test-exclude2.sh
PASS: test-exclude3.sh
PASS: test-exclude4.sh
PASS: test-exclude5.sh
PASS: test-exclude6.sh
PASS: test-exclude7.sh
PASS: test-exclude8.sh
PASS: test-fcntl-h
PASS: test-fcntl
PASS: test-fdopen
PASS: test-fgetc
PASS: test-filenamecat
PASS: test-float
PASS: test-fnmatch-h
PASS: test-fnmatch
PASS: test-fopen-gnu
PASS: test-fopen
PASS: test-fputc
PASS: test-fread
PASS: test-free
PASS: test-freopen
PASS: test-fstat
PASS: test-ftruncate.sh
PASS: test-fwrite
PASS: test-getcwd-lgpl
PASS: test-getdtablesize
PASS: test-getopt-gnu
PASS: test-getopt-posix
PASS: test-getprogname
PASS: test-getrandom
PASS: test-gettimeofday
PASS: test-hard-locale
PASS: test-hash
PASS: test-iconv-h
PASS: test-iconv
PASS: test-ignore-value
PASS: test-inet_pton
PASS: test-intprops
PASS: test-inttostr
PASS: test-inttypes
PASS: test-ioctl
PASS: test-isblank
PASS: test-iswblank
PASS: test-iswdigit.sh
PASS: test-iswxdigit.sh
PASS: test-langinfo
PASS: test-limits-h
PASS: test-listen
PASS: test-locale
PASS: test-localeconv
PASS: test-lstat
PASS: test-malloc-gnu
PASS: test-malloca
SKIP: test-mbrtowc1.sh
SKIP: test-mbrtowc2.sh
SKIP: test-mbrtowc3.sh
SKIP: test-mbrtowc4.sh
PASS: test-mbrtowc5.sh
SKIP: test-mbrtowc-w32-1.sh
SKIP: test-mbrtowc-w32-2.sh
SKIP: test-mbrtowc-w32-3.sh
SKIP: test-mbrtowc-w32-4.sh
SKIP: test-mbrtowc-w32-5.sh
SKIP: test-mbrtowc-w32-6.sh
SKIP: test-mbrtowc-w32-7.sh
SKIP: test-mbscasecmp.sh
SKIP: test-mbsinit.sh
SKIP: test-mbsrtowcs1.sh
SKIP: test-mbsrtowcs2.sh
SKIP: test-mbsrtowcs3.sh
SKIP: test-mbsrtowcs4.sh
PASS: test-mbsstr1
SKIP: test-mbsstr2.sh
SKIP: test-mbsstr3.sh
PASS: test-memchr
PASS: test-mkdir
PASS: test-nanosleep
PASS: test-netinet_in
PASS: test-nl_langinfo.sh
PASS: test-nl_langinfo-mt
PASS: test-nstrftime
PASS: test-open
PASS: test-pathmax
PASS: test-perror.sh
PASS: test-perror2
PASS: test-pipe
PASS: test-pthread
PASS: test-pthread-thread
PASS: test-pthread_sigmask1
PASS: test-pthread_sigmask2
PASS: test-quotearg-simple
PASS: test-raise
PASS: test-rawmemchr
PASS: test-readlink
PASS: test-realloc-gnu
PASS: test-reallocarray
PASS: test-regex
PASS: test-sched
PASS: test-select
PASS: test-select-in.sh
PASS: test-select-out.sh
PASS: test-setenv
PASS: test-setlocale_null
PASS: test-setlocale_null-mt-one
PASS: test-setlocale_null-mt-all
PASS: test-setsockopt
PASS: test-sh-quote
PASS: test-sigaction
PASS: test-signal-h
PASS: test-sigprocmask
PASS: test-sigsegv-catch-segv1
PASS: test-sigsegv-catch-segv2
PASS: test-sigsegv-catch-stackoverflow1
PASS: test-sigsegv-catch-stackoverflow2
PASS: test-sleep
PASS: test-snprintf
PASS: test-sockets
PASS: test-stat
PASS: test-stat-time
PASS: test-stdalign
PASS: test-stdbool
PASS: test-stddef
PASS: test-stdint
PASS: test-stdio
PASS: test-stdlib
PASS: test-strerror
PASS: test-strerror_r
PASS: test-striconv
PASS: test-string
PASS: test-strings
PASS: test-strnlen
PASS: test-strtoimax
PASS: test-strtoll
PASS: test-symlink
PASS: test-sys_ioctl
PASS: test-sys_random
PASS: test-sys_select
PASS: test-sys_socket
PASS: test-sys_stat
PASS: test-sys_time
PASS: test-sys_types
PASS: test-sys_uio
PASS: test-sys_wait
PASS: test-init.sh
PASS: test-thread_self
PASS: test-thread_create
PASS: test-time
PASS: test-timespec
PASS: test-unistd
PASS: test-u8-mbtoucr
PASS: test-u8-uctomb
PASS: test-uc_width
PASS: uniwidth/test-uc_width2.sh
PASS: test-unsetenv
PASS: test-update-copyright.sh
PASS: test-vasnprintf
PASS: test-vasprintf
SKIP: test-vc-list-files-git.sh
SKIP: test-vc-list-files-cvs.sh
PASS: test-verify
PASS: test-verify.sh
PASS: test-version-etc.sh
PASS: test-wchar
PASS: test-wcrtomb.sh
SKIP: test-wcrtomb-w32-1.sh
SKIP: test-wcrtomb-w32-2.sh
SKIP: test-wcrtomb-w32-3.sh
SKIP: test-wcrtomb-w32-4.sh
SKIP: test-wcrtomb-w32-5.sh
SKIP: test-wcrtomb-w32-6.sh
SKIP: test-wcrtomb-w32-7.sh
PASS: test-wctype-h
PASS: test-wcwidth
PASS: test-xalloc-die.sh
PASS: test-xstdopen.sh
PASS: test-xstrtoimax.sh
PASS: test-xstrtol.sh
PASS: test-xvasprintf
============================================================================
Testsuite summary for GNU diffutils 3.8
============================================================================
# TOTAL: 203
# PASS:  173
# SKIP:  30
# XFAIL: 0
# FAIL:  0
# XPASS: 0
# ERROR: 0
============================================================================
make[5]: Leaving directory '/usr/oppai/base/diffutils-3.8/build/gnulib-tests'
make[4]: Leaving directory '/usr/oppai/base/diffutils-3.8/build/gnulib-tests'
make[3]: Leaving directory '/usr/oppai/base/diffutils-3.8/build/gnulib-tests'
make[2]: Leaving directory '/usr/oppai/base/diffutils-3.8/build/gnulib-tests'
make[1]: Leaving directory '/usr/oppai/base/diffutils-3.8/build/gnulib-tests'
make[1]: Entering directory '/usr/oppai/base/diffutils-3.8/build'
make[1]: Nothing to be done for 'check-am'.
make[1]: Leaving directory '/usr/oppai/base/diffutils-3.8/build'
  GEN      public-submodule-commit
