  GEN      public-submodule-commit
make  check-recursive
make[1]: Entering directory '/usr/oppai/base/gzip-1.11/build'
Making check in lib
make[2]: Entering directory '/usr/oppai/base/gzip-1.11/build/lib'
make  check-am
make[3]: Entering directory '/usr/oppai/base/gzip-1.11/build/lib'
make[3]: Nothing to be done for 'check-am'.
make[3]: Leaving directory '/usr/oppai/base/gzip-1.11/build/lib'
make[2]: Leaving directory '/usr/oppai/base/gzip-1.11/build/lib'
Making check in doc
make[2]: Entering directory '/usr/oppai/base/gzip-1.11/build/doc'
make[2]: Nothing to be done for 'check'.
make[2]: Leaving directory '/usr/oppai/base/gzip-1.11/build/doc'
Making check in .
make[2]: Entering directory '/usr/oppai/base/gzip-1.11/build'
make  check-local
make[3]: Entering directory '/usr/oppai/base/gzip-1.11/build'
  GEN      gzip.doc.gz
  GEN      check-local
make[3]: Leaving directory '/usr/oppai/base/gzip-1.11/build'
make[2]: Leaving directory '/usr/oppai/base/gzip-1.11/build'
Making check in tests
make[2]: Entering directory '/usr/oppai/base/gzip-1.11/build/tests'
make  check-TESTS
make[3]: Entering directory '/usr/oppai/base/gzip-1.11/build/tests'
make[4]: Entering directory '/usr/oppai/base/gzip-1.11/build/tests'
PASS: gzip-env
PASS: helin-segv
PASS: help-version
PASS: hufts
PASS: keep
PASS: list
PASS: memcpy-abuse
PASS: mixed
PASS: null-suffix-clobber
PASS: reproducible
PASS: stdin
PASS: timestamp
PASS: two-files
PASS: trailing-nul
PASS: unpack-invalid
PASS: unpack-valid
PASS: upper-suffix
PASS: z-suffix
PASS: zdiff
PASS: zgrep-f
PASS: zgrep-context
PASS: zgrep-signal
PASS: znew-k
============================================================================
Testsuite summary for gzip 1.11
============================================================================
# TOTAL: 23
# PASS:  23
# SKIP:  0
# XFAIL: 0
# FAIL:  0
# XPASS: 0
# ERROR: 0
============================================================================
make[4]: Leaving directory '/usr/oppai/base/gzip-1.11/build/tests'
make[3]: Leaving directory '/usr/oppai/base/gzip-1.11/build/tests'
make[2]: Leaving directory '/usr/oppai/base/gzip-1.11/build/tests'
make[1]: Leaving directory '/usr/oppai/base/gzip-1.11/build'
